2023-03-09 16:33:56 [31merror[39m: [31munhandledRejection: Cannot read properties of undefined (reading 'sendMail')[39m
[31mTypeError: Cannot read properties of undefined (reading 'sendMail')[39m
[31m    at MailService.<anonymous> (C:\Users\KUYE_HARRY\Desktop\COOK\EventBookingApi\source\service\mailing.ts:53:14)[39m
[31m    at Generator.next (<anonymous>)[39m
[31m    at C:\Users\KUYE_HARRY\Desktop\COOK\EventBookingApi\source\service\mailing.ts:8:71[39m
[31m    at new Promise (<anonymous>)[39m
[31m    at __awaiter (C:\Users\KUYE_HARRY\Desktop\COOK\EventBookingApi\source\service\mailing.ts:4:12)[39m
[31m    at MailService.sendMail (C:\Users\KUYE_HARRY\Desktop\COOK\EventBookingApi\source\service\mailing.ts:57:16)[39m
[31m    at C:\Users\KUYE_HARRY\Desktop\COOK\EventBookingApi\source\app.ts:16:23[39m
[31m    at Generator.next (<anonymous>)[39m
[31m    at C:\Users\KUYE_HARRY\Desktop\COOK\EventBookingApi\source\app.ts:8:71[39m
[31m    at new Promise (<anonymous>)[39m
2023-03-09 16:33:56 [31merror[39m: [31munhandledRejection: Cannot read properties of undefined (reading 'sendMail')[39m
[31mTypeError: Cannot read properties of undefined (reading 'sendMail')[39m
[31m    at MailService.<anonymous> (C:\Users\KUYE_HARRY\Desktop\COOK\EventBookingApi\source\service\mailing.ts:53:14)[39m
[31m    at Generator.next (<anonymous>)[39m
[31m    at C:\Users\KUYE_HARRY\Desktop\COOK\EventBookingApi\source\service\mailing.ts:8:71[39m
[31m    at new Promise (<anonymous>)[39m
[31m    at __awaiter (C:\Users\KUYE_HARRY\Desktop\COOK\EventBookingApi\source\service\mailing.ts:4:12)[39m
[31m    at MailService.sendMail (C:\Users\KUYE_HARRY\Desktop\COOK\EventBookingApi\source\service\mailing.ts:57:16)[39m
[31m    at C:\Users\KUYE_HARRY\Desktop\COOK\EventBookingApi\source\app.ts:16:23[39m
[31m    at Generator.next (<anonymous>)[39m
[31m    at C:\Users\KUYE_HARRY\Desktop\COOK\EventBookingApi\source\app.ts:8:71[39m
[31m    at new Promise (<anonymous>)[39m
2023-03-12 04:09:49 [31merror[39m: [31munhandledRejection: Cannot read properties of undefined (reading 'sendMail')[39m
[31mTypeError: Cannot read properties of undefined (reading 'sendMail')[39m
[31m    at Function.<anonymous> (C:\Users\KUYE_HARRY\Desktop\COOK\EventBookingApi\source\service\mailing.ts:40:14)[39m
[31m    at Generator.next (<anonymous>)[39m
[31m    at C:\Users\KUYE_HARRY\Desktop\COOK\EventBookingApi\source\service\mailing.ts:8:71[39m
[31m    at new Promise (<anonymous>)[39m
[31m    at __awaiter (C:\Users\KUYE_HARRY\Desktop\COOK\EventBookingApi\source\service\mailing.ts:4:12)[39m
[31m    at Function.sendMail (C:\Users\KUYE_HARRY\Desktop\COOK\EventBookingApi\source\service\mailing.ts:44:16)[39m
[31m    at C:\Users\KUYE_HARRY\Desktop\COOK\EventBookingApi\source\app.ts:18:17[39m
[31m    at Layer.handle [as handle_request] (C:\Users\KUYE_HARRY\Desktop\COOK\EventBookingApi\node_modules\express\lib\router\layer.js:95:5)[39m
[31m    at trim_prefix (C:\Users\KUYE_HARRY\Desktop\COOK\EventBookingApi\node_modules\express\lib\router\index.js:328:13)[39m
[31m    at C:\Users\KUYE_HARRY\Desktop\COOK\EventBookingApi\node_modules\express\lib\router\index.js:286:9[39m
2023-03-12 04:09:49 [31merror[39m: [31munhandledRejection: Cannot read properties of undefined (reading 'sendMail')[39m
[31mTypeError: Cannot read properties of undefined (reading 'sendMail')[39m
[31m    at Function.<anonymous> (C:\Users\KUYE_HARRY\Desktop\COOK\EventBookingApi\source\service\mailing.ts:40:14)[39m
[31m    at Generator.next (<anonymous>)[39m
[31m    at C:\Users\KUYE_HARRY\Desktop\COOK\EventBookingApi\source\service\mailing.ts:8:71[39m
[31m    at new Promise (<anonymous>)[39m
[31m    at __awaiter (C:\Users\KUYE_HARRY\Desktop\COOK\EventBookingApi\source\service\mailing.ts:4:12)[39m
[31m    at Function.sendMail (C:\Users\KUYE_HARRY\Desktop\COOK\EventBookingApi\source\service\mailing.ts:44:16)[39m
[31m    at C:\Users\KUYE_HARRY\Desktop\COOK\EventBookingApi\source\app.ts:18:17[39m
[31m    at Layer.handle [as handle_request] (C:\Users\KUYE_HARRY\Desktop\COOK\EventBookingApi\node_modules\express\lib\router\layer.js:95:5)[39m
[31m    at trim_prefix (C:\Users\KUYE_HARRY\Desktop\COOK\EventBookingApi\node_modules\express\lib\router\index.js:328:13)[39m
[31m    at C:\Users\KUYE_HARRY\Desktop\COOK\EventBookingApi\node_modules\express\lib\router\index.js:286:9[39m
2023-03-12 04:11:45 [31merror[39m: [31munhandledRejection: Cannot read properties of undefined (reading 'sendMail')[39m
[31mTypeError: Cannot read properties of undefined (reading 'sendMail')[39m
[31m    at Function.<anonymous> (C:\Users\KUYE_HARRY\Desktop\COOK\EventBookingApi\source\service\mailing.ts:40:14)[39m
[31m    at Generator.next (<anonymous>)[39m
[31m    at C:\Users\KUYE_HARRY\Desktop\COOK\EventBookingApi\source\service\mailing.ts:8:71[39m
[31m    at new Promise (<anonymous>)[39m
[31m    at __awaiter (C:\Users\KUYE_HARRY\Desktop\COOK\EventBookingApi\source\service\mailing.ts:4:12)[39m
[31m    at Function.sendMail (C:\Users\KUYE_HARRY\Desktop\COOK\EventBookingApi\source\service\mailing.ts:44:16)[39m
[31m    at C:\Users\KUYE_HARRY\Desktop\COOK\EventBookingApi\source\app.ts:18:39[39m
[31m    at Generator.next (<anonymous>)[39m
[31m    at C:\Users\KUYE_HARRY\Desktop\COOK\EventBookingApi\source\app.ts:8:71[39m
[31m    at new Promise (<anonymous>)[39m
2023-03-12 04:11:45 [31merror[39m: [31munhandledRejection: Cannot read properties of undefined (reading 'sendMail')[39m
[31mTypeError: Cannot read properties of undefined (reading 'sendMail')[39m
[31m    at Function.<anonymous> (C:\Users\KUYE_HARRY\Desktop\COOK\EventBookingApi\source\service\mailing.ts:40:14)[39m
[31m    at Generator.next (<anonymous>)[39m
[31m    at C:\Users\KUYE_HARRY\Desktop\COOK\EventBookingApi\source\service\mailing.ts:8:71[39m
[31m    at new Promise (<anonymous>)[39m
[31m    at __awaiter (C:\Users\KUYE_HARRY\Desktop\COOK\EventBookingApi\source\service\mailing.ts:4:12)[39m
[31m    at Function.sendMail (C:\Users\KUYE_HARRY\Desktop\COOK\EventBookingApi\source\service\mailing.ts:44:16)[39m
[31m    at C:\Users\KUYE_HARRY\Desktop\COOK\EventBookingApi\source\app.ts:18:39[39m
[31m    at Generator.next (<anonymous>)[39m
[31m    at C:\Users\KUYE_HARRY\Desktop\COOK\EventBookingApi\source\app.ts:8:71[39m
[31m    at new Promise (<anonymous>)[39m
2023-03-12 04:22:23 [31merror[39m: [31munhandledRejection: Cannot read properties of undefined (reading 'sendMail')[39m
[31mTypeError: Cannot read properties of undefined (reading 'sendMail')[39m
[31m    at MailService.<anonymous> (C:\Users\KUYE_HARRY\Desktop\COOK\EventBookingApi\source\service\mailing.ts:48:14)[39m
[31m    at Generator.next (<anonymous>)[39m
[31m    at C:\Users\KUYE_HARRY\Desktop\COOK\EventBookingApi\source\service\mailing.ts:8:71[39m
[31m    at new Promise (<anonymous>)[39m
[31m    at __awaiter (C:\Users\KUYE_HARRY\Desktop\COOK\EventBookingApi\source\service\mailing.ts:4:12)[39m
[31m    at MailService.sendMail (C:\Users\KUYE_HARRY\Desktop\COOK\EventBookingApi\source\service\mailing.ts:52:16)[39m
[31m    at C:\Users\KUYE_HARRY\Desktop\COOK\EventBookingApi\source\app.ts:19:32[39m
[31m    at Generator.next (<anonymous>)[39m
[31m    at C:\Users\KUYE_HARRY\Desktop\COOK\EventBookingApi\source\app.ts:8:71[39m
[31m    at new Promise (<anonymous>)[39m
2023-03-12 04:22:23 [31merror[39m: [31munhandledRejection: Cannot read properties of undefined (reading 'sendMail')[39m
[31mTypeError: Cannot read properties of undefined (reading 'sendMail')[39m
[31m    at MailService.<anonymous> (C:\Users\KUYE_HARRY\Desktop\COOK\EventBookingApi\source\service\mailing.ts:48:14)[39m
[31m    at Generator.next (<anonymous>)[39m
[31m    at C:\Users\KUYE_HARRY\Desktop\COOK\EventBookingApi\source\service\mailing.ts:8:71[39m
[31m    at new Promise (<anonymous>)[39m
[31m    at __awaiter (C:\Users\KUYE_HARRY\Desktop\COOK\EventBookingApi\source\service\mailing.ts:4:12)[39m
[31m    at MailService.sendMail (C:\Users\KUYE_HARRY\Desktop\COOK\EventBookingApi\source\service\mailing.ts:52:16)[39m
[31m    at C:\Users\KUYE_HARRY\Desktop\COOK\EventBookingApi\source\app.ts:19:32[39m
[31m    at Generator.next (<anonymous>)[39m
[31m    at C:\Users\KUYE_HARRY\Desktop\COOK\EventBookingApi\source\app.ts:8:71[39m
[31m    at new Promise (<anonymous>)[39m
2023-03-12 04:24:29 [31merror[39m: [31munhandledRejection: Unable to send email. Your SMTP account is not yet activated. Please contact us at contact@sendinblue.com to request activation (code: permission_denied, statusCode: 403)[39m
[31mError: Unable to send email. Your SMTP account is not yet activated. Please contact us at contact@sendinblue.com to request activation (code: permission_denied, statusCode: 403)[39m
[31m    at IncomingMessage.<anonymous> (C:\Users\KUYE_HARRY\Desktop\COOK\EventBookingApi\node_modules\nodemailer-sendinblue-transport\lib\transport.js:193:33)[39m
[31m    at IncomingMessage.emit (node:events:525:35)[39m
[31m    at IncomingMessage.emit (node:domain:489:12)[39m
[31m    at endReadableNT (node:internal/streams/readable:1359:12)[39m
[31m    at processTicksAndRejections (node:internal/process/task_queues:82:21)[39m
2023-03-12 04:24:29 [31merror[39m: [31munhandledRejection: Unable to send email. Your SMTP account is not yet activated. Please contact us at contact@sendinblue.com to request activation (code: permission_denied, statusCode: 403)[39m
[31mError: Unable to send email. Your SMTP account is not yet activated. Please contact us at contact@sendinblue.com to request activation (code: permission_denied, statusCode: 403)[39m
[31m    at IncomingMessage.<anonymous> (C:\Users\KUYE_HARRY\Desktop\COOK\EventBookingApi\node_modules\nodemailer-sendinblue-transport\lib\transport.js:193:33)[39m
[31m    at IncomingMessage.emit (node:events:525:35)[39m
[31m    at IncomingMessage.emit (node:domain:489:12)[39m
[31m    at endReadableNT (node:internal/streams/readable:1359:12)[39m
[31m    at processTicksAndRejections (node:internal/process/task_queues:82:21)[39m
2023-03-12 04:25:33 [31merror[39m: [31munhandledRejection: Unable to send email. Your SMTP account is not yet activated. Please contact us at contact@sendinblue.com to request activation (code: permission_denied, statusCode: 403)[39m
[31mError: Unable to send email. Your SMTP account is not yet activated. Please contact us at contact@sendinblue.com to request activation (code: permission_denied, statusCode: 403)[39m
[31m    at IncomingMessage.<anonymous> (C:\Users\KUYE_HARRY\Desktop\COOK\EventBookingApi\node_modules\nodemailer-sendinblue-transport\lib\transport.js:193:33)[39m
[31m    at IncomingMessage.emit (node:events:525:35)[39m
[31m    at IncomingMessage.emit (node:domain:489:12)[39m
[31m    at endReadableNT (node:internal/streams/readable:1359:12)[39m
[31m    at processTicksAndRejections (node:internal/process/task_queues:82:21)[39m
2023-03-12 04:25:33 [31merror[39m: [31munhandledRejection: Unable to send email. Your SMTP account is not yet activated. Please contact us at contact@sendinblue.com to request activation (code: permission_denied, statusCode: 403)[39m
[31mError: Unable to send email. Your SMTP account is not yet activated. Please contact us at contact@sendinblue.com to request activation (code: permission_denied, statusCode: 403)[39m
[31m    at IncomingMessage.<anonymous> (C:\Users\KUYE_HARRY\Desktop\COOK\EventBookingApi\node_modules\nodemailer-sendinblue-transport\lib\transport.js:193:33)[39m
[31m    at IncomingMessage.emit (node:events:525:35)[39m
[31m    at IncomingMessage.emit (node:domain:489:12)[39m
[31m    at endReadableNT (node:internal/streams/readable:1359:12)[39m
[31m    at processTicksAndRejections (node:internal/process/task_queues:82:21)[39m
2023-03-12 04:27:17 [31merror[39m: [31munhandledRejection: Unable to send email. Your SMTP account is not yet activated. Please contact us at contact@sendinblue.com to request activation (code: permission_denied, statusCode: 403)[39m
[31mError: Unable to send email. Your SMTP account is not yet activated. Please contact us at contact@sendinblue.com to request activation (code: permission_denied, statusCode: 403)[39m
[31m    at IncomingMessage.<anonymous> (C:\Users\KUYE_HARRY\Desktop\COOK\EventBookingApi\node_modules\nodemailer-sendinblue-transport\lib\transport.js:193:33)[39m
[31m    at IncomingMessage.emit (node:events:525:35)[39m
[31m    at IncomingMessage.emit (node:domain:489:12)[39m
[31m    at endReadableNT (node:internal/streams/readable:1359:12)[39m
[31m    at processTicksAndRejections (node:internal/process/task_queues:82:21)[39m
2023-03-12 04:27:17 [31merror[39m: [31munhandledRejection: Unable to send email. Your SMTP account is not yet activated. Please contact us at contact@sendinblue.com to request activation (code: permission_denied, statusCode: 403)[39m
[31mError: Unable to send email. Your SMTP account is not yet activated. Please contact us at contact@sendinblue.com to request activation (code: permission_denied, statusCode: 403)[39m
[31m    at IncomingMessage.<anonymous> (C:\Users\KUYE_HARRY\Desktop\COOK\EventBookingApi\node_modules\nodemailer-sendinblue-transport\lib\transport.js:193:33)[39m
[31m    at IncomingMessage.emit (node:events:525:35)[39m
[31m    at IncomingMessage.emit (node:domain:489:12)[39m
[31m    at endReadableNT (node:internal/streams/readable:1359:12)[39m
[31m    at processTicksAndRejections (node:internal/process/task_queues:82:21)[39m
2023-03-12 04:29:21 [31merror[39m: [31munhandledRejection: Unable to send email. Your SMTP account is not yet activated. Please contact us at contact@sendinblue.com to request activation (code: permission_denied, statusCode: 403)[39m
[31mError: Unable to send email. Your SMTP account is not yet activated. Please contact us at contact@sendinblue.com to request activation (code: permission_denied, statusCode: 403)[39m
[31m    at IncomingMessage.<anonymous> (C:\Users\KUYE_HARRY\Desktop\COOK\EventBookingApi\node_modules\nodemailer-sendinblue-transport\lib\transport.js:193:33)[39m
[31m    at IncomingMessage.emit (node:events:525:35)[39m
[31m    at IncomingMessage.emit (node:domain:489:12)[39m
[31m    at endReadableNT (node:internal/streams/readable:1359:12)[39m
[31m    at processTicksAndRejections (node:internal/process/task_queues:82:21)[39m
2023-03-12 04:29:21 [31merror[39m: [31munhandledRejection: Unable to send email. Your SMTP account is not yet activated. Please contact us at contact@sendinblue.com to request activation (code: permission_denied, statusCode: 403)[39m
[31mError: Unable to send email. Your SMTP account is not yet activated. Please contact us at contact@sendinblue.com to request activation (code: permission_denied, statusCode: 403)[39m
[31m    at IncomingMessage.<anonymous> (C:\Users\KUYE_HARRY\Desktop\COOK\EventBookingApi\node_modules\nodemailer-sendinblue-transport\lib\transport.js:193:33)[39m
[31m    at IncomingMessage.emit (node:events:525:35)[39m
[31m    at IncomingMessage.emit (node:domain:489:12)[39m
[31m    at endReadableNT (node:internal/streams/readable:1359:12)[39m
[31m    at processTicksAndRejections (node:internal/process/task_queues:82:21)[39m
2023-03-16 01:34:06 [31merror[39m: [31munhandledRejection: ENOENT: no such file or directory, unlink[39m
[31mError: ENOENT: no such file or directory, unlink[39m
[31m    at unlinkSync (node:fs:1780:3)[39m
[31m    at Cloudinary.<anonymous> (C:\Users\KUYE_HARRY\Desktop\COOK\EventBookingApi\source\service\cloudinary.ts:31:23)[39m
[31m    at Generator.next (<anonymous>)[39m
[31m    at C:\Users\KUYE_HARRY\Desktop\COOK\EventBookingApi\source\service\cloudinary.ts:8:71[39m
[31m    at new Promise (<anonymous>)[39m
[31m    at __awaiter (C:\Users\KUYE_HARRY\Desktop\COOK\EventBookingApi\source\service\cloudinary.ts:4:12)[39m
[31m    at Cloudinary.uploadImage (C:\Users\KUYE_HARRY\Desktop\COOK\EventBookingApi\source\service\cloudinary.ts:24:16)[39m
[31m    at C:\Users\KUYE_HARRY\Desktop\COOK\EventBookingApi\source\controllers\Events.ts:93:55[39m
[31m    at Generator.next (<anonymous>)[39m
[31m    at C:\Users\KUYE_HARRY\Desktop\COOK\EventBookingApi\source\controllers\Events.ts:8:71[39m
2023-03-16 01:34:06 [31merror[39m: [31munhandledRejection: ENOENT: no such file or directory, unlink[39m
[31mError: ENOENT: no such file or directory, unlink[39m
[31m    at unlinkSync (node:fs:1780:3)[39m
[31m    at Cloudinary.<anonymous> (C:\Users\KUYE_HARRY\Desktop\COOK\EventBookingApi\source\service\cloudinary.ts:31:23)[39m
[31m    at Generator.next (<anonymous>)[39m
[31m    at C:\Users\KUYE_HARRY\Desktop\COOK\EventBookingApi\source\service\cloudinary.ts:8:71[39m
[31m    at new Promise (<anonymous>)[39m
[31m    at __awaiter (C:\Users\KUYE_HARRY\Desktop\COOK\EventBookingApi\source\service\cloudinary.ts:4:12)[39m
[31m    at Cloudinary.uploadImage (C:\Users\KUYE_HARRY\Desktop\COOK\EventBookingApi\source\service\cloudinary.ts:24:16)[39m
[31m    at C:\Users\KUYE_HARRY\Desktop\COOK\EventBookingApi\source\controllers\Events.ts:93:55[39m
[31m    at Generator.next (<anonymous>)[39m
[31m    at C:\Users\KUYE_HARRY\Desktop\COOK\EventBookingApi\source\controllers\Events.ts:8:71[39m
2023-03-16 01:49:33 [31merror[39m: [31munhandledRejection: Internal Server Error[39m
[31mError: Internal Server Error[39m
[31m    at Cloudinary.<anonymous> (C:\Users\KUYE_HARRY\Desktop\COOK\EventBookingApi\source\service\cloudinary.ts:32:19)[39m
[31m    at Generator.next (<anonymous>)[39m
[31m    at C:\Users\KUYE_HARRY\Desktop\COOK\EventBookingApi\source\service\cloudinary.ts:8:71[39m
[31m    at new Promise (<anonymous>)[39m
[31m    at __awaiter (C:\Users\KUYE_HARRY\Desktop\COOK\EventBookingApi\source\service\cloudinary.ts:4:12)[39m
[31m    at Cloudinary.uploadImage (C:\Users\KUYE_HARRY\Desktop\COOK\EventBookingApi\source\service\cloudinary.ts:24:16)[39m
[31m    at C:\Users\KUYE_HARRY\Desktop\COOK\EventBookingApi\source\controllers\Events.ts:93:55[39m
[31m    at Generator.next (<anonymous>)[39m
[31m    at C:\Users\KUYE_HARRY\Desktop\COOK\EventBookingApi\source\controllers\Events.ts:8:71[39m
[31m    at new Promise (<anonymous>)[39m
2023-03-16 01:49:33 [31merror[39m: [31munhandledRejection: Internal Server Error[39m
[31mError: Internal Server Error[39m
[31m    at Cloudinary.<anonymous> (C:\Users\KUYE_HARRY\Desktop\COOK\EventBookingApi\source\service\cloudinary.ts:32:19)[39m
[31m    at Generator.next (<anonymous>)[39m
[31m    at C:\Users\KUYE_HARRY\Desktop\COOK\EventBookingApi\source\service\cloudinary.ts:8:71[39m
[31m    at new Promise (<anonymous>)[39m
[31m    at __awaiter (C:\Users\KUYE_HARRY\Desktop\COOK\EventBookingApi\source\service\cloudinary.ts:4:12)[39m
[31m    at Cloudinary.uploadImage (C:\Users\KUYE_HARRY\Desktop\COOK\EventBookingApi\source\service\cloudinary.ts:24:16)[39m
[31m    at C:\Users\KUYE_HARRY\Desktop\COOK\EventBookingApi\source\controllers\Events.ts:93:55[39m
[31m    at Generator.next (<anonymous>)[39m
[31m    at C:\Users\KUYE_HARRY\Desktop\COOK\EventBookingApi\source\controllers\Events.ts:8:71[39m
[31m    at new Promise (<anonymous>)[39m
2023-03-16 01:50:23 [31merror[39m: [31munhandledRejection: Internal Server Error[39m
[31mError: Internal Server Error[39m
[31m    at Cloudinary.<anonymous> (C:\Users\KUYE_HARRY\Desktop\COOK\EventBookingApi\source\service\cloudinary.ts:32:19)[39m
[31m    at Generator.next (<anonymous>)[39m
[31m    at C:\Users\KUYE_HARRY\Desktop\COOK\EventBookingApi\source\service\cloudinary.ts:8:71[39m
[31m    at new Promise (<anonymous>)[39m
[31m    at __awaiter (C:\Users\KUYE_HARRY\Desktop\COOK\EventBookingApi\source\service\cloudinary.ts:4:12)[39m
[31m    at Cloudinary.uploadImage (C:\Users\KUYE_HARRY\Desktop\COOK\EventBookingApi\source\service\cloudinary.ts:24:16)[39m
[31m    at C:\Users\KUYE_HARRY\Desktop\COOK\EventBookingApi\source\controllers\Events.ts:93:55[39m
[31m    at Generator.next (<anonymous>)[39m
[31m    at C:\Users\KUYE_HARRY\Desktop\COOK\EventBookingApi\source\controllers\Events.ts:8:71[39m
[31m    at new Promise (<anonymous>)[39m
2023-03-16 01:50:23 [31merror[39m: [31munhandledRejection: Internal Server Error[39m
[31mError: Internal Server Error[39m
[31m    at Cloudinary.<anonymous> (C:\Users\KUYE_HARRY\Desktop\COOK\EventBookingApi\source\service\cloudinary.ts:32:19)[39m
[31m    at Generator.next (<anonymous>)[39m
[31m    at C:\Users\KUYE_HARRY\Desktop\COOK\EventBookingApi\source\service\cloudinary.ts:8:71[39m
[31m    at new Promise (<anonymous>)[39m
[31m    at __awaiter (C:\Users\KUYE_HARRY\Desktop\COOK\EventBookingApi\source\service\cloudinary.ts:4:12)[39m
[31m    at Cloudinary.uploadImage (C:\Users\KUYE_HARRY\Desktop\COOK\EventBookingApi\source\service\cloudinary.ts:24:16)[39m
[31m    at C:\Users\KUYE_HARRY\Desktop\COOK\EventBookingApi\source\controllers\Events.ts:93:55[39m
[31m    at Generator.next (<anonymous>)[39m
[31m    at C:\Users\KUYE_HARRY\Desktop\COOK\EventBookingApi\source\controllers\Events.ts:8:71[39m
[31m    at new Promise (<anonymous>)[39m
2023-03-16 01:56:14 [31merror[39m: [31munhandledRejection: Internal Server Error[39m
[31mError: Internal Server Error[39m
[31m    at Cloudinary.<anonymous> (C:\Users\KUYE_HARRY\Desktop\COOK\EventBookingApi\source\service\cloudinary.ts:32:19)[39m
[31m    at Generator.next (<anonymous>)[39m
[31m    at C:\Users\KUYE_HARRY\Desktop\COOK\EventBookingApi\source\service\cloudinary.ts:8:71[39m
[31m    at new Promise (<anonymous>)[39m
[31m    at __awaiter (C:\Users\KUYE_HARRY\Desktop\COOK\EventBookingApi\source\service\cloudinary.ts:4:12)[39m
[31m    at Cloudinary.uploadImage (C:\Users\KUYE_HARRY\Desktop\COOK\EventBookingApi\source\service\cloudinary.ts:24:16)[39m
[31m    at C:\Users\KUYE_HARRY\Desktop\COOK\EventBookingApi\source\controllers\Events.ts:93:55[39m
[31m    at Generator.next (<anonymous>)[39m
[31m    at C:\Users\KUYE_HARRY\Desktop\COOK\EventBookingApi\source\controllers\Events.ts:8:71[39m
[31m    at new Promise (<anonymous>)[39m
2023-03-16 01:56:14 [31merror[39m: [31munhandledRejection: Internal Server Error[39m
[31mError: Internal Server Error[39m
[31m    at Cloudinary.<anonymous> (C:\Users\KUYE_HARRY\Desktop\COOK\EventBookingApi\source\service\cloudinary.ts:32:19)[39m
[31m    at Generator.next (<anonymous>)[39m
[31m    at C:\Users\KUYE_HARRY\Desktop\COOK\EventBookingApi\source\service\cloudinary.ts:8:71[39m
[31m    at new Promise (<anonymous>)[39m
[31m    at __awaiter (C:\Users\KUYE_HARRY\Desktop\COOK\EventBookingApi\source\service\cloudinary.ts:4:12)[39m
[31m    at Cloudinary.uploadImage (C:\Users\KUYE_HARRY\Desktop\COOK\EventBookingApi\source\service\cloudinary.ts:24:16)[39m
[31m    at C:\Users\KUYE_HARRY\Desktop\COOK\EventBookingApi\source\controllers\Events.ts:93:55[39m
[31m    at Generator.next (<anonymous>)[39m
[31m    at C:\Users\KUYE_HARRY\Desktop\COOK\EventBookingApi\source\controllers\Events.ts:8:71[39m
[31m    at new Promise (<anonymous>)[39m
2023-03-16 01:57:38 [31merror[39m: [31munhandledRejection: Internal Server Error[39m
[31mError: Internal Server Error[39m
[31m    at Cloudinary.<anonymous> (C:\Users\KUYE_HARRY\Desktop\COOK\EventBookingApi\source\service\cloudinary.ts:33:19)[39m
[31m    at Generator.next (<anonymous>)[39m
[31m    at C:\Users\KUYE_HARRY\Desktop\COOK\EventBookingApi\source\service\cloudinary.ts:8:71[39m
[31m    at new Promise (<anonymous>)[39m
[31m    at __awaiter (C:\Users\KUYE_HARRY\Desktop\COOK\EventBookingApi\source\service\cloudinary.ts:4:12)[39m
[31m    at Cloudinary.uploadImage (C:\Users\KUYE_HARRY\Desktop\COOK\EventBookingApi\source\service\cloudinary.ts:24:16)[39m
[31m    at C:\Users\KUYE_HARRY\Desktop\COOK\EventBookingApi\source\controllers\Events.ts:93:55[39m
[31m    at Generator.next (<anonymous>)[39m
[31m    at C:\Users\KUYE_HARRY\Desktop\COOK\EventBookingApi\source\controllers\Events.ts:8:71[39m
[31m    at new Promise (<anonymous>)[39m
2023-03-16 01:57:38 [31merror[39m: [31munhandledRejection: Internal Server Error[39m
[31mError: Internal Server Error[39m
[31m    at Cloudinary.<anonymous> (C:\Users\KUYE_HARRY\Desktop\COOK\EventBookingApi\source\service\cloudinary.ts:33:19)[39m
[31m    at Generator.next (<anonymous>)[39m
[31m    at C:\Users\KUYE_HARRY\Desktop\COOK\EventBookingApi\source\service\cloudinary.ts:8:71[39m
[31m    at new Promise (<anonymous>)[39m
[31m    at __awaiter (C:\Users\KUYE_HARRY\Desktop\COOK\EventBookingApi\source\service\cloudinary.ts:4:12)[39m
[31m    at Cloudinary.uploadImage (C:\Users\KUYE_HARRY\Desktop\COOK\EventBookingApi\source\service\cloudinary.ts:24:16)[39m
[31m    at C:\Users\KUYE_HARRY\Desktop\COOK\EventBookingApi\source\controllers\Events.ts:93:55[39m
[31m    at Generator.next (<anonymous>)[39m
[31m    at C:\Users\KUYE_HARRY\Desktop\COOK\EventBookingApi\source\controllers\Events.ts:8:71[39m
[31m    at new Promise (<anonymous>)[39m
2023-03-16 12:24:47 [31merror[39m: [31munhandledRejection: Internal Server Error[39m
[31mError: Internal Server Error[39m
[31m    at Cloudinary.<anonymous> (C:\Users\KUYE_HARRY\Desktop\COOK\EventBookingApi\source\service\cloudinary.ts:33:19)[39m
[31m    at Generator.next (<anonymous>)[39m
[31m    at C:\Users\KUYE_HARRY\Desktop\COOK\EventBookingApi\source\service\cloudinary.ts:8:71[39m
[31m    at new Promise (<anonymous>)[39m
[31m    at __awaiter (C:\Users\KUYE_HARRY\Desktop\COOK\EventBookingApi\source\service\cloudinary.ts:4:12)[39m
[31m    at Cloudinary.uploadImage (C:\Users\KUYE_HARRY\Desktop\COOK\EventBookingApi\source\service\cloudinary.ts:24:16)[39m
[31m    at C:\Users\KUYE_HARRY\Desktop\COOK\EventBookingApi\source\controllers\Events.ts:93:55[39m
[31m    at Generator.next (<anonymous>)[39m
[31m    at C:\Users\KUYE_HARRY\Desktop\COOK\EventBookingApi\source\controllers\Events.ts:8:71[39m
[31m    at new Promise (<anonymous>)[39m
2023-03-16 12:24:47 [31merror[39m: [31munhandledRejection: Internal Server Error[39m
[31mError: Internal Server Error[39m
[31m    at Cloudinary.<anonymous> (C:\Users\KUYE_HARRY\Desktop\COOK\EventBookingApi\source\service\cloudinary.ts:33:19)[39m
[31m    at Generator.next (<anonymous>)[39m
[31m    at C:\Users\KUYE_HARRY\Desktop\COOK\EventBookingApi\source\service\cloudinary.ts:8:71[39m
[31m    at new Promise (<anonymous>)[39m
[31m    at __awaiter (C:\Users\KUYE_HARRY\Desktop\COOK\EventBookingApi\source\service\cloudinary.ts:4:12)[39m
[31m    at Cloudinary.uploadImage (C:\Users\KUYE_HARRY\Desktop\COOK\EventBookingApi\source\service\cloudinary.ts:24:16)[39m
[31m    at C:\Users\KUYE_HARRY\Desktop\COOK\EventBookingApi\source\controllers\Events.ts:93:55[39m
[31m    at Generator.next (<anonymous>)[39m
[31m    at C:\Users\KUYE_HARRY\Desktop\COOK\EventBookingApi\source\controllers\Events.ts:8:71[39m
[31m    at new Promise (<anonymous>)[39m
2023-03-16 13:09:47 [31merror[39m: [31munhandledRejection: Internal Server Error[39m
[31mError: Internal Server Error[39m
[31m    at Cloudinary.<anonymous> (C:\Users\KUYE_HARRY\Desktop\COOK\EventBookingApi\source\service\cloudinary.ts:33:19)[39m
[31m    at Generator.next (<anonymous>)[39m
[31m    at C:\Users\KUYE_HARRY\Desktop\COOK\EventBookingApi\source\service\cloudinary.ts:8:71[39m
[31m    at new Promise (<anonymous>)[39m
[31m    at __awaiter (C:\Users\KUYE_HARRY\Desktop\COOK\EventBookingApi\source\service\cloudinary.ts:4:12)[39m
[31m    at Cloudinary.uploadImage (C:\Users\KUYE_HARRY\Desktop\COOK\EventBookingApi\source\service\cloudinary.ts:24:16)[39m
[31m    at C:\Users\KUYE_HARRY\Desktop\COOK\EventBookingApi\source\controllers\Events.ts:93:55[39m
[31m    at Generator.next (<anonymous>)[39m
[31m    at C:\Users\KUYE_HARRY\Desktop\COOK\EventBookingApi\source\controllers\Events.ts:8:71[39m
[31m    at new Promise (<anonymous>)[39m
2023-03-16 13:09:47 [31merror[39m: [31munhandledRejection: Internal Server Error[39m
[31mError: Internal Server Error[39m
[31m    at Cloudinary.<anonymous> (C:\Users\KUYE_HARRY\Desktop\COOK\EventBookingApi\source\service\cloudinary.ts:33:19)[39m
[31m    at Generator.next (<anonymous>)[39m
[31m    at C:\Users\KUYE_HARRY\Desktop\COOK\EventBookingApi\source\service\cloudinary.ts:8:71[39m
[31m    at new Promise (<anonymous>)[39m
[31m    at __awaiter (C:\Users\KUYE_HARRY\Desktop\COOK\EventBookingApi\source\service\cloudinary.ts:4:12)[39m
[31m    at Cloudinary.uploadImage (C:\Users\KUYE_HARRY\Desktop\COOK\EventBookingApi\source\service\cloudinary.ts:24:16)[39m
[31m    at C:\Users\KUYE_HARRY\Desktop\COOK\EventBookingApi\source\controllers\Events.ts:93:55[39m
[31m    at Generator.next (<anonymous>)[39m
[31m    at C:\Users\KUYE_HARRY\Desktop\COOK\EventBookingApi\source\controllers\Events.ts:8:71[39m
[31m    at new Promise (<anonymous>)[39m
2023-03-16 13:16:54 [31merror[39m: [31munhandledRejection: Internal Server Error[39m
[31mError: Internal Server Error[39m
[31m    at Cloudinary.<anonymous> (C:\Users\KUYE_HARRY\Desktop\COOK\EventBookingApi\source\service\cloudinary.ts:33:19)[39m
[31m    at Generator.next (<anonymous>)[39m
[31m    at C:\Users\KUYE_HARRY\Desktop\COOK\EventBookingApi\source\service\cloudinary.ts:8:71[39m
[31m    at new Promise (<anonymous>)[39m
[31m    at __awaiter (C:\Users\KUYE_HARRY\Desktop\COOK\EventBookingApi\source\service\cloudinary.ts:4:12)[39m
[31m    at Cloudinary.uploadImage (C:\Users\KUYE_HARRY\Desktop\COOK\EventBookingApi\source\service\cloudinary.ts:16:79)[39m
[31m    at C:\Users\KUYE_HARRY\Desktop\COOK\EventBookingApi\source\controllers\Events.ts:95:55[39m
[31m    at Generator.next (<anonymous>)[39m
[31m    at C:\Users\KUYE_HARRY\Desktop\COOK\EventBookingApi\source\controllers\Events.ts:8:71[39m
[31m    at new Promise (<anonymous>)[39m
2023-03-16 13:16:54 [31merror[39m: [31munhandledRejection: Internal Server Error[39m
[31mError: Internal Server Error[39m
[31m    at Cloudinary.<anonymous> (C:\Users\KUYE_HARRY\Desktop\COOK\EventBookingApi\source\service\cloudinary.ts:33:19)[39m
[31m    at Generator.next (<anonymous>)[39m
[31m    at C:\Users\KUYE_HARRY\Desktop\COOK\EventBookingApi\source\service\cloudinary.ts:8:71[39m
[31m    at new Promise (<anonymous>)[39m
[31m    at __awaiter (C:\Users\KUYE_HARRY\Desktop\COOK\EventBookingApi\source\service\cloudinary.ts:4:12)[39m
[31m    at Cloudinary.uploadImage (C:\Users\KUYE_HARRY\Desktop\COOK\EventBookingApi\source\service\cloudinary.ts:16:79)[39m
[31m    at C:\Users\KUYE_HARRY\Desktop\COOK\EventBookingApi\source\controllers\Events.ts:95:55[39m
[31m    at Generator.next (<anonymous>)[39m
[31m    at C:\Users\KUYE_HARRY\Desktop\COOK\EventBookingApi\source\controllers\Events.ts:8:71[39m
[31m    at new Promise (<anonymous>)[39m
2023-03-16 13:17:45 [31merror[39m: [31munhandledRejection: Internal Server Error[39m
[31mError: Internal Server Error[39m
[31m    at Cloudinary.<anonymous> (C:\Users\KUYE_HARRY\Desktop\COOK\EventBookingApi\source\service\cloudinary.ts:33:19)[39m
[31m    at Generator.next (<anonymous>)[39m
[31m    at C:\Users\KUYE_HARRY\Desktop\COOK\EventBookingApi\source\service\cloudinary.ts:8:71[39m
[31m    at new Promise (<anonymous>)[39m
[31m    at __awaiter (C:\Users\KUYE_HARRY\Desktop\COOK\EventBookingApi\source\service\cloudinary.ts:4:12)[39m
[31m    at Cloudinary.uploadImage (C:\Users\KUYE_HARRY\Desktop\COOK\EventBookingApi\source\service\cloudinary.ts:16:79)[39m
[31m    at C:\Users\KUYE_HARRY\Desktop\COOK\EventBookingApi\source\controllers\Events.ts:95:55[39m
[31m    at Generator.next (<anonymous>)[39m
[31m    at C:\Users\KUYE_HARRY\Desktop\COOK\EventBookingApi\source\controllers\Events.ts:8:71[39m
[31m    at new Promise (<anonymous>)[39m
2023-03-16 13:17:45 [31merror[39m: [31munhandledRejection: Internal Server Error[39m
[31mError: Internal Server Error[39m
[31m    at Cloudinary.<anonymous> (C:\Users\KUYE_HARRY\Desktop\COOK\EventBookingApi\source\service\cloudinary.ts:33:19)[39m
[31m    at Generator.next (<anonymous>)[39m
[31m    at C:\Users\KUYE_HARRY\Desktop\COOK\EventBookingApi\source\service\cloudinary.ts:8:71[39m
[31m    at new Promise (<anonymous>)[39m
[31m    at __awaiter (C:\Users\KUYE_HARRY\Desktop\COOK\EventBookingApi\source\service\cloudinary.ts:4:12)[39m
[31m    at Cloudinary.uploadImage (C:\Users\KUYE_HARRY\Desktop\COOK\EventBookingApi\source\service\cloudinary.ts:16:79)[39m
[31m    at C:\Users\KUYE_HARRY\Desktop\COOK\EventBookingApi\source\controllers\Events.ts:95:55[39m
[31m    at Generator.next (<anonymous>)[39m
[31m    at C:\Users\KUYE_HARRY\Desktop\COOK\EventBookingApi\source\controllers\Events.ts:8:71[39m
[31m    at new Promise (<anonymous>)[39m
2023-03-16 13:20:01 [31merror[39m: [31munhandledRejection: Internal Server Error[39m
[31mError: Internal Server Error[39m
[31m    at Cloudinary.<anonymous> (C:\Users\KUYE_HARRY\Desktop\COOK\EventBookingApi\source\service\cloudinary.ts:33:19)[39m
[31m    at Generator.next (<anonymous>)[39m
[31m    at C:\Users\KUYE_HARRY\Desktop\COOK\EventBookingApi\source\service\cloudinary.ts:8:71[39m
[31m    at new Promise (<anonymous>)[39m
[31m    at __awaiter (C:\Users\KUYE_HARRY\Desktop\COOK\EventBookingApi\source\service\cloudinary.ts:4:12)[39m
[31m    at Cloudinary.uploadImage (C:\Users\KUYE_HARRY\Desktop\COOK\EventBookingApi\source\service\cloudinary.ts:16:79)[39m
[31m    at C:\Users\KUYE_HARRY\Desktop\COOK\EventBookingApi\source\controllers\Events.ts:95:55[39m
[31m    at Generator.next (<anonymous>)[39m
[31m    at C:\Users\KUYE_HARRY\Desktop\COOK\EventBookingApi\source\controllers\Events.ts:8:71[39m
[31m    at new Promise (<anonymous>)[39m
2023-03-16 13:20:01 [31merror[39m: [31munhandledRejection: Internal Server Error[39m
[31mError: Internal Server Error[39m
[31m    at Cloudinary.<anonymous> (C:\Users\KUYE_HARRY\Desktop\COOK\EventBookingApi\source\service\cloudinary.ts:33:19)[39m
[31m    at Generator.next (<anonymous>)[39m
[31m    at C:\Users\KUYE_HARRY\Desktop\COOK\EventBookingApi\source\service\cloudinary.ts:8:71[39m
[31m    at new Promise (<anonymous>)[39m
[31m    at __awaiter (C:\Users\KUYE_HARRY\Desktop\COOK\EventBookingApi\source\service\cloudinary.ts:4:12)[39m
[31m    at Cloudinary.uploadImage (C:\Users\KUYE_HARRY\Desktop\COOK\EventBookingApi\source\service\cloudinary.ts:16:79)[39m
[31m    at C:\Users\KUYE_HARRY\Desktop\COOK\EventBookingApi\source\controllers\Events.ts:95:55[39m
[31m    at Generator.next (<anonymous>)[39m
[31m    at C:\Users\KUYE_HARRY\Desktop\COOK\EventBookingApi\source\controllers\Events.ts:8:71[39m
[31m    at new Promise (<anonymous>)[39m
2023-03-16 13:23:28 [31merror[39m: [31munhandledRejection: Cannot destructure property 'imageUrl' of '(intermediate value)' as it is undefined.[39m
[31mTypeError: Cannot destructure property 'imageUrl' of '(intermediate value)' as it is undefined.[39m
[31m    at C:\Users\KUYE_HARRY\Desktop\COOK\EventBookingApi\source\controllers\Events.ts:95:17[39m
[31m    at Generator.next (<anonymous>)[39m
[31m    at fulfilled (C:\Users\KUYE_HARRY\Desktop\COOK\EventBookingApi\source\controllers\Events.ts:5:58)[39m
[31m    at processTicksAndRejections (node:internal/process/task_queues:95:5)[39m
2023-03-16 13:23:28 [31merror[39m: [31munhandledRejection: Cannot destructure property 'imageUrl' of '(intermediate value)' as it is undefined.[39m
[31mTypeError: Cannot destructure property 'imageUrl' of '(intermediate value)' as it is undefined.[39m
[31m    at C:\Users\KUYE_HARRY\Desktop\COOK\EventBookingApi\source\controllers\Events.ts:95:17[39m
[31m    at Generator.next (<anonymous>)[39m
[31m    at fulfilled (C:\Users\KUYE_HARRY\Desktop\COOK\EventBookingApi\source\controllers\Events.ts:5:58)[39m
[31m    at processTicksAndRejections (node:internal/process/task_queues:95:5)[39m
2023-03-16 13:26:56 [31merror[39m: [31munhandledRejection: Cannot destructure property 'imageUrl' of '(intermediate value)' as it is undefined.[39m
[31mTypeError: Cannot destructure property 'imageUrl' of '(intermediate value)' as it is undefined.[39m
[31m    at C:\Users\KUYE_HARRY\Desktop\COOK\EventBookingApi\source\controllers\Events.ts:95:17[39m
[31m    at Generator.next (<anonymous>)[39m
[31m    at fulfilled (C:\Users\KUYE_HARRY\Desktop\COOK\EventBookingApi\source\controllers\Events.ts:5:58)[39m
[31m    at processTicksAndRejections (node:internal/process/task_queues:95:5)[39m
2023-03-16 13:26:56 [31merror[39m: [31munhandledRejection: Cannot destructure property 'imageUrl' of '(intermediate value)' as it is undefined.[39m
[31mTypeError: Cannot destructure property 'imageUrl' of '(intermediate value)' as it is undefined.[39m
[31m    at C:\Users\KUYE_HARRY\Desktop\COOK\EventBookingApi\source\controllers\Events.ts:95:17[39m
[31m    at Generator.next (<anonymous>)[39m
[31m    at fulfilled (C:\Users\KUYE_HARRY\Desktop\COOK\EventBookingApi\source\controllers\Events.ts:5:58)[39m
[31m    at processTicksAndRejections (node:internal/process/task_queues:95:5)[39m
2023-03-16 13:27:44 [31merror[39m: [31munhandledRejection: Cannot destructure property 'imageUrl' of '(intermediate value)' as it is undefined.[39m
[31mTypeError: Cannot destructure property 'imageUrl' of '(intermediate value)' as it is undefined.[39m
[31m    at C:\Users\KUYE_HARRY\Desktop\COOK\EventBookingApi\source\controllers\Events.ts:95:17[39m
[31m    at Generator.next (<anonymous>)[39m
[31m    at fulfilled (C:\Users\KUYE_HARRY\Desktop\COOK\EventBookingApi\source\controllers\Events.ts:5:58)[39m
[31m    at processTicksAndRejections (node:internal/process/task_queues:95:5)[39m
2023-03-16 13:27:44 [31merror[39m: [31munhandledRejection: Cannot destructure property 'imageUrl' of '(intermediate value)' as it is undefined.[39m
[31mTypeError: Cannot destructure property 'imageUrl' of '(intermediate value)' as it is undefined.[39m
[31m    at C:\Users\KUYE_HARRY\Desktop\COOK\EventBookingApi\source\controllers\Events.ts:95:17[39m
[31m    at Generator.next (<anonymous>)[39m
[31m    at fulfilled (C:\Users\KUYE_HARRY\Desktop\COOK\EventBookingApi\source\controllers\Events.ts:5:58)[39m
[31m    at processTicksAndRejections (node:internal/process/task_queues:95:5)[39m
2023-03-16 13:32:40 [31merror[39m: [31munhandledRejection: Cannot destructure property 'imageUrl' of '(intermediate value)' as it is undefined.[39m
[31mTypeError: Cannot destructure property 'imageUrl' of '(intermediate value)' as it is undefined.[39m
[31m    at C:\Users\KUYE_HARRY\Desktop\COOK\EventBookingApi\source\controllers\Events.ts:95:17[39m
[31m    at Generator.next (<anonymous>)[39m
[31m    at fulfilled (C:\Users\KUYE_HARRY\Desktop\COOK\EventBookingApi\source\controllers\Events.ts:5:58)[39m
[31m    at processTicksAndRejections (node:internal/process/task_queues:95:5)[39m
2023-03-16 13:32:40 [31merror[39m: [31munhandledRejection: Cannot destructure property 'imageUrl' of '(intermediate value)' as it is undefined.[39m
[31mTypeError: Cannot destructure property 'imageUrl' of '(intermediate value)' as it is undefined.[39m
[31m    at C:\Users\KUYE_HARRY\Desktop\COOK\EventBookingApi\source\controllers\Events.ts:95:17[39m
[31m    at Generator.next (<anonymous>)[39m
[31m    at fulfilled (C:\Users\KUYE_HARRY\Desktop\COOK\EventBookingApi\source\controllers\Events.ts:5:58)[39m
[31m    at processTicksAndRejections (node:internal/process/task_queues:95:5)[39m
2023-03-16 13:35:21 [31merror[39m: [31munhandledRejection: Cannot destructure property 'imageUrl' of '(intermediate value)' as it is undefined.[39m
[31mTypeError: Cannot destructure property 'imageUrl' of '(intermediate value)' as it is undefined.[39m
[31m    at C:\Users\KUYE_HARRY\Desktop\COOK\EventBookingApi\source\controllers\Events.ts:95:17[39m
[31m    at Generator.next (<anonymous>)[39m
[31m    at fulfilled (C:\Users\KUYE_HARRY\Desktop\COOK\EventBookingApi\source\controllers\Events.ts:5:58)[39m
[31m    at processTicksAndRejections (node:internal/process/task_queues:95:5)[39m
2023-03-16 13:35:21 [31merror[39m: [31munhandledRejection: Cannot destructure property 'imageUrl' of '(intermediate value)' as it is undefined.[39m
[31mTypeError: Cannot destructure property 'imageUrl' of '(intermediate value)' as it is undefined.[39m
[31m    at C:\Users\KUYE_HARRY\Desktop\COOK\EventBookingApi\source\controllers\Events.ts:95:17[39m
[31m    at Generator.next (<anonymous>)[39m
[31m    at fulfilled (C:\Users\KUYE_HARRY\Desktop\COOK\EventBookingApi\source\controllers\Events.ts:5:58)[39m
[31m    at processTicksAndRejections (node:internal/process/task_queues:95:5)[39m
2023-03-16 13:45:44 [31merror[39m: [31munhandledRejection: Cannot destructure property 'imageUrl' of '(intermediate value)' as it is undefined.[39m
[31mTypeError: Cannot destructure property 'imageUrl' of '(intermediate value)' as it is undefined.[39m
[31m    at C:\Users\KUYE_HARRY\Desktop\COOK\EventBookingApi\source\controllers\Events.ts:95:17[39m
[31m    at Generator.next (<anonymous>)[39m
[31m    at fulfilled (C:\Users\KUYE_HARRY\Desktop\COOK\EventBookingApi\source\controllers\Events.ts:5:58)[39m
[31m    at processTicksAndRejections (node:internal/process/task_queues:95:5)[39m
2023-03-16 13:45:44 [31merror[39m: [31munhandledRejection: Cannot destructure property 'imageUrl' of '(intermediate value)' as it is undefined.[39m
[31mTypeError: Cannot destructure property 'imageUrl' of '(intermediate value)' as it is undefined.[39m
[31m    at C:\Users\KUYE_HARRY\Desktop\COOK\EventBookingApi\source\controllers\Events.ts:95:17[39m
[31m    at Generator.next (<anonymous>)[39m
[31m    at fulfilled (C:\Users\KUYE_HARRY\Desktop\COOK\EventBookingApi\source\controllers\Events.ts:5:58)[39m
[31m    at processTicksAndRejections (node:internal/process/task_queues:95:5)[39m
2023-03-16 13:48:43 [31merror[39m: [31munhandledRejection: Cannot destructure property 'imageUrl' of '(intermediate value)' as it is undefined.[39m
[31mTypeError: Cannot destructure property 'imageUrl' of '(intermediate value)' as it is undefined.[39m
[31m    at C:\Users\KUYE_HARRY\Desktop\COOK\EventBookingApi\source\controllers\Events.ts:95:17[39m
[31m    at Generator.next (<anonymous>)[39m
[31m    at fulfilled (C:\Users\KUYE_HARRY\Desktop\COOK\EventBookingApi\source\controllers\Events.ts:5:58)[39m
[31m    at processTicksAndRejections (node:internal/process/task_queues:95:5)[39m
2023-03-16 13:48:43 [31merror[39m: [31munhandledRejection: Cannot destructure property 'imageUrl' of '(intermediate value)' as it is undefined.[39m
[31mTypeError: Cannot destructure property 'imageUrl' of '(intermediate value)' as it is undefined.[39m
[31m    at C:\Users\KUYE_HARRY\Desktop\COOK\EventBookingApi\source\controllers\Events.ts:95:17[39m
[31m    at Generator.next (<anonymous>)[39m
[31m    at fulfilled (C:\Users\KUYE_HARRY\Desktop\COOK\EventBookingApi\source\controllers\Events.ts:5:58)[39m
[31m    at processTicksAndRejections (node:internal/process/task_queues:95:5)[39m
2023-03-16 13:49:23 [31merror[39m: [31munhandledRejection: Cannot destructure property 'imageUrl' of '(intermediate value)' as it is undefined.[39m
[31mTypeError: Cannot destructure property 'imageUrl' of '(intermediate value)' as it is undefined.[39m
[31m    at C:\Users\KUYE_HARRY\Desktop\COOK\EventBookingApi\source\controllers\Events.ts:95:17[39m
[31m    at Generator.next (<anonymous>)[39m
[31m    at fulfilled (C:\Users\KUYE_HARRY\Desktop\COOK\EventBookingApi\source\controllers\Events.ts:5:58)[39m
[31m    at processTicksAndRejections (node:internal/process/task_queues:95:5)[39m
2023-03-16 13:49:23 [31merror[39m: [31munhandledRejection: Cannot destructure property 'imageUrl' of '(intermediate value)' as it is undefined.[39m
[31mTypeError: Cannot destructure property 'imageUrl' of '(intermediate value)' as it is undefined.[39m
[31m    at C:\Users\KUYE_HARRY\Desktop\COOK\EventBookingApi\source\controllers\Events.ts:95:17[39m
[31m    at Generator.next (<anonymous>)[39m
[31m    at fulfilled (C:\Users\KUYE_HARRY\Desktop\COOK\EventBookingApi\source\controllers\Events.ts:5:58)[39m
[31m    at processTicksAndRejections (node:internal/process/task_queues:95:5)[39m
2023-03-16 13:50:31 [31merror[39m: [31muncaughtException: тип Unable to compile TypeScript:[39m
[31m[96msource/service/cloudinary.ts[0m:[93m6[0m:[93m1[0m - [91merror[0m[90m TS2304: [0mCannot find name 'dotenv'.[39m

[31m[7m6[0m dotenv.config({ path: `.env.${process.env.NODE_ENV}` });[39m
[31m[7m [0m [91m~~~~~~[0m[39m

[31mTSError: тип Unable to compile TypeScript:[39m
[31m[96msource/service/cloudinary.ts[0m:[93m6[0m:[93m1[0m - [91merror[0m[90m TS2304: [0mCannot find name 'dotenv'.[39m

[31m[7m6[0m dotenv.config({ path: `.env.${process.env.NODE_ENV}` });[39m
[31m[7m [0m [91m~~~~~~[0m[39m

[31m    at createTSError (C:\Users\KUYE_HARRY\Desktop\COOK\EventBookingApi\node_modules\ts-node\src\index.ts:859:12)[39m
[31m    at reportTSError (C:\Users\KUYE_HARRY\Desktop\COOK\EventBookingApi\node_modules\ts-node\src\index.ts:863:19)[39m
[31m    at getOutput (C:\Users\KUYE_HARRY\Desktop\COOK\EventBookingApi\node_modules\ts-node\src\index.ts:1077:36)[39m
[31m    at Object.compile (C:\Users\KUYE_HARRY\Desktop\COOK\EventBookingApi\node_modules\ts-node\src\index.ts:1433:41)[39m
[31m    at Module.m._compile (C:\Users\KUYE_HARRY\Desktop\COOK\EventBookingApi\node_modules\ts-node\src\index.ts:1617:30)[39m
[31m    at Module._extensions..js (node:internal/modules/cjs/loader:1213:10)[39m
[31m    at Object.require.extensions.<computed> [as .ts] (C:\Users\KUYE_HARRY\Desktop\COOK\EventBookingApi\node_modules\ts-node\src\index.ts:1621:12)[39m
[31m    at Module.load (node:internal/modules/cjs/loader:1037:32)[39m
[31m    at Function.Module._load (node:internal/modules/cjs/loader:878:12)[39m
[31m    at Module.require (node:internal/modules/cjs/loader:1061:19)[39m
2023-03-16 13:50:31 [31merror[39m: [31muncaughtException: тип Unable to compile TypeScript:[39m
[31m[96msource/service/cloudinary.ts[0m:[93m6[0m:[93m1[0m - [91merror[0m[90m TS2304: [0mCannot find name 'dotenv'.[39m

[31m[7m6[0m dotenv.config({ path: `.env.${process.env.NODE_ENV}` });[39m
[31m[7m [0m [91m~~~~~~[0m[39m

[31mTSError: тип Unable to compile TypeScript:[39m
[31m[96msource/service/cloudinary.ts[0m:[93m6[0m:[93m1[0m - [91merror[0m[90m TS2304: [0mCannot find name 'dotenv'.[39m

[31m[7m6[0m dotenv.config({ path: `.env.${process.env.NODE_ENV}` });[39m
[31m[7m [0m [91m~~~~~~[0m[39m

[31m    at createTSError (C:\Users\KUYE_HARRY\Desktop\COOK\EventBookingApi\node_modules\ts-node\src\index.ts:859:12)[39m
[31m    at reportTSError (C:\Users\KUYE_HARRY\Desktop\COOK\EventBookingApi\node_modules\ts-node\src\index.ts:863:19)[39m
[31m    at getOutput (C:\Users\KUYE_HARRY\Desktop\COOK\EventBookingApi\node_modules\ts-node\src\index.ts:1077:36)[39m
[31m    at Object.compile (C:\Users\KUYE_HARRY\Desktop\COOK\EventBookingApi\node_modules\ts-node\src\index.ts:1433:41)[39m
[31m    at Module.m._compile (C:\Users\KUYE_HARRY\Desktop\COOK\EventBookingApi\node_modules\ts-node\src\index.ts:1617:30)[39m
[31m    at Module._extensions..js (node:internal/modules/cjs/loader:1213:10)[39m
[31m    at Object.require.extensions.<computed> [as .ts] (C:\Users\KUYE_HARRY\Desktop\COOK\EventBookingApi\node_modules\ts-node\src\index.ts:1621:12)[39m
[31m    at Module.load (node:internal/modules/cjs/loader:1037:32)[39m
[31m    at Function.Module._load (node:internal/modules/cjs/loader:878:12)[39m
[31m    at Module.require (node:internal/modules/cjs/loader:1061:19)[39m
2023-03-19 14:43:50 [31merror[39m: [31munhandledRejection: ENOENT: no such file or directory, unlink[39m
[31mError: ENOENT: no such file or directory, unlink[39m
[31m    at unlinkSync (node:fs:1780:3)[39m
[31m    at Cloudinary.<anonymous> (C:\Users\KUYE_HARRY\Desktop\COOK\EventBookingApi\source\service\cloudinary.ts:37:23)[39m
[31m    at Generator.throw (<anonymous>)[39m
[31m    at rejected (C:\Users\KUYE_HARRY\Desktop\COOK\EventBookingApi\source\service\cloudinary.ts:29:65)[39m
[31m    at processTicksAndRejections (node:internal/process/task_queues:95:5)[39m
2023-03-19 14:43:50 [31merror[39m: [31munhandledRejection: ENOENT: no such file or directory, unlink[39m
[31mError: ENOENT: no such file or directory, unlink[39m
[31m    at unlinkSync (node:fs:1780:3)[39m
[31m    at Cloudinary.<anonymous> (C:\Users\KUYE_HARRY\Desktop\COOK\EventBookingApi\source\service\cloudinary.ts:37:23)[39m
[31m    at Generator.throw (<anonymous>)[39m
[31m    at rejected (C:\Users\KUYE_HARRY\Desktop\COOK\EventBookingApi\source\service\cloudinary.ts:29:65)[39m
[31m    at processTicksAndRejections (node:internal/process/task_queues:95:5)[39m
2023-03-19 14:57:15 [31merror[39m: [31munhandledRejection: ENOENT: no such file or directory, unlink[39m
[31mError: ENOENT: no such file or directory, unlink[39m
[31m    at unlinkSync (node:fs:1780:3)[39m
[31m    at Cloudinary.<anonymous> (C:\Users\KUYE_HARRY\Desktop\COOK\EventBookingApi\source\service\cloudinary.ts:37:23)[39m
[31m    at Generator.throw (<anonymous>)[39m
[31m    at rejected (C:\Users\KUYE_HARRY\Desktop\COOK\EventBookingApi\source\service\cloudinary.ts:29:65)[39m
[31m    at processTicksAndRejections (node:internal/process/task_queues:95:5)[39m
2023-03-19 14:57:15 [31merror[39m: [31munhandledRejection: ENOENT: no such file or directory, unlink[39m
[31mError: ENOENT: no such file or directory, unlink[39m
[31m    at unlinkSync (node:fs:1780:3)[39m
[31m    at Cloudinary.<anonymous> (C:\Users\KUYE_HARRY\Desktop\COOK\EventBookingApi\source\service\cloudinary.ts:37:23)[39m
[31m    at Generator.throw (<anonymous>)[39m
[31m    at rejected (C:\Users\KUYE_HARRY\Desktop\COOK\EventBookingApi\source\service\cloudinary.ts:29:65)[39m
[31m    at processTicksAndRejections (node:internal/process/task_queues:95:5)[39m
2023-03-19 14:57:57 [31merror[39m: [31munhandledRejection: ENOENT: no such file or directory, unlink[39m
[31mError: ENOENT: no such file or directory, unlink[39m
[31m    at unlinkSync (node:fs:1780:3)[39m
[31m    at Cloudinary.<anonymous> (C:\Users\KUYE_HARRY\Desktop\COOK\EventBookingApi\source\service\cloudinary.ts:37:23)[39m
[31m    at Generator.throw (<anonymous>)[39m
[31m    at rejected (C:\Users\KUYE_HARRY\Desktop\COOK\EventBookingApi\source\service\cloudinary.ts:29:65)[39m
[31m    at processTicksAndRejections (node:internal/process/task_queues:95:5)[39m
2023-03-19 14:57:57 [31merror[39m: [31munhandledRejection: ENOENT: no such file or directory, unlink[39m
[31mError: ENOENT: no such file or directory, unlink[39m
[31m    at unlinkSync (node:fs:1780:3)[39m
[31m    at Cloudinary.<anonymous> (C:\Users\KUYE_HARRY\Desktop\COOK\EventBookingApi\source\service\cloudinary.ts:37:23)[39m
[31m    at Generator.throw (<anonymous>)[39m
[31m    at rejected (C:\Users\KUYE_HARRY\Desktop\COOK\EventBookingApi\source\service\cloudinary.ts:29:65)[39m
[31m    at processTicksAndRejections (node:internal/process/task_queues:95:5)[39m
2023-03-19 14:58:22 [31merror[39m: [31munhandledRejection: ENOENT: no such file or directory, unlink[39m
[31mError: ENOENT: no such file or directory, unlink[39m
[31m    at unlinkSync (node:fs:1780:3)[39m
[31m    at Cloudinary.<anonymous> (C:\Users\KUYE_HARRY\Desktop\COOK\EventBookingApi\source\service\cloudinary.ts:37:23)[39m
[31m    at Generator.throw (<anonymous>)[39m
[31m    at rejected (C:\Users\KUYE_HARRY\Desktop\COOK\EventBookingApi\source\service\cloudinary.ts:29:65)[39m
[31m    at processTicksAndRejections (node:internal/process/task_queues:95:5)[39m
2023-03-19 14:58:22 [31merror[39m: [31munhandledRejection: ENOENT: no such file or directory, unlink[39m
[31mError: ENOENT: no such file or directory, unlink[39m
[31m    at unlinkSync (node:fs:1780:3)[39m
[31m    at Cloudinary.<anonymous> (C:\Users\KUYE_HARRY\Desktop\COOK\EventBookingApi\source\service\cloudinary.ts:37:23)[39m
[31m    at Generator.throw (<anonymous>)[39m
[31m    at rejected (C:\Users\KUYE_HARRY\Desktop\COOK\EventBookingApi\source\service\cloudinary.ts:29:65)[39m
[31m    at processTicksAndRejections (node:internal/process/task_queues:95:5)[39m
2023-03-19 15:26:03 [31merror[39m: [31munhandledRejection: ENOENT: no such file or directory, unlink[39m
[31mError: ENOENT: no such file or directory, unlink[39m
[31m    at unlinkSync (node:fs:1780:3)[39m
[31m    at Cloudinary.<anonymous> (C:\Users\KUYE_HARRY\Desktop\COOK\EventBookingApi\source\service\cloudinary.ts:37:23)[39m
[31m    at Generator.throw (<anonymous>)[39m
[31m    at rejected (C:\Users\KUYE_HARRY\Desktop\COOK\EventBookingApi\source\service\cloudinary.ts:29:65)[39m
[31m    at processTicksAndRejections (node:internal/process/task_queues:95:5)[39m
2023-03-19 15:26:03 [31merror[39m: [31munhandledRejection: ENOENT: no such file or directory, unlink[39m
[31mError: ENOENT: no such file or directory, unlink[39m
[31m    at unlinkSync (node:fs:1780:3)[39m
[31m    at Cloudinary.<anonymous> (C:\Users\KUYE_HARRY\Desktop\COOK\EventBookingApi\source\service\cloudinary.ts:37:23)[39m
[31m    at Generator.throw (<anonymous>)[39m
[31m    at rejected (C:\Users\KUYE_HARRY\Desktop\COOK\EventBookingApi\source\service\cloudinary.ts:29:65)[39m
[31m    at processTicksAndRejections (node:internal/process/task_queues:95:5)[39m
2023-03-19 15:27:30 [31merror[39m: [31munhandledRejection: ENOENT: no such file or directory, unlink[39m
[31mError: ENOENT: no such file or directory, unlink[39m
[31m    at unlinkSync (node:fs:1780:3)[39m
[31m    at Cloudinary.<anonymous> (C:\Users\KUYE_HARRY\Desktop\COOK\EventBookingApi\source\service\cloudinary.ts:37:23)[39m
[31m    at Generator.throw (<anonymous>)[39m
[31m    at rejected (C:\Users\KUYE_HARRY\Desktop\COOK\EventBookingApi\source\service\cloudinary.ts:29:65)[39m
[31m    at processTicksAndRejections (node:internal/process/task_queues:95:5)[39m
2023-03-19 15:27:30 [31merror[39m: [31munhandledRejection: ENOENT: no such file or directory, unlink[39m
[31mError: ENOENT: no such file or directory, unlink[39m
[31m    at unlinkSync (node:fs:1780:3)[39m
[31m    at Cloudinary.<anonymous> (C:\Users\KUYE_HARRY\Desktop\COOK\EventBookingApi\source\service\cloudinary.ts:37:23)[39m
[31m    at Generator.throw (<anonymous>)[39m
[31m    at rejected (C:\Users\KUYE_HARRY\Desktop\COOK\EventBookingApi\source\service\cloudinary.ts:29:65)[39m
[31m    at processTicksAndRejections (node:internal/process/task_queues:95:5)[39m
2023-03-19 15:28:16 [31merror[39m: [31munhandledRejection: ENOENT: no such file or directory, unlink[39m
[31mError: ENOENT: no such file or directory, unlink[39m
[31m    at unlinkSync (node:fs:1780:3)[39m
[31m    at Cloudinary.<anonymous> (C:\Users\KUYE_HARRY\Desktop\COOK\EventBookingApi\source\service\cloudinary.ts:37:23)[39m
[31m    at Generator.throw (<anonymous>)[39m
[31m    at rejected (C:\Users\KUYE_HARRY\Desktop\COOK\EventBookingApi\source\service\cloudinary.ts:29:65)[39m
[31m    at processTicksAndRejections (node:internal/process/task_queues:95:5)[39m
2023-03-19 15:28:16 [31merror[39m: [31munhandledRejection: ENOENT: no such file or directory, unlink[39m
[31mError: ENOENT: no such file or directory, unlink[39m
[31m    at unlinkSync (node:fs:1780:3)[39m
[31m    at Cloudinary.<anonymous> (C:\Users\KUYE_HARRY\Desktop\COOK\EventBookingApi\source\service\cloudinary.ts:37:23)[39m
[31m    at Generator.throw (<anonymous>)[39m
[31m    at rejected (C:\Users\KUYE_HARRY\Desktop\COOK\EventBookingApi\source\service\cloudinary.ts:29:65)[39m
[31m    at processTicksAndRejections (node:internal/process/task_queues:95:5)[39m
2023-03-19 15:29:25 [31merror[39m: [31munhandledRejection: ENOENT: no such file or directory, unlink[39m
[31mError: ENOENT: no such file or directory, unlink[39m
[31m    at unlinkSync (node:fs:1780:3)[39m
[31m    at Cloudinary.<anonymous> (C:\Users\KUYE_HARRY\Desktop\COOK\EventBookingApi\source\service\cloudinary.ts:37:23)[39m
[31m    at Generator.throw (<anonymous>)[39m
[31m    at rejected (C:\Users\KUYE_HARRY\Desktop\COOK\EventBookingApi\source\service\cloudinary.ts:29:65)[39m
[31m    at processTicksAndRejections (node:internal/process/task_queues:95:5)[39m
2023-03-19 15:29:25 [31merror[39m: [31munhandledRejection: ENOENT: no such file or directory, unlink[39m
[31mError: ENOENT: no such file or directory, unlink[39m
[31m    at unlinkSync (node:fs:1780:3)[39m
[31m    at Cloudinary.<anonymous> (C:\Users\KUYE_HARRY\Desktop\COOK\EventBookingApi\source\service\cloudinary.ts:37:23)[39m
[31m    at Generator.throw (<anonymous>)[39m
[31m    at rejected (C:\Users\KUYE_HARRY\Desktop\COOK\EventBookingApi\source\service\cloudinary.ts:29:65)[39m
[31m    at processTicksAndRejections (node:internal/process/task_queues:95:5)[39m
2023-03-19 15:58:53 [31merror[39m: [31munhandledRejection: [39m
[31mInvalid `prisma.event.create()` invocation in[39m
[31mC:\Users\KUYE_HARRY\Desktop\COOK\EventBookingApi\source\controllers\Events.ts:24:42[39m

[31m  21 [39m
[31m  22 if (imageUrl) imagelink = imageUrl;[39m
[31m  23 [39m
[31mтЖТ 24 const event = await prisma.event.create({[39m
[31m       data: {[39m
[31m         name: 'Testing Event',[39m
[31m     +   description: String,[39m
[31m     +   date: DateTime,[39m
[31m     +   startTime: DateTime,[39m
[31m     +   endTime: DateTime,[39m
[31m     +   location: String,[39m
[31m     +   totalCapacity: Int,[39m
[31m         imageUrl: '',[39m
[31m         creator: {[39m
[31m           connect: {[39m
[31m             id: 'cf3256e6-d639-4e18-b1c4-287c1675f814'[39m
[31m           }[39m
[31m         },[39m
[31m     ?   id?: String,[39m
[31m     ?   capacity?: Int,[39m
[31m     ?   attendees?: {[39m
[31m     ?     create?: AttendeeToEventCreateWithoutEventInput | AttendeeToEventCreateWithoutEventInput | AttendeeToEventUncheckedCreateWithoutEventInput | AttendeeToEventUncheckedCreateWithoutEventInput,[39m
[31m     ?     connectOrCreate?: AttendeeToEventCreateOrConnectWithoutEventInput | AttendeeToEventCreateOrConnectWithoutEventInput,[39m
[31m     ?     createMany?: AttendeeToEventCreateManyEventInputEnvelope,[39m
[31m     ?     connect?: AttendeeToEventWhereUniqueInput | AttendeeToEventWhereUniqueInput[39m
[31m     ?   }[39m
[31m       }[39m
[31m     })[39m

[31mArgument description for data.description is missing.[39m
[31mArgument date for data.date is missing.[39m
[31mArgument startTime for data.startTime is missing.[39m
[31mArgument endTime for data.endTime is missing.[39m
[31mArgument totalCapacity for data.totalCapacity is missing.[39m
[31mArgument location for data.location is missing.[39m

[31mNote: Lines with + are required, lines with ? are optional.[39m

[31mError: [39m
[31mInvalid `prisma.event.create()` invocation in[39m
[31mC:\Users\KUYE_HARRY\Desktop\COOK\EventBookingApi\source\controllers\Events.ts:24:42[39m

[31m  21 [39m
[31m  22 if (imageUrl) imagelink = imageUrl;[39m
[31m  23 [39m
[31mтЖТ 24 const event = await prisma.event.create({[39m
[31m       data: {[39m
[31m         name: 'Testing Event',[39m
[31m     +   description: String,[39m
[31m     +   date: DateTime,[39m
[31m     +   startTime: DateTime,[39m
[31m     +   endTime: DateTime,[39m
[31m     +   location: String,[39m
[31m     +   totalCapacity: Int,[39m
[31m         imageUrl: '',[39m
[31m         creator: {[39m
[31m           connect: {[39m
[31m             id: 'cf3256e6-d639-4e18-b1c4-287c1675f814'[39m
[31m           }[39m
[31m         },[39m
[31m     ?   id?: String,[39m
[31m     ?   capacity?: Int,[39m
[31m     ?   attendees?: {[39m
[31m     ?     create?: AttendeeToEventCreateWithoutEventInput | AttendeeToEventCreateWithoutEventInput | AttendeeToEventUncheckedCreateWithoutEventInput | AttendeeToEventUncheckedCreateWithoutEventInput,[39m
[31m     ?     connectOrCreate?: AttendeeToEventCreateOrConnectWithoutEventInput | AttendeeToEventCreateOrConnectWithoutEventInput,[39m
[31m     ?     createMany?: AttendeeToEventCreateManyEventInputEnvelope,[39m
[31m     ?     connect?: AttendeeToEventWhereUniqueInput | AttendeeToEventWhereUniqueInput[39m
[31m     ?   }[39m
[31m       }[39m
[31m     })[39m

[31mArgument description for data.description is missing.[39m
[31mArgument date for data.date is missing.[39m
[31mArgument startTime for data.startTime is missing.[39m
[31mArgument endTime for data.endTime is missing.[39m
[31mArgument totalCapacity for data.totalCapacity is missing.[39m
[31mArgument location for data.location is missing.[39m

[31mNote: Lines with + are required, lines with ? are optional.[39m

[31m    at ti.validate (C:\Users\KUYE_HARRY\Desktop\COOK\EventBookingApi\node_modules\@prisma\client\runtime\library.js:149:91)[39m
[31m    at Wr.createMessage (C:\Users\KUYE_HARRY\Desktop\COOK\EventBookingApi\node_modules\@prisma\client\runtime\library.js:164:13655)[39m
[31m    at C:\Users\KUYE_HARRY\Desktop\COOK\EventBookingApi\node_modules\@prisma\client\runtime\library.js:174:10933[39m
[31m    at runInChildSpan (C:\Users\KUYE_HARRY\Desktop\COOK\EventBookingApi\node_modules\@prisma\client\runtime\library.js:70:25817)[39m
[31m    at t._executeRequest (C:\Users\KUYE_HARRY\Desktop\COOK\EventBookingApi\node_modules\@prisma\client\runtime\library.js:174:10922)[39m
[31m    at async t._request (C:\Users\KUYE_HARRY\Desktop\COOK\EventBookingApi\node_modules\@prisma\client\runtime\library.js:174:10455)[39m
2023-03-19 15:58:53 [31merror[39m: [31munhandledRejection: [39m
[31mInvalid `prisma.event.create()` invocation in[39m
[31mC:\Users\KUYE_HARRY\Desktop\COOK\EventBookingApi\source\controllers\Events.ts:24:42[39m

[31m  21 [39m
[31m  22 if (imageUrl) imagelink = imageUrl;[39m
[31m  23 [39m
[31mтЖТ 24 const event = await prisma.event.create({[39m
[31m       data: {[39m
[31m         name: 'Testing Event',[39m
[31m     +   description: String,[39m
[31m     +   date: DateTime,[39m
[31m     +   startTime: DateTime,[39m
[31m     +   endTime: DateTime,[39m
[31m     +   location: String,[39m
[31m     +   totalCapacity: Int,[39m
[31m         imageUrl: '',[39m
[31m         creator: {[39m
[31m           connect: {[39m
[31m             id: 'cf3256e6-d639-4e18-b1c4-287c1675f814'[39m
[31m           }[39m
[31m         },[39m
[31m     ?   id?: String,[39m
[31m     ?   capacity?: Int,[39m
[31m     ?   attendees?: {[39m
[31m     ?     create?: AttendeeToEventCreateWithoutEventInput | AttendeeToEventCreateWithoutEventInput | AttendeeToEventUncheckedCreateWithoutEventInput | AttendeeToEventUncheckedCreateWithoutEventInput,[39m
[31m     ?     connectOrCreate?: AttendeeToEventCreateOrConnectWithoutEventInput | AttendeeToEventCreateOrConnectWithoutEventInput,[39m
[31m     ?     createMany?: AttendeeToEventCreateManyEventInputEnvelope,[39m
[31m     ?     connect?: AttendeeToEventWhereUniqueInput | AttendeeToEventWhereUniqueInput[39m
[31m     ?   }[39m
[31m       }[39m
[31m     })[39m

[31mArgument description for data.description is missing.[39m
[31mArgument date for data.date is missing.[39m
[31mArgument startTime for data.startTime is missing.[39m
[31mArgument endTime for data.endTime is missing.[39m
[31mArgument totalCapacity for data.totalCapacity is missing.[39m
[31mArgument location for data.location is missing.[39m

[31mNote: Lines with + are required, lines with ? are optional.[39m

[31mError: [39m
[31mInvalid `prisma.event.create()` invocation in[39m
[31mC:\Users\KUYE_HARRY\Desktop\COOK\EventBookingApi\source\controllers\Events.ts:24:42[39m

[31m  21 [39m
[31m  22 if (imageUrl) imagelink = imageUrl;[39m
[31m  23 [39m
[31mтЖТ 24 const event = await prisma.event.create({[39m
[31m       data: {[39m
[31m         name: 'Testing Event',[39m
[31m     +   description: String,[39m
[31m     +   date: DateTime,[39m
[31m     +   startTime: DateTime,[39m
[31m     +   endTime: DateTime,[39m
[31m     +   location: String,[39m
[31m     +   totalCapacity: Int,[39m
[31m         imageUrl: '',[39m
[31m         creator: {[39m
[31m           connect: {[39m
[31m             id: 'cf3256e6-d639-4e18-b1c4-287c1675f814'[39m
[31m           }[39m
[31m         },[39m
[31m     ?   id?: String,[39m
[31m     ?   capacity?: Int,[39m
[31m     ?   attendees?: {[39m
[31m     ?     create?: AttendeeToEventCreateWithoutEventInput | AttendeeToEventCreateWithoutEventInput | AttendeeToEventUncheckedCreateWithoutEventInput | AttendeeToEventUncheckedCreateWithoutEventInput,[39m
[31m     ?     connectOrCreate?: AttendeeToEventCreateOrConnectWithoutEventInput | AttendeeToEventCreateOrConnectWithoutEventInput,[39m
[31m     ?     createMany?: AttendeeToEventCreateManyEventInputEnvelope,[39m
[31m     ?     connect?: AttendeeToEventWhereUniqueInput | AttendeeToEventWhereUniqueInput[39m
[31m     ?   }[39m
[31m       }[39m
[31m     })[39m

[31mArgument description for data.description is missing.[39m
[31mArgument date for data.date is missing.[39m
[31mArgument startTime for data.startTime is missing.[39m
[31mArgument endTime for data.endTime is missing.[39m
[31mArgument totalCapacity for data.totalCapacity is missing.[39m
[31mArgument location for data.location is missing.[39m

[31mNote: Lines with + are required, lines with ? are optional.[39m

[31m    at ti.validate (C:\Users\KUYE_HARRY\Desktop\COOK\EventBookingApi\node_modules\@prisma\client\runtime\library.js:149:91)[39m
[31m    at Wr.createMessage (C:\Users\KUYE_HARRY\Desktop\COOK\EventBookingApi\node_modules\@prisma\client\runtime\library.js:164:13655)[39m
[31m    at C:\Users\KUYE_HARRY\Desktop\COOK\EventBookingApi\node_modules\@prisma\client\runtime\library.js:174:10933[39m
[31m    at runInChildSpan (C:\Users\KUYE_HARRY\Desktop\COOK\EventBookingApi\node_modules\@prisma\client\runtime\library.js:70:25817)[39m
[31m    at t._executeRequest (C:\Users\KUYE_HARRY\Desktop\COOK\EventBookingApi\node_modules\@prisma\client\runtime\library.js:174:10922)[39m
[31m    at async t._request (C:\Users\KUYE_HARRY\Desktop\COOK\EventBookingApi\node_modules\@prisma\client\runtime\library.js:174:10455)[39m
2023-03-19 16:00:39 [31merror[39m: [31munhandledRejection: [39m
[31mInvalid `prisma.event.create()` invocation in[39m
[31mC:\Users\KUYE_HARRY\Desktop\COOK\EventBookingApi\source\controllers\Events.ts:26:42[39m

[31m  23 [39m
[31m  24 if (imageUrl) imagelink = imageUrl;[39m
[31m  25 [39m
[31mтЖТ 26 const event = await prisma.event.create({[39m
[31m       data: {[39m
[31m         name: 'Testing Event',[39m
[31m     +   description: String,[39m
[31m     +   date: DateTime,[39m
[31m     +   startTime: DateTime,[39m
[31m     +   endTime: DateTime,[39m
[31m     +   location: String,[39m
[31m     +   totalCapacity: Int,[39m
[31m         imageUrl: '',[39m
[31m         creator: {[39m
[31m           connect: {[39m
[31m             id: 'cf3256e6-d639-4e18-b1c4-287c1675f814'[39m
[31m           }[39m
[31m         },[39m
[31m     ?   id?: String,[39m
[31m     ?   capacity?: Int,[39m
[31m     ?   attendees?: {[39m
[31m     ?     create?: AttendeeToEventCreateWithoutEventInput | AttendeeToEventCreateWithoutEventInput | AttendeeToEventUncheckedCreateWithoutEventInput | AttendeeToEventUncheckedCreateWithoutEventInput,[39m
[31m     ?     connectOrCreate?: AttendeeToEventCreateOrConnectWithoutEventInput | AttendeeToEventCreateOrConnectWithoutEventInput,[39m
[31m     ?     createMany?: AttendeeToEventCreateManyEventInputEnvelope,[39m
[31m     ?     connect?: AttendeeToEventWhereUniqueInput | AttendeeToEventWhereUniqueInput[39m
[31m     ?   }[39m
[31m       }[39m
[31m     })[39m

[31mArgument description for data.description is missing.[39m
[31mArgument date for data.date is missing.[39m
[31mArgument startTime for data.startTime is missing.[39m
[31mArgument endTime for data.endTime is missing.[39m
[31mArgument totalCapacity for data.totalCapacity is missing.[39m
[31mArgument location for data.location is missing.[39m

[31mNote: Lines with + are required, lines with ? are optional.[39m

[31mError: [39m
[31mInvalid `prisma.event.create()` invocation in[39m
[31mC:\Users\KUYE_HARRY\Desktop\COOK\EventBookingApi\source\controllers\Events.ts:26:42[39m

[31m  23 [39m
[31m  24 if (imageUrl) imagelink = imageUrl;[39m
[31m  25 [39m
[31mтЖТ 26 const event = await prisma.event.create({[39m
[31m       data: {[39m
[31m         name: 'Testing Event',[39m
[31m     +   description: String,[39m
[31m     +   date: DateTime,[39m
[31m     +   startTime: DateTime,[39m
[31m     +   endTime: DateTime,[39m
[31m     +   location: String,[39m
[31m     +   totalCapacity: Int,[39m
[31m         imageUrl: '',[39m
[31m         creator: {[39m
[31m           connect: {[39m
[31m             id: 'cf3256e6-d639-4e18-b1c4-287c1675f814'[39m
[31m           }[39m
[31m         },[39m
[31m     ?   id?: String,[39m
[31m     ?   capacity?: Int,[39m
[31m     ?   attendees?: {[39m
[31m     ?     create?: AttendeeToEventCreateWithoutEventInput | AttendeeToEventCreateWithoutEventInput | AttendeeToEventUncheckedCreateWithoutEventInput | AttendeeToEventUncheckedCreateWithoutEventInput,[39m
[31m     ?     connectOrCreate?: AttendeeToEventCreateOrConnectWithoutEventInput | AttendeeToEventCreateOrConnectWithoutEventInput,[39m
[31m     ?     createMany?: AttendeeToEventCreateManyEventInputEnvelope,[39m
[31m     ?     connect?: AttendeeToEventWhereUniqueInput | AttendeeToEventWhereUniqueInput[39m
[31m     ?   }[39m
[31m       }[39m
[31m     })[39m

[31mArgument description for data.description is missing.[39m
[31mArgument date for data.date is missing.[39m
[31mArgument startTime for data.startTime is missing.[39m
[31mArgument endTime for data.endTime is missing.[39m
[31mArgument totalCapacity for data.totalCapacity is missing.[39m
[31mArgument location for data.location is missing.[39m

[31mNote: Lines with + are required, lines with ? are optional.[39m

[31m    at ti.validate (C:\Users\KUYE_HARRY\Desktop\COOK\EventBookingApi\node_modules\@prisma\client\runtime\library.js:149:91)[39m
[31m    at Wr.createMessage (C:\Users\KUYE_HARRY\Desktop\COOK\EventBookingApi\node_modules\@prisma\client\runtime\library.js:164:13655)[39m
[31m    at C:\Users\KUYE_HARRY\Desktop\COOK\EventBookingApi\node_modules\@prisma\client\runtime\library.js:174:10933[39m
[31m    at runInChildSpan (C:\Users\KUYE_HARRY\Desktop\COOK\EventBookingApi\node_modules\@prisma\client\runtime\library.js:70:25817)[39m
[31m    at t._executeRequest (C:\Users\KUYE_HARRY\Desktop\COOK\EventBookingApi\node_modules\@prisma\client\runtime\library.js:174:10922)[39m
[31m    at async t._request (C:\Users\KUYE_HARRY\Desktop\COOK\EventBookingApi\node_modules\@prisma\client\runtime\library.js:174:10455)[39m
2023-03-19 16:00:39 [31merror[39m: [31munhandledRejection: [39m
[31mInvalid `prisma.event.create()` invocation in[39m
[31mC:\Users\KUYE_HARRY\Desktop\COOK\EventBookingApi\source\controllers\Events.ts:26:42[39m

[31m  23 [39m
[31m  24 if (imageUrl) imagelink = imageUrl;[39m
[31m  25 [39m
[31mтЖТ 26 const event = await prisma.event.create({[39m
[31m       data: {[39m
[31m         name: 'Testing Event',[39m
[31m     +   description: String,[39m
[31m     +   date: DateTime,[39m
[31m     +   startTime: DateTime,[39m
[31m     +   endTime: DateTime,[39m
[31m     +   location: String,[39m
[31m     +   totalCapacity: Int,[39m
[31m         imageUrl: '',[39m
[31m         creator: {[39m
[31m           connect: {[39m
[31m             id: 'cf3256e6-d639-4e18-b1c4-287c1675f814'[39m
[31m           }[39m
[31m         },[39m
[31m     ?   id?: String,[39m
[31m     ?   capacity?: Int,[39m
[31m     ?   attendees?: {[39m
[31m     ?     create?: AttendeeToEventCreateWithoutEventInput | AttendeeToEventCreateWithoutEventInput | AttendeeToEventUncheckedCreateWithoutEventInput | AttendeeToEventUncheckedCreateWithoutEventInput,[39m
[31m     ?     connectOrCreate?: AttendeeToEventCreateOrConnectWithoutEventInput | AttendeeToEventCreateOrConnectWithoutEventInput,[39m
[31m     ?     createMany?: AttendeeToEventCreateManyEventInputEnvelope,[39m
[31m     ?     connect?: AttendeeToEventWhereUniqueInput | AttendeeToEventWhereUniqueInput[39m
[31m     ?   }[39m
[31m       }[39m
[31m     })[39m

[31mArgument description for data.description is missing.[39m
[31mArgument date for data.date is missing.[39m
[31mArgument startTime for data.startTime is missing.[39m
[31mArgument endTime for data.endTime is missing.[39m
[31mArgument totalCapacity for data.totalCapacity is missing.[39m
[31mArgument location for data.location is missing.[39m

[31mNote: Lines with + are required, lines with ? are optional.[39m

[31mError: [39m
[31mInvalid `prisma.event.create()` invocation in[39m
[31mC:\Users\KUYE_HARRY\Desktop\COOK\EventBookingApi\source\controllers\Events.ts:26:42[39m

[31m  23 [39m
[31m  24 if (imageUrl) imagelink = imageUrl;[39m
[31m  25 [39m
[31mтЖТ 26 const event = await prisma.event.create({[39m
[31m       data: {[39m
[31m         name: 'Testing Event',[39m
[31m     +   description: String,[39m
[31m     +   date: DateTime,[39m
[31m     +   startTime: DateTime,[39m
[31m     +   endTime: DateTime,[39m
[31m     +   location: String,[39m
[31m     +   totalCapacity: Int,[39m
[31m         imageUrl: '',[39m
[31m         creator: {[39m
[31m           connect: {[39m
[31m             id: 'cf3256e6-d639-4e18-b1c4-287c1675f814'[39m
[31m           }[39m
[31m         },[39m
[31m     ?   id?: String,[39m
[31m     ?   capacity?: Int,[39m
[31m     ?   attendees?: {[39m
[31m     ?     create?: AttendeeToEventCreateWithoutEventInput | AttendeeToEventCreateWithoutEventInput | AttendeeToEventUncheckedCreateWithoutEventInput | AttendeeToEventUncheckedCreateWithoutEventInput,[39m
[31m     ?     connectOrCreate?: AttendeeToEventCreateOrConnectWithoutEventInput | AttendeeToEventCreateOrConnectWithoutEventInput,[39m
[31m     ?     createMany?: AttendeeToEventCreateManyEventInputEnvelope,[39m
[31m     ?     connect?: AttendeeToEventWhereUniqueInput | AttendeeToEventWhereUniqueInput[39m
[31m     ?   }[39m
[31m       }[39m
[31m     })[39m

[31mArgument description for data.description is missing.[39m
[31mArgument date for data.date is missing.[39m
[31mArgument startTime for data.startTime is missing.[39m
[31mArgument endTime for data.endTime is missing.[39m
[31mArgument totalCapacity for data.totalCapacity is missing.[39m
[31mArgument location for data.location is missing.[39m

[31mNote: Lines with + are required, lines with ? are optional.[39m

[31m    at ti.validate (C:\Users\KUYE_HARRY\Desktop\COOK\EventBookingApi\node_modules\@prisma\client\runtime\library.js:149:91)[39m
[31m    at Wr.createMessage (C:\Users\KUYE_HARRY\Desktop\COOK\EventBookingApi\node_modules\@prisma\client\runtime\library.js:164:13655)[39m
[31m    at C:\Users\KUYE_HARRY\Desktop\COOK\EventBookingApi\node_modules\@prisma\client\runtime\library.js:174:10933[39m
[31m    at runInChildSpan (C:\Users\KUYE_HARRY\Desktop\COOK\EventBookingApi\node_modules\@prisma\client\runtime\library.js:70:25817)[39m
[31m    at t._executeRequest (C:\Users\KUYE_HARRY\Desktop\COOK\EventBookingApi\node_modules\@prisma\client\runtime\library.js:174:10922)[39m
[31m    at async t._request (C:\Users\KUYE_HARRY\Desktop\COOK\EventBookingApi\node_modules\@prisma\client\runtime\library.js:174:10455)[39m
2023-03-19 16:02:01 [31merror[39m: [31munhandledRejection: [39m
[31mInvalid `prisma.event.create()` invocation in[39m
[31mC:\Users\KUYE_HARRY\Desktop\COOK\EventBookingApi\source\controllers\Events.ts:26:42[39m

[31m  23 [39m
[31m  24 if (imageUrl) imagelink = imageUrl;[39m
[31m  25 [39m
[31mтЖТ 26 const event = await prisma.event.create({[39m
[31m       data: {[39m
[31m         name: 'kuye damilola',[39m
[31m     +   description: String,[39m
[31m     +   date: DateTime,[39m
[31m     +   startTime: DateTime,[39m
[31m     +   endTime: DateTime,[39m
[31m     +   location: String,[39m
[31m     +   totalCapacity: Int,[39m
[31m         imageUrl: '',[39m
[31m         creator: {[39m
[31m           connect: {[39m
[31m             id: 'cf3256e6-d639-4e18-b1c4-287c1675f814'[39m
[31m           }[39m
[31m         },[39m
[31m     ?   id?: String,[39m
[31m     ?   capacity?: Int,[39m
[31m     ?   attendees?: {[39m
[31m     ?     create?: AttendeeToEventCreateWithoutEventInput | AttendeeToEventCreateWithoutEventInput | AttendeeToEventUncheckedCreateWithoutEventInput | AttendeeToEventUncheckedCreateWithoutEventInput,[39m
[31m     ?     connectOrCreate?: AttendeeToEventCreateOrConnectWithoutEventInput | AttendeeToEventCreateOrConnectWithoutEventInput,[39m
[31m     ?     createMany?: AttendeeToEventCreateManyEventInputEnvelope,[39m
[31m     ?     connect?: AttendeeToEventWhereUniqueInput | AttendeeToEventWhereUniqueInput[39m
[31m     ?   }[39m
[31m       }[39m
[31m     })[39m

[31mArgument description for data.description is missing.[39m
[31mArgument date for data.date is missing.[39m
[31mArgument startTime for data.startTime is missing.[39m
[31mArgument endTime for data.endTime is missing.[39m
[31mArgument totalCapacity for data.totalCapacity is missing.[39m
[31mArgument location for data.location is missing.[39m

[31mNote: Lines with + are required, lines with ? are optional.[39m

[31mError: [39m
[31mInvalid `prisma.event.create()` invocation in[39m
[31mC:\Users\KUYE_HARRY\Desktop\COOK\EventBookingApi\source\controllers\Events.ts:26:42[39m

[31m  23 [39m
[31m  24 if (imageUrl) imagelink = imageUrl;[39m
[31m  25 [39m
[31mтЖТ 26 const event = await prisma.event.create({[39m
[31m       data: {[39m
[31m         name: 'kuye damilola',[39m
[31m     +   description: String,[39m
[31m     +   date: DateTime,[39m
[31m     +   startTime: DateTime,[39m
[31m     +   endTime: DateTime,[39m
[31m     +   location: String,[39m
[31m     +   totalCapacity: Int,[39m
[31m         imageUrl: '',[39m
[31m         creator: {[39m
[31m           connect: {[39m
[31m             id: 'cf3256e6-d639-4e18-b1c4-287c1675f814'[39m
[31m           }[39m
[31m         },[39m
[31m     ?   id?: String,[39m
[31m     ?   capacity?: Int,[39m
[31m     ?   attendees?: {[39m
[31m     ?     create?: AttendeeToEventCreateWithoutEventInput | AttendeeToEventCreateWithoutEventInput | AttendeeToEventUncheckedCreateWithoutEventInput | AttendeeToEventUncheckedCreateWithoutEventInput,[39m
[31m     ?     connectOrCreate?: AttendeeToEventCreateOrConnectWithoutEventInput | AttendeeToEventCreateOrConnectWithoutEventInput,[39m
[31m     ?     createMany?: AttendeeToEventCreateManyEventInputEnvelope,[39m
[31m     ?     connect?: AttendeeToEventWhereUniqueInput | AttendeeToEventWhereUniqueInput[39m
[31m     ?   }[39m
[31m       }[39m
[31m     })[39m

[31mArgument description for data.description is missing.[39m
[31mArgument date for data.date is missing.[39m
[31mArgument startTime for data.startTime is missing.[39m
[31mArgument endTime for data.endTime is missing.[39m
[31mArgument totalCapacity for data.totalCapacity is missing.[39m
[31mArgument location for data.location is missing.[39m

[31mNote: Lines with + are required, lines with ? are optional.[39m

[31m    at ti.validate (C:\Users\KUYE_HARRY\Desktop\COOK\EventBookingApi\node_modules\@prisma\client\runtime\library.js:149:91)[39m
[31m    at Wr.createMessage (C:\Users\KUYE_HARRY\Desktop\COOK\EventBookingApi\node_modules\@prisma\client\runtime\library.js:164:13655)[39m
[31m    at C:\Users\KUYE_HARRY\Desktop\COOK\EventBookingApi\node_modules\@prisma\client\runtime\library.js:174:10933[39m
[31m    at runInChildSpan (C:\Users\KUYE_HARRY\Desktop\COOK\EventBookingApi\node_modules\@prisma\client\runtime\library.js:70:25817)[39m
[31m    at t._executeRequest (C:\Users\KUYE_HARRY\Desktop\COOK\EventBookingApi\node_modules\@prisma\client\runtime\library.js:174:10922)[39m
[31m    at async t._request (C:\Users\KUYE_HARRY\Desktop\COOK\EventBookingApi\node_modules\@prisma\client\runtime\library.js:174:10455)[39m
2023-03-19 16:02:01 [31merror[39m: [31munhandledRejection: [39m
[31mInvalid `prisma.event.create()` invocation in[39m
[31mC:\Users\KUYE_HARRY\Desktop\COOK\EventBookingApi\source\controllers\Events.ts:26:42[39m

[31m  23 [39m
[31m  24 if (imageUrl) imagelink = imageUrl;[39m
[31m  25 [39m
[31mтЖТ 26 const event = await prisma.event.create({[39m
[31m       data: {[39m
[31m         name: 'kuye damilola',[39m
[31m     +   description: String,[39m
[31m     +   date: DateTime,[39m
[31m     +   startTime: DateTime,[39m
[31m     +   endTime: DateTime,[39m
[31m     +   location: String,[39m
[31m     +   totalCapacity: Int,[39m
[31m         imageUrl: '',[39m
[31m         creator: {[39m
[31m           connect: {[39m
[31m             id: 'cf3256e6-d639-4e18-b1c4-287c1675f814'[39m
[31m           }[39m
[31m         },[39m
[31m     ?   id?: String,[39m
[31m     ?   capacity?: Int,[39m
[31m     ?   attendees?: {[39m
[31m     ?     create?: AttendeeToEventCreateWithoutEventInput | AttendeeToEventCreateWithoutEventInput | AttendeeToEventUncheckedCreateWithoutEventInput | AttendeeToEventUncheckedCreateWithoutEventInput,[39m
[31m     ?     connectOrCreate?: AttendeeToEventCreateOrConnectWithoutEventInput | AttendeeToEventCreateOrConnectWithoutEventInput,[39m
[31m     ?     createMany?: AttendeeToEventCreateManyEventInputEnvelope,[39m
[31m     ?     connect?: AttendeeToEventWhereUniqueInput | AttendeeToEventWhereUniqueInput[39m
[31m     ?   }[39m
[31m       }[39m
[31m     })[39m

[31mArgument description for data.description is missing.[39m
[31mArgument date for data.date is missing.[39m
[31mArgument startTime for data.startTime is missing.[39m
[31mArgument endTime for data.endTime is missing.[39m
[31mArgument totalCapacity for data.totalCapacity is missing.[39m
[31mArgument location for data.location is missing.[39m

[31mNote: Lines with + are required, lines with ? are optional.[39m

[31mError: [39m
[31mInvalid `prisma.event.create()` invocation in[39m
[31mC:\Users\KUYE_HARRY\Desktop\COOK\EventBookingApi\source\controllers\Events.ts:26:42[39m

[31m  23 [39m
[31m  24 if (imageUrl) imagelink = imageUrl;[39m
[31m  25 [39m
[31mтЖТ 26 const event = await prisma.event.create({[39m
[31m       data: {[39m
[31m         name: 'kuye damilola',[39m
[31m     +   description: String,[39m
[31m     +   date: DateTime,[39m
[31m     +   startTime: DateTime,[39m
[31m     +   endTime: DateTime,[39m
[31m     +   location: String,[39m
[31m     +   totalCapacity: Int,[39m
[31m         imageUrl: '',[39m
[31m         creator: {[39m
[31m           connect: {[39m
[31m             id: 'cf3256e6-d639-4e18-b1c4-287c1675f814'[39m
[31m           }[39m
[31m         },[39m
[31m     ?   id?: String,[39m
[31m     ?   capacity?: Int,[39m
[31m     ?   attendees?: {[39m
[31m     ?     create?: AttendeeToEventCreateWithoutEventInput | AttendeeToEventCreateWithoutEventInput | AttendeeToEventUncheckedCreateWithoutEventInput | AttendeeToEventUncheckedCreateWithoutEventInput,[39m
[31m     ?     connectOrCreate?: AttendeeToEventCreateOrConnectWithoutEventInput | AttendeeToEventCreateOrConnectWithoutEventInput,[39m
[31m     ?     createMany?: AttendeeToEventCreateManyEventInputEnvelope,[39m
[31m     ?     connect?: AttendeeToEventWhereUniqueInput | AttendeeToEventWhereUniqueInput[39m
[31m     ?   }[39m
[31m       }[39m
[31m     })[39m

[31mArgument description for data.description is missing.[39m
[31mArgument date for data.date is missing.[39m
[31mArgument startTime for data.startTime is missing.[39m
[31mArgument endTime for data.endTime is missing.[39m
[31mArgument totalCapacity for data.totalCapacity is missing.[39m
[31mArgument location for data.location is missing.[39m

[31mNote: Lines with + are required, lines with ? are optional.[39m

[31m    at ti.validate (C:\Users\KUYE_HARRY\Desktop\COOK\EventBookingApi\node_modules\@prisma\client\runtime\library.js:149:91)[39m
[31m    at Wr.createMessage (C:\Users\KUYE_HARRY\Desktop\COOK\EventBookingApi\node_modules\@prisma\client\runtime\library.js:164:13655)[39m
[31m    at C:\Users\KUYE_HARRY\Desktop\COOK\EventBookingApi\node_modules\@prisma\client\runtime\library.js:174:10933[39m
[31m    at runInChildSpan (C:\Users\KUYE_HARRY\Desktop\COOK\EventBookingApi\node_modules\@prisma\client\runtime\library.js:70:25817)[39m
[31m    at t._executeRequest (C:\Users\KUYE_HARRY\Desktop\COOK\EventBookingApi\node_modules\@prisma\client\runtime\library.js:174:10922)[39m
[31m    at async t._request (C:\Users\KUYE_HARRY\Desktop\COOK\EventBookingApi\node_modules\@prisma\client\runtime\library.js:174:10455)[39m
2023-03-19 16:24:23 [31merror[39m: [31munhandledRejection: [39m
[31mInvalid `prisma.event.create()` invocation in[39m
[31mC:\Users\KUYE_HARRY\Desktop\COOK\EventBookingApi\source\controllers\Events.ts:25:42[39m

[31m  22 [39m
[31m  23 if (imageUrl) imagelink = imageUrl;[39m
[31m  24 [39m
[31mтЖТ 25 const event = await prisma.event.create({[39m
[31m       data: {[39m
[31m         name: 'Testing Event',[39m
[31m         description: 'This is going to be a good event',[39m
[31m         date: '2022-12-23',[39m
[31m               ~~~~~~~~~~~~[39m
[31m         startTime: '12:20',[39m
[31m                    ~~~~~~~[39m
[31m         endTime: '18:00',[39m
[31m                  ~~~~~~~[39m
[31m         location: 'New Location',[39m
[31m         totalCapacity: [[39m
[31m           '',[39m
[31m           '12'[39m
[31m         ],[39m
[31m         ~~~~~~~~~~~~[39m
[31m         imageUrl: '',[39m
[31m         creator: {[39m
[31m           connect: {[39m
[31m             id: 'cf3256e6-d639-4e18-b1c4-287c1675f814'[39m
[31m           }[39m
[31m         }[39m
[31m       }[39m
[31m     })[39m

[31mArgument date: Got invalid value '2022-12-23' on prisma.createOneEvent. Provided String, expected DateTime.[39m
[31mArgument startTime: Got invalid value '12:20' on prisma.createOneEvent. Provided String, expected DateTime.[39m
[31mArgument endTime: Got invalid value '18:00' on prisma.createOneEvent. Provided String, expected DateTime.[39m
[31mArgument totalCapacity: Got invalid value [39m
[31m[[39m
[31m  '',[39m
[31m  '12'[39m
[31m][39m
[31mon prisma.createOneEvent. Provided List<String>, expected Int.[39m


[31mError: [39m
[31mInvalid `prisma.event.create()` invocation in[39m
[31mC:\Users\KUYE_HARRY\Desktop\COOK\EventBookingApi\source\controllers\Events.ts:25:42[39m

[31m  22 [39m
[31m  23 if (imageUrl) imagelink = imageUrl;[39m
[31m  24 [39m
[31mтЖТ 25 const event = await prisma.event.create({[39m
[31m       data: {[39m
[31m         name: 'Testing Event',[39m
[31m         description: 'This is going to be a good event',[39m
[31m         date: '2022-12-23',[39m
[31m               ~~~~~~~~~~~~[39m
[31m         startTime: '12:20',[39m
[31m                    ~~~~~~~[39m
[31m         endTime: '18:00',[39m
[31m                  ~~~~~~~[39m
[31m         location: 'New Location',[39m
[31m         totalCapacity: [[39m
[31m           '',[39m
[31m           '12'[39m
[31m         ],[39m
[31m         ~~~~~~~~~~~~[39m
[31m         imageUrl: '',[39m
[31m         creator: {[39m
[31m           connect: {[39m
[31m             id: 'cf3256e6-d639-4e18-b1c4-287c1675f814'[39m
[31m           }[39m
[31m         }[39m
[31m       }[39m
[31m     })[39m

[31mArgument date: Got invalid value '2022-12-23' on prisma.createOneEvent. Provided String, expected DateTime.[39m
[31mArgument startTime: Got invalid value '12:20' on prisma.createOneEvent. Provided String, expected DateTime.[39m
[31mArgument endTime: Got invalid value '18:00' on prisma.createOneEvent. Provided String, expected DateTime.[39m
[31mArgument totalCapacity: Got invalid value [39m
[31m[[39m
[31m  '',[39m
[31m  '12'[39m
[31m][39m
[31mon prisma.createOneEvent. Provided List<String>, expected Int.[39m


[31m    at ti.validate (C:\Users\KUYE_HARRY\Desktop\COOK\EventBookingApi\node_modules\@prisma\client\runtime\library.js:149:91)[39m
[31m    at Wr.createMessage (C:\Users\KUYE_HARRY\Desktop\COOK\EventBookingApi\node_modules\@prisma\client\runtime\library.js:164:13655)[39m
[31m    at C:\Users\KUYE_HARRY\Desktop\COOK\EventBookingApi\node_modules\@prisma\client\runtime\library.js:174:10933[39m
[31m    at runInChildSpan (C:\Users\KUYE_HARRY\Desktop\COOK\EventBookingApi\node_modules\@prisma\client\runtime\library.js:70:25817)[39m
[31m    at t._executeRequest (C:\Users\KUYE_HARRY\Desktop\COOK\EventBookingApi\node_modules\@prisma\client\runtime\library.js:174:10922)[39m
[31m    at async t._request (C:\Users\KUYE_HARRY\Desktop\COOK\EventBookingApi\node_modules\@prisma\client\runtime\library.js:174:10455)[39m
2023-03-19 16:24:23 [31merror[39m: [31munhandledRejection: [39m
[31mInvalid `prisma.event.create()` invocation in[39m
[31mC:\Users\KUYE_HARRY\Desktop\COOK\EventBookingApi\source\controllers\Events.ts:25:42[39m

[31m  22 [39m
[31m  23 if (imageUrl) imagelink = imageUrl;[39m
[31m  24 [39m
[31mтЖТ 25 const event = await prisma.event.create({[39m
[31m       data: {[39m
[31m         name: 'Testing Event',[39m
[31m         description: 'This is going to be a good event',[39m
[31m         date: '2022-12-23',[39m
[31m               ~~~~~~~~~~~~[39m
[31m         startTime: '12:20',[39m
[31m                    ~~~~~~~[39m
[31m         endTime: '18:00',[39m
[31m                  ~~~~~~~[39m
[31m         location: 'New Location',[39m
[31m         totalCapacity: [[39m
[31m           '',[39m
[31m           '12'[39m
[31m         ],[39m
[31m         ~~~~~~~~~~~~[39m
[31m         imageUrl: '',[39m
[31m         creator: {[39m
[31m           connect: {[39m
[31m             id: 'cf3256e6-d639-4e18-b1c4-287c1675f814'[39m
[31m           }[39m
[31m         }[39m
[31m       }[39m
[31m     })[39m

[31mArgument date: Got invalid value '2022-12-23' on prisma.createOneEvent. Provided String, expected DateTime.[39m
[31mArgument startTime: Got invalid value '12:20' on prisma.createOneEvent. Provided String, expected DateTime.[39m
[31mArgument endTime: Got invalid value '18:00' on prisma.createOneEvent. Provided String, expected DateTime.[39m
[31mArgument totalCapacity: Got invalid value [39m
[31m[[39m
[31m  '',[39m
[31m  '12'[39m
[31m][39m
[31mon prisma.createOneEvent. Provided List<String>, expected Int.[39m


[31mError: [39m
[31mInvalid `prisma.event.create()` invocation in[39m
[31mC:\Users\KUYE_HARRY\Desktop\COOK\EventBookingApi\source\controllers\Events.ts:25:42[39m

[31m  22 [39m
[31m  23 if (imageUrl) imagelink = imageUrl;[39m
[31m  24 [39m
[31mтЖТ 25 const event = await prisma.event.create({[39m
[31m       data: {[39m
[31m         name: 'Testing Event',[39m
[31m         description: 'This is going to be a good event',[39m
[31m         date: '2022-12-23',[39m
[31m               ~~~~~~~~~~~~[39m
[31m         startTime: '12:20',[39m
[31m                    ~~~~~~~[39m
[31m         endTime: '18:00',[39m
[31m                  ~~~~~~~[39m
[31m         location: 'New Location',[39m
[31m         totalCapacity: [[39m
[31m           '',[39m
[31m           '12'[39m
[31m         ],[39m
[31m         ~~~~~~~~~~~~[39m
[31m         imageUrl: '',[39m
[31m         creator: {[39m
[31m           connect: {[39m
[31m             id: 'cf3256e6-d639-4e18-b1c4-287c1675f814'[39m
[31m           }[39m
[31m         }[39m
[31m       }[39m
[31m     })[39m

[31mArgument date: Got invalid value '2022-12-23' on prisma.createOneEvent. Provided String, expected DateTime.[39m
[31mArgument startTime: Got invalid value '12:20' on prisma.createOneEvent. Provided String, expected DateTime.[39m
[31mArgument endTime: Got invalid value '18:00' on prisma.createOneEvent. Provided String, expected DateTime.[39m
[31mArgument totalCapacity: Got invalid value [39m
[31m[[39m
[31m  '',[39m
[31m  '12'[39m
[31m][39m
[31mon prisma.createOneEvent. Provided List<String>, expected Int.[39m


[31m    at ti.validate (C:\Users\KUYE_HARRY\Desktop\COOK\EventBookingApi\node_modules\@prisma\client\runtime\library.js:149:91)[39m
[31m    at Wr.createMessage (C:\Users\KUYE_HARRY\Desktop\COOK\EventBookingApi\node_modules\@prisma\client\runtime\library.js:164:13655)[39m
[31m    at C:\Users\KUYE_HARRY\Desktop\COOK\EventBookingApi\node_modules\@prisma\client\runtime\library.js:174:10933[39m
[31m    at runInChildSpan (C:\Users\KUYE_HARRY\Desktop\COOK\EventBookingApi\node_modules\@prisma\client\runtime\library.js:70:25817)[39m
[31m    at t._executeRequest (C:\Users\KUYE_HARRY\Desktop\COOK\EventBookingApi\node_modules\@prisma\client\runtime\library.js:174:10922)[39m
[31m    at async t._request (C:\Users\KUYE_HARRY\Desktop\COOK\EventBookingApi\node_modules\@prisma\client\runtime\library.js:174:10455)[39m
2023-03-19 17:06:51 [31merror[39m: [31munhandledRejection: [39m
[31mInvalid `prisma.event.create()` invocation in[39m
[31mC:\Users\KUYE_HARRY\Desktop\COOK\EventBookingApi\source\controllers\Events.ts:25:42[39m

[31m  22 [39m
[31m  23 if (imageUrl) imagelink = imageUrl;[39m
[31m  24 [39m
[31mтЖТ 25 const event = await prisma.event.create({[39m
[31m       data: {[39m
[31m         name: 'Testing Event',[39m
[31m         description: 'This is going to be a good event',[39m
[31m         date: new Date('2022-12-23T00:00:00.000Z'),[39m
[31m         startTime: '12:20',[39m
[31m         endTime: '18:00',[39m
[31m         location: 'New Location',[39m
[31m         totalCapacity: [[39m
[31m           '',[39m
[31m           '12'[39m
[31m         ],[39m
[31m         ~~~~~~~~~~~~[39m
[31m         imageUrl: '',[39m
[31m         creator: {[39m
[31m           connect: {[39m
[31m             id: 'cf3256e6-d639-4e18-b1c4-287c1675f814'[39m
[31m           }[39m
[31m         }[39m
[31m       }[39m
[31m     })[39m

[31mArgument totalCapacity: Got invalid value [39m
[31m[[39m
[31m  '',[39m
[31m  '12'[39m
[31m][39m
[31mon prisma.createOneEvent. Provided List<String>, expected Int.[39m


[31mError: [39m
[31mInvalid `prisma.event.create()` invocation in[39m
[31mC:\Users\KUYE_HARRY\Desktop\COOK\EventBookingApi\source\controllers\Events.ts:25:42[39m

[31m  22 [39m
[31m  23 if (imageUrl) imagelink = imageUrl;[39m
[31m  24 [39m
[31mтЖТ 25 const event = await prisma.event.create({[39m
[31m       data: {[39m
[31m         name: 'Testing Event',[39m
[31m         description: 'This is going to be a good event',[39m
[31m         date: new Date('2022-12-23T00:00:00.000Z'),[39m
[31m         startTime: '12:20',[39m
[31m         endTime: '18:00',[39m
[31m         location: 'New Location',[39m
[31m         totalCapacity: [[39m
[31m           '',[39m
[31m           '12'[39m
[31m         ],[39m
[31m         ~~~~~~~~~~~~[39m
[31m         imageUrl: '',[39m
[31m         creator: {[39m
[31m           connect: {[39m
[31m             id: 'cf3256e6-d639-4e18-b1c4-287c1675f814'[39m
[31m           }[39m
[31m         }[39m
[31m       }[39m
[31m     })[39m

[31mArgument totalCapacity: Got invalid value [39m
[31m[[39m
[31m  '',[39m
[31m  '12'[39m
[31m][39m
[31mon prisma.createOneEvent. Provided List<String>, expected Int.[39m


[31m    at ti.validate (C:\Users\KUYE_HARRY\Desktop\COOK\EventBookingApi\node_modules\@prisma\client\runtime\library.js:149:91)[39m
[31m    at Wr.createMessage (C:\Users\KUYE_HARRY\Desktop\COOK\EventBookingApi\node_modules\@prisma\client\runtime\library.js:164:13655)[39m
[31m    at C:\Users\KUYE_HARRY\Desktop\COOK\EventBookingApi\node_modules\@prisma\client\runtime\library.js:174:10933[39m
[31m    at runInChildSpan (C:\Users\KUYE_HARRY\Desktop\COOK\EventBookingApi\node_modules\@prisma\client\runtime\library.js:70:25817)[39m
[31m    at t._executeRequest (C:\Users\KUYE_HARRY\Desktop\COOK\EventBookingApi\node_modules\@prisma\client\runtime\library.js:174:10922)[39m
[31m    at async t._request (C:\Users\KUYE_HARRY\Desktop\COOK\EventBookingApi\node_modules\@prisma\client\runtime\library.js:174:10455)[39m
2023-03-19 17:06:51 [31merror[39m: [31munhandledRejection: [39m
[31mInvalid `prisma.event.create()` invocation in[39m
[31mC:\Users\KUYE_HARRY\Desktop\COOK\EventBookingApi\source\controllers\Events.ts:25:42[39m

[31m  22 [39m
[31m  23 if (imageUrl) imagelink = imageUrl;[39m
[31m  24 [39m
[31mтЖТ 25 const event = await prisma.event.create({[39m
[31m       data: {[39m
[31m         name: 'Testing Event',[39m
[31m         description: 'This is going to be a good event',[39m
[31m         date: new Date('2022-12-23T00:00:00.000Z'),[39m
[31m         startTime: '12:20',[39m
[31m         endTime: '18:00',[39m
[31m         location: 'New Location',[39m
[31m         totalCapacity: [[39m
[31m           '',[39m
[31m           '12'[39m
[31m         ],[39m
[31m         ~~~~~~~~~~~~[39m
[31m         imageUrl: '',[39m
[31m         creator: {[39m
[31m           connect: {[39m
[31m             id: 'cf3256e6-d639-4e18-b1c4-287c1675f814'[39m
[31m           }[39m
[31m         }[39m
[31m       }[39m
[31m     })[39m

[31mArgument totalCapacity: Got invalid value [39m
[31m[[39m
[31m  '',[39m
[31m  '12'[39m
[31m][39m
[31mon prisma.createOneEvent. Provided List<String>, expected Int.[39m


[31mError: [39m
[31mInvalid `prisma.event.create()` invocation in[39m
[31mC:\Users\KUYE_HARRY\Desktop\COOK\EventBookingApi\source\controllers\Events.ts:25:42[39m

[31m  22 [39m
[31m  23 if (imageUrl) imagelink = imageUrl;[39m
[31m  24 [39m
[31mтЖТ 25 const event = await prisma.event.create({[39m
[31m       data: {[39m
[31m         name: 'Testing Event',[39m
[31m         description: 'This is going to be a good event',[39m
[31m         date: new Date('2022-12-23T00:00:00.000Z'),[39m
[31m         startTime: '12:20',[39m
[31m         endTime: '18:00',[39m
[31m         location: 'New Location',[39m
[31m         totalCapacity: [[39m
[31m           '',[39m
[31m           '12'[39m
[31m         ],[39m
[31m         ~~~~~~~~~~~~[39m
[31m         imageUrl: '',[39m
[31m         creator: {[39m
[31m           connect: {[39m
[31m             id: 'cf3256e6-d639-4e18-b1c4-287c1675f814'[39m
[31m           }[39m
[31m         }[39m
[31m       }[39m
[31m     })[39m

[31mArgument totalCapacity: Got invalid value [39m
[31m[[39m
[31m  '',[39m
[31m  '12'[39m
[31m][39m
[31mon prisma.createOneEvent. Provided List<String>, expected Int.[39m


[31m    at ti.validate (C:\Users\KUYE_HARRY\Desktop\COOK\EventBookingApi\node_modules\@prisma\client\runtime\library.js:149:91)[39m
[31m    at Wr.createMessage (C:\Users\KUYE_HARRY\Desktop\COOK\EventBookingApi\node_modules\@prisma\client\runtime\library.js:164:13655)[39m
[31m    at C:\Users\KUYE_HARRY\Desktop\COOK\EventBookingApi\node_modules\@prisma\client\runtime\library.js:174:10933[39m
[31m    at runInChildSpan (C:\Users\KUYE_HARRY\Desktop\COOK\EventBookingApi\node_modules\@prisma\client\runtime\library.js:70:25817)[39m
[31m    at t._executeRequest (C:\Users\KUYE_HARRY\Desktop\COOK\EventBookingApi\node_modules\@prisma\client\runtime\library.js:174:10922)[39m
[31m    at async t._request (C:\Users\KUYE_HARRY\Desktop\COOK\EventBookingApi\node_modules\@prisma\client\runtime\library.js:174:10455)[39m
2023-03-19 17:10:32 [31merror[39m: [31munhandledRejection: [39m
[31mInvalid `prisma.event.create()` invocation in[39m
[31mC:\Users\KUYE_HARRY\Desktop\COOK\EventBookingApi\source\controllers\Events.ts:25:42[39m

[31m  22 [39m
[31m  23 if (imageUrl) imagelink = imageUrl;[39m
[31m  24 [39m
[31mтЖТ 25 const event = await prisma.event.create({[39m
[31m       data: {[39m
[31m         name: 'Testing Event',[39m
[31m         description: 'This is going to be a good event',[39m
[31m         date: new Date('2022-12-23T00:00:00.000Z'),[39m
[31m         startTime: '12:20',[39m
[31m         endTime: '18:00',[39m
[31m         location: 'New Location',[39m
[31m         totalCapacity: '12',[39m
[31m                        ~~~~[39m
[31m         imageUrl: '',[39m
[31m         creator: {[39m
[31m           connect: {[39m
[31m             id: 'cf3256e6-d639-4e18-b1c4-287c1675f814'[39m
[31m           }[39m
[31m         }[39m
[31m       }[39m
[31m     })[39m

[31mArgument totalCapacity: Got invalid value '12' on prisma.createOneEvent. Provided String, expected Int.[39m


[31mError: [39m
[31mInvalid `prisma.event.create()` invocation in[39m
[31mC:\Users\KUYE_HARRY\Desktop\COOK\EventBookingApi\source\controllers\Events.ts:25:42[39m

[31m  22 [39m
[31m  23 if (imageUrl) imagelink = imageUrl;[39m
[31m  24 [39m
[31mтЖТ 25 const event = await prisma.event.create({[39m
[31m       data: {[39m
[31m         name: 'Testing Event',[39m
[31m         description: 'This is going to be a good event',[39m
[31m         date: new Date('2022-12-23T00:00:00.000Z'),[39m
[31m         startTime: '12:20',[39m
[31m         endTime: '18:00',[39m
[31m         location: 'New Location',[39m
[31m         totalCapacity: '12',[39m
[31m                        ~~~~[39m
[31m         imageUrl: '',[39m
[31m         creator: {[39m
[31m           connect: {[39m
[31m             id: 'cf3256e6-d639-4e18-b1c4-287c1675f814'[39m
[31m           }[39m
[31m         }[39m
[31m       }[39m
[31m     })[39m

[31mArgument totalCapacity: Got invalid value '12' on prisma.createOneEvent. Provided String, expected Int.[39m


[31m    at ti.validate (C:\Users\KUYE_HARRY\Desktop\COOK\EventBookingApi\node_modules\@prisma\client\runtime\library.js:149:91)[39m
[31m    at Wr.createMessage (C:\Users\KUYE_HARRY\Desktop\COOK\EventBookingApi\node_modules\@prisma\client\runtime\library.js:164:13655)[39m
[31m    at C:\Users\KUYE_HARRY\Desktop\COOK\EventBookingApi\node_modules\@prisma\client\runtime\library.js:174:10933[39m
[31m    at runInChildSpan (C:\Users\KUYE_HARRY\Desktop\COOK\EventBookingApi\node_modules\@prisma\client\runtime\library.js:70:25817)[39m
[31m    at t._executeRequest (C:\Users\KUYE_HARRY\Desktop\COOK\EventBookingApi\node_modules\@prisma\client\runtime\library.js:174:10922)[39m
[31m    at async t._request (C:\Users\KUYE_HARRY\Desktop\COOK\EventBookingApi\node_modules\@prisma\client\runtime\library.js:174:10455)[39m
2023-03-19 17:10:32 [31merror[39m: [31munhandledRejection: [39m
[31mInvalid `prisma.event.create()` invocation in[39m
[31mC:\Users\KUYE_HARRY\Desktop\COOK\EventBookingApi\source\controllers\Events.ts:25:42[39m

[31m  22 [39m
[31m  23 if (imageUrl) imagelink = imageUrl;[39m
[31m  24 [39m
[31mтЖТ 25 const event = await prisma.event.create({[39m
[31m       data: {[39m
[31m         name: 'Testing Event',[39m
[31m         description: 'This is going to be a good event',[39m
[31m         date: new Date('2022-12-23T00:00:00.000Z'),[39m
[31m         startTime: '12:20',[39m
[31m         endTime: '18:00',[39m
[31m         location: 'New Location',[39m
[31m         totalCapacity: '12',[39m
[31m                        ~~~~[39m
[31m         imageUrl: '',[39m
[31m         creator: {[39m
[31m           connect: {[39m
[31m             id: 'cf3256e6-d639-4e18-b1c4-287c1675f814'[39m
[31m           }[39m
[31m         }[39m
[31m       }[39m
[31m     })[39m

[31mArgument totalCapacity: Got invalid value '12' on prisma.createOneEvent. Provided String, expected Int.[39m


[31mError: [39m
[31mInvalid `prisma.event.create()` invocation in[39m
[31mC:\Users\KUYE_HARRY\Desktop\COOK\EventBookingApi\source\controllers\Events.ts:25:42[39m

[31m  22 [39m
[31m  23 if (imageUrl) imagelink = imageUrl;[39m
[31m  24 [39m
[31mтЖТ 25 const event = await prisma.event.create({[39m
[31m       data: {[39m
[31m         name: 'Testing Event',[39m
[31m         description: 'This is going to be a good event',[39m
[31m         date: new Date('2022-12-23T00:00:00.000Z'),[39m
[31m         startTime: '12:20',[39m
[31m         endTime: '18:00',[39m
[31m         location: 'New Location',[39m
[31m         totalCapacity: '12',[39m
[31m                        ~~~~[39m
[31m         imageUrl: '',[39m
[31m         creator: {[39m
[31m           connect: {[39m
[31m             id: 'cf3256e6-d639-4e18-b1c4-287c1675f814'[39m
[31m           }[39m
[31m         }[39m
[31m       }[39m
[31m     })[39m

[31mArgument totalCapacity: Got invalid value '12' on prisma.createOneEvent. Provided String, expected Int.[39m


[31m    at ti.validate (C:\Users\KUYE_HARRY\Desktop\COOK\EventBookingApi\node_modules\@prisma\client\runtime\library.js:149:91)[39m
[31m    at Wr.createMessage (C:\Users\KUYE_HARRY\Desktop\COOK\EventBookingApi\node_modules\@prisma\client\runtime\library.js:164:13655)[39m
[31m    at C:\Users\KUYE_HARRY\Desktop\COOK\EventBookingApi\node_modules\@prisma\client\runtime\library.js:174:10933[39m
[31m    at runInChildSpan (C:\Users\KUYE_HARRY\Desktop\COOK\EventBookingApi\node_modules\@prisma\client\runtime\library.js:70:25817)[39m
[31m    at t._executeRequest (C:\Users\KUYE_HARRY\Desktop\COOK\EventBookingApi\node_modules\@prisma\client\runtime\library.js:174:10922)[39m
[31m    at async t._request (C:\Users\KUYE_HARRY\Desktop\COOK\EventBookingApi\node_modules\@prisma\client\runtime\library.js:174:10455)[39m
2023-03-19 17:14:22 [31merror[39m: [31munhandledRejection: No recipients defined[39m
[31mError: No recipients defined[39m
[31m    at SMTPConnection._formatError (C:\Users\KUYE_HARRY\Desktop\COOK\EventBookingApi\node_modules\nodemailer\lib\smtp-connection\index.js:790:19)[39m
[31m    at SMTPConnection._setEnvelope (C:\Users\KUYE_HARRY\Desktop\COOK\EventBookingApi\node_modules\nodemailer\lib\smtp-connection\index.js:1007:34)[39m
[31m    at SMTPConnection.send (C:\Users\KUYE_HARRY\Desktop\COOK\EventBookingApi\node_modules\nodemailer\lib\smtp-connection\index.js:621:14)[39m
[31m    at sendMessage (C:\Users\KUYE_HARRY\Desktop\COOK\EventBookingApi\node_modules\nodemailer\lib\smtp-transport\index.js:228:28)[39m
[31m    at C:\Users\KUYE_HARRY\Desktop\COOK\EventBookingApi\node_modules\nodemailer\lib\smtp-transport\index.js:286:25[39m
[31m    at SMTPConnection._actionAUTHComplete (C:\Users\KUYE_HARRY\Desktop\COOK\EventBookingApi\node_modules\nodemailer\lib\smtp-connection\index.js:1562:9)[39m
[31m    at SMTPConnection.<anonymous> (C:\Users\KUYE_HARRY\Desktop\COOK\EventBookingApi\node_modules\nodemailer\lib\smtp-connection\index.js:546:26)[39m
[31m    at SMTPConnection._processResponse (C:\Users\KUYE_HARRY\Desktop\COOK\EventBookingApi\node_modules\nodemailer\lib\smtp-connection\index.js:953:20)[39m
[31m    at SMTPConnection._onData (C:\Users\KUYE_HARRY\Desktop\COOK\EventBookingApi\node_modules\nodemailer\lib\smtp-connection\index.js:755:14)[39m
[31m    at TLSSocket.SMTPConnection._onSocketData (C:\Users\KUYE_HARRY\Desktop\COOK\EventBookingApi\node_modules\nodemailer\lib\smtp-connection\index.js:193:44)[39m
2023-03-19 17:14:22 [31merror[39m: [31munhandledRejection: No recipients defined[39m
[31mError: No recipients defined[39m
[31m    at SMTPConnection._formatError (C:\Users\KUYE_HARRY\Desktop\COOK\EventBookingApi\node_modules\nodemailer\lib\smtp-connection\index.js:790:19)[39m
[31m    at SMTPConnection._setEnvelope (C:\Users\KUYE_HARRY\Desktop\COOK\EventBookingApi\node_modules\nodemailer\lib\smtp-connection\index.js:1007:34)[39m
[31m    at SMTPConnection.send (C:\Users\KUYE_HARRY\Desktop\COOK\EventBookingApi\node_modules\nodemailer\lib\smtp-connection\index.js:621:14)[39m
[31m    at sendMessage (C:\Users\KUYE_HARRY\Desktop\COOK\EventBookingApi\node_modules\nodemailer\lib\smtp-transport\index.js:228:28)[39m
[31m    at C:\Users\KUYE_HARRY\Desktop\COOK\EventBookingApi\node_modules\nodemailer\lib\smtp-transport\index.js:286:25[39m
[31m    at SMTPConnection._actionAUTHComplete (C:\Users\KUYE_HARRY\Desktop\COOK\EventBookingApi\node_modules\nodemailer\lib\smtp-connection\index.js:1562:9)[39m
[31m    at SMTPConnection.<anonymous> (C:\Users\KUYE_HARRY\Desktop\COOK\EventBookingApi\node_modules\nodemailer\lib\smtp-connection\index.js:546:26)[39m
[31m    at SMTPConnection._processResponse (C:\Users\KUYE_HARRY\Desktop\COOK\EventBookingApi\node_modules\nodemailer\lib\smtp-connection\index.js:953:20)[39m
[31m    at SMTPConnection._onData (C:\Users\KUYE_HARRY\Desktop\COOK\EventBookingApi\node_modules\nodemailer\lib\smtp-connection\index.js:755:14)[39m
[31m    at TLSSocket.SMTPConnection._onSocketData (C:\Users\KUYE_HARRY\Desktop\COOK\EventBookingApi\node_modules\nodemailer\lib\smtp-connection\index.js:193:44)[39m
2023-03-19 17:31:12 [31merror[39m: [31munhandledRejection: [39m
[31mInvalid `prisma.event.create()` invocation in[39m
[31mC:\Users\KUYE_HARRY\Desktop\COOK\EventBookingApi\source\controllers\Events.ts:29:42[39m

[31m  26 [39m
[31m  27 if (imageUrl) imagelink = imageUrl;[39m
[31m  28 [39m
[31mтЖТ 29 const event = await prisma.event.create([39m
[31mUnique constraint failed on the fields: (`creatorId`)[39m
[31mError: [39m
[31mInvalid `prisma.event.create()` invocation in[39m
[31mC:\Users\KUYE_HARRY\Desktop\COOK\EventBookingApi\source\controllers\Events.ts:29:42[39m

[31m  26 [39m
[31m  27 if (imageUrl) imagelink = imageUrl;[39m
[31m  28 [39m
[31mтЖТ 29 const event = await prisma.event.create([39m
[31mUnique constraint failed on the fields: (`creatorId`)[39m
[31m    at Zr.handleRequestError (C:\Users\KUYE_HARRY\Desktop\COOK\EventBookingApi\node_modules\@prisma\client\runtime\library.js:171:6414)[39m
[31m    at Zr.handleAndLogRequestError (C:\Users\KUYE_HARRY\Desktop\COOK\EventBookingApi\node_modules\@prisma\client\runtime\library.js:171:5948)[39m
[31m    at Zr.request (C:\Users\KUYE_HARRY\Desktop\COOK\EventBookingApi\node_modules\@prisma\client\runtime\library.js:171:5786)[39m
[31m    at async t._request (C:\Users\KUYE_HARRY\Desktop\COOK\EventBookingApi\node_modules\@prisma\client\runtime\library.js:174:10455)[39m
2023-03-19 17:31:12 [31merror[39m: [31munhandledRejection: [39m
[31mInvalid `prisma.event.create()` invocation in[39m
[31mC:\Users\KUYE_HARRY\Desktop\COOK\EventBookingApi\source\controllers\Events.ts:29:42[39m

[31m  26 [39m
[31m  27 if (imageUrl) imagelink = imageUrl;[39m
[31m  28 [39m
[31mтЖТ 29 const event = await prisma.event.create([39m
[31mUnique constraint failed on the fields: (`creatorId`)[39m
[31mError: [39m
[31mInvalid `prisma.event.create()` invocation in[39m
[31mC:\Users\KUYE_HARRY\Desktop\COOK\EventBookingApi\source\controllers\Events.ts:29:42[39m

[31m  26 [39m
[31m  27 if (imageUrl) imagelink = imageUrl;[39m
[31m  28 [39m
[31mтЖТ 29 const event = await prisma.event.create([39m
[31mUnique constraint failed on the fields: (`creatorId`)[39m
[31m    at Zr.handleRequestError (C:\Users\KUYE_HARRY\Desktop\COOK\EventBookingApi\node_modules\@prisma\client\runtime\library.js:171:6414)[39m
[31m    at Zr.handleAndLogRequestError (C:\Users\KUYE_HARRY\Desktop\COOK\EventBookingApi\node_modules\@prisma\client\runtime\library.js:171:5948)[39m
[31m    at Zr.request (C:\Users\KUYE_HARRY\Desktop\COOK\EventBookingApi\node_modules\@prisma\client\runtime\library.js:171:5786)[39m
[31m    at async t._request (C:\Users\KUYE_HARRY\Desktop\COOK\EventBookingApi\node_modules\@prisma\client\runtime\library.js:174:10455)[39m
2023-03-19 18:04:50 [31merror[39m: [31munhandledRejection: No recipients defined[39m
[31mError: No recipients defined[39m
[31m    at SMTPConnection._formatError (C:\Users\KUYE_HARRY\Desktop\COOK\EventBookingApi\node_modules\nodemailer\lib\smtp-connection\index.js:790:19)[39m
[31m    at SMTPConnection._setEnvelope (C:\Users\KUYE_HARRY\Desktop\COOK\EventBookingApi\node_modules\nodemailer\lib\smtp-connection\index.js:1007:34)[39m
[31m    at SMTPConnection.send (C:\Users\KUYE_HARRY\Desktop\COOK\EventBookingApi\node_modules\nodemailer\lib\smtp-connection\index.js:621:14)[39m
[31m    at sendMessage (C:\Users\KUYE_HARRY\Desktop\COOK\EventBookingApi\node_modules\nodemailer\lib\smtp-transport\index.js:228:28)[39m
[31m    at C:\Users\KUYE_HARRY\Desktop\COOK\EventBookingApi\node_modules\nodemailer\lib\smtp-transport\index.js:286:25[39m
[31m    at SMTPConnection._actionAUTHComplete (C:\Users\KUYE_HARRY\Desktop\COOK\EventBookingApi\node_modules\nodemailer\lib\smtp-connection\index.js:1562:9)[39m
[31m    at SMTPConnection.<anonymous> (C:\Users\KUYE_HARRY\Desktop\COOK\EventBookingApi\node_modules\nodemailer\lib\smtp-connection\index.js:546:26)[39m
[31m    at SMTPConnection._processResponse (C:\Users\KUYE_HARRY\Desktop\COOK\EventBookingApi\node_modules\nodemailer\lib\smtp-connection\index.js:953:20)[39m
[31m    at SMTPConnection._onData (C:\Users\KUYE_HARRY\Desktop\COOK\EventBookingApi\node_modules\nodemailer\lib\smtp-connection\index.js:755:14)[39m
[31m    at TLSSocket.SMTPConnection._onSocketData (C:\Users\KUYE_HARRY\Desktop\COOK\EventBookingApi\node_modules\nodemailer\lib\smtp-connection\index.js:193:44)[39m
2023-03-19 18:04:50 [31merror[39m: [31munhandledRejection: No recipients defined[39m
[31mError: No recipients defined[39m
[31m    at SMTPConnection._formatError (C:\Users\KUYE_HARRY\Desktop\COOK\EventBookingApi\node_modules\nodemailer\lib\smtp-connection\index.js:790:19)[39m
[31m    at SMTPConnection._setEnvelope (C:\Users\KUYE_HARRY\Desktop\COOK\EventBookingApi\node_modules\nodemailer\lib\smtp-connection\index.js:1007:34)[39m
[31m    at SMTPConnection.send (C:\Users\KUYE_HARRY\Desktop\COOK\EventBookingApi\node_modules\nodemailer\lib\smtp-connection\index.js:621:14)[39m
[31m    at sendMessage (C:\Users\KUYE_HARRY\Desktop\COOK\EventBookingApi\node_modules\nodemailer\lib\smtp-transport\index.js:228:28)[39m
[31m    at C:\Users\KUYE_HARRY\Desktop\COOK\EventBookingApi\node_modules\nodemailer\lib\smtp-transport\index.js:286:25[39m
[31m    at SMTPConnection._actionAUTHComplete (C:\Users\KUYE_HARRY\Desktop\COOK\EventBookingApi\node_modules\nodemailer\lib\smtp-connection\index.js:1562:9)[39m
[31m    at SMTPConnection.<anonymous> (C:\Users\KUYE_HARRY\Desktop\COOK\EventBookingApi\node_modules\nodemailer\lib\smtp-connection\index.js:546:26)[39m
[31m    at SMTPConnection._processResponse (C:\Users\KUYE_HARRY\Desktop\COOK\EventBookingApi\node_modules\nodemailer\lib\smtp-connection\index.js:953:20)[39m
[31m    at SMTPConnection._onData (C:\Users\KUYE_HARRY\Desktop\COOK\EventBookingApi\node_modules\nodemailer\lib\smtp-connection\index.js:755:14)[39m
[31m    at TLSSocket.SMTPConnection._onSocketData (C:\Users\KUYE_HARRY\Desktop\COOK\EventBookingApi\node_modules\nodemailer\lib\smtp-connection\index.js:193:44)[39m
2023-03-19 18:09:07 [31merror[39m: [31munhandledRejection: No recipients defined[39m
[31mError: No recipients defined[39m
[31m    at SMTPConnection._formatError (C:\Users\KUYE_HARRY\Desktop\COOK\EventBookingApi\node_modules\nodemailer\lib\smtp-connection\index.js:790:19)[39m
[31m    at SMTPConnection._setEnvelope (C:\Users\KUYE_HARRY\Desktop\COOK\EventBookingApi\node_modules\nodemailer\lib\smtp-connection\index.js:1007:34)[39m
[31m    at SMTPConnection.send (C:\Users\KUYE_HARRY\Desktop\COOK\EventBookingApi\node_modules\nodemailer\lib\smtp-connection\index.js:621:14)[39m
[31m    at sendMessage (C:\Users\KUYE_HARRY\Desktop\COOK\EventBookingApi\node_modules\nodemailer\lib\smtp-transport\index.js:228:28)[39m
[31m    at C:\Users\KUYE_HARRY\Desktop\COOK\EventBookingApi\node_modules\nodemailer\lib\smtp-transport\index.js:286:25[39m
[31m    at SMTPConnection._actionAUTHComplete (C:\Users\KUYE_HARRY\Desktop\COOK\EventBookingApi\node_modules\nodemailer\lib\smtp-connection\index.js:1562:9)[39m
[31m    at SMTPConnection.<anonymous> (C:\Users\KUYE_HARRY\Desktop\COOK\EventBookingApi\node_modules\nodemailer\lib\smtp-connection\index.js:546:26)[39m
[31m    at SMTPConnection._processResponse (C:\Users\KUYE_HARRY\Desktop\COOK\EventBookingApi\node_modules\nodemailer\lib\smtp-connection\index.js:953:20)[39m
[31m    at SMTPConnection._onData (C:\Users\KUYE_HARRY\Desktop\COOK\EventBookingApi\node_modules\nodemailer\lib\smtp-connection\index.js:755:14)[39m
[31m    at TLSSocket.SMTPConnection._onSocketData (C:\Users\KUYE_HARRY\Desktop\COOK\EventBookingApi\node_modules\nodemailer\lib\smtp-connection\index.js:193:44)[39m
2023-03-19 18:09:07 [31merror[39m: [31munhandledRejection: No recipients defined[39m
[31mError: No recipients defined[39m
[31m    at SMTPConnection._formatError (C:\Users\KUYE_HARRY\Desktop\COOK\EventBookingApi\node_modules\nodemailer\lib\smtp-connection\index.js:790:19)[39m
[31m    at SMTPConnection._setEnvelope (C:\Users\KUYE_HARRY\Desktop\COOK\EventBookingApi\node_modules\nodemailer\lib\smtp-connection\index.js:1007:34)[39m
[31m    at SMTPConnection.send (C:\Users\KUYE_HARRY\Desktop\COOK\EventBookingApi\node_modules\nodemailer\lib\smtp-connection\index.js:621:14)[39m
[31m    at sendMessage (C:\Users\KUYE_HARRY\Desktop\COOK\EventBookingApi\node_modules\nodemailer\lib\smtp-transport\index.js:228:28)[39m
[31m    at C:\Users\KUYE_HARRY\Desktop\COOK\EventBookingApi\node_modules\nodemailer\lib\smtp-transport\index.js:286:25[39m
[31m    at SMTPConnection._actionAUTHComplete (C:\Users\KUYE_HARRY\Desktop\COOK\EventBookingApi\node_modules\nodemailer\lib\smtp-connection\index.js:1562:9)[39m
[31m    at SMTPConnection.<anonymous> (C:\Users\KUYE_HARRY\Desktop\COOK\EventBookingApi\node_modules\nodemailer\lib\smtp-connection\index.js:546:26)[39m
[31m    at SMTPConnection._processResponse (C:\Users\KUYE_HARRY\Desktop\COOK\EventBookingApi\node_modules\nodemailer\lib\smtp-connection\index.js:953:20)[39m
[31m    at SMTPConnection._onData (C:\Users\KUYE_HARRY\Desktop\COOK\EventBookingApi\node_modules\nodemailer\lib\smtp-connection\index.js:755:14)[39m
[31m    at TLSSocket.SMTPConnection._onSocketData (C:\Users\KUYE_HARRY\Desktop\COOK\EventBookingApi\node_modules\nodemailer\lib\smtp-connection\index.js:193:44)[39m
2023-03-19 18:11:29 [31merror[39m: [31munhandledRejection: No recipients defined[39m
[31mError: No recipients defined[39m
[31m    at SMTPConnection._formatError (C:\Users\KUYE_HARRY\Desktop\COOK\EventBookingApi\node_modules\nodemailer\lib\smtp-connection\index.js:790:19)[39m
[31m    at SMTPConnection._setEnvelope (C:\Users\KUYE_HARRY\Desktop\COOK\EventBookingApi\node_modules\nodemailer\lib\smtp-connection\index.js:1007:34)[39m
[31m    at SMTPConnection.send (C:\Users\KUYE_HARRY\Desktop\COOK\EventBookingApi\node_modules\nodemailer\lib\smtp-connection\index.js:621:14)[39m
[31m    at sendMessage (C:\Users\KUYE_HARRY\Desktop\COOK\EventBookingApi\node_modules\nodemailer\lib\smtp-transport\index.js:228:28)[39m
[31m    at C:\Users\KUYE_HARRY\Desktop\COOK\EventBookingApi\node_modules\nodemailer\lib\smtp-transport\index.js:286:25[39m
[31m    at SMTPConnection._actionAUTHComplete (C:\Users\KUYE_HARRY\Desktop\COOK\EventBookingApi\node_modules\nodemailer\lib\smtp-connection\index.js:1562:9)[39m
[31m    at SMTPConnection.<anonymous> (C:\Users\KUYE_HARRY\Desktop\COOK\EventBookingApi\node_modules\nodemailer\lib\smtp-connection\index.js:546:26)[39m
[31m    at SMTPConnection._processResponse (C:\Users\KUYE_HARRY\Desktop\COOK\EventBookingApi\node_modules\nodemailer\lib\smtp-connection\index.js:953:20)[39m
[31m    at SMTPConnection._onData (C:\Users\KUYE_HARRY\Desktop\COOK\EventBookingApi\node_modules\nodemailer\lib\smtp-connection\index.js:755:14)[39m
[31m    at TLSSocket.SMTPConnection._onSocketData (C:\Users\KUYE_HARRY\Desktop\COOK\EventBookingApi\node_modules\nodemailer\lib\smtp-connection\index.js:193:44)[39m
2023-03-19 18:11:29 [31merror[39m: [31munhandledRejection: No recipients defined[39m
[31mError: No recipients defined[39m
[31m    at SMTPConnection._formatError (C:\Users\KUYE_HARRY\Desktop\COOK\EventBookingApi\node_modules\nodemailer\lib\smtp-connection\index.js:790:19)[39m
[31m    at SMTPConnection._setEnvelope (C:\Users\KUYE_HARRY\Desktop\COOK\EventBookingApi\node_modules\nodemailer\lib\smtp-connection\index.js:1007:34)[39m
[31m    at SMTPConnection.send (C:\Users\KUYE_HARRY\Desktop\COOK\EventBookingApi\node_modules\nodemailer\lib\smtp-connection\index.js:621:14)[39m
[31m    at sendMessage (C:\Users\KUYE_HARRY\Desktop\COOK\EventBookingApi\node_modules\nodemailer\lib\smtp-transport\index.js:228:28)[39m
[31m    at C:\Users\KUYE_HARRY\Desktop\COOK\EventBookingApi\node_modules\nodemailer\lib\smtp-transport\index.js:286:25[39m
[31m    at SMTPConnection._actionAUTHComplete (C:\Users\KUYE_HARRY\Desktop\COOK\EventBookingApi\node_modules\nodemailer\lib\smtp-connection\index.js:1562:9)[39m
[31m    at SMTPConnection.<anonymous> (C:\Users\KUYE_HARRY\Desktop\COOK\EventBookingApi\node_modules\nodemailer\lib\smtp-connection\index.js:546:26)[39m
[31m    at SMTPConnection._processResponse (C:\Users\KUYE_HARRY\Desktop\COOK\EventBookingApi\node_modules\nodemailer\lib\smtp-connection\index.js:953:20)[39m
[31m    at SMTPConnection._onData (C:\Users\KUYE_HARRY\Desktop\COOK\EventBookingApi\node_modules\nodemailer\lib\smtp-connection\index.js:755:14)[39m
[31m    at TLSSocket.SMTPConnection._onSocketData (C:\Users\KUYE_HARRY\Desktop\COOK\EventBookingApi\node_modules\nodemailer\lib\smtp-connection\index.js:193:44)[39m
2023-03-20 14:48:45 [31merror[39m: [31munhandledRejection: Cannot read properties of undefined (reading 'id')[39m
[31mTypeError: Cannot read properties of undefined (reading 'id')[39m
[31m    at C:\Users\KUYE_HARRY\Desktop\COOK\EventBookingApi\source\controllers\Events.ts:152:44[39m
[31m    at Generator.next (<anonymous>)[39m
[31m    at fulfilled (C:\Users\KUYE_HARRY\Desktop\COOK\EventBookingApi\source\controllers\Events.ts:5:58)[39m
2023-03-20 14:48:45 [31merror[39m: [31munhandledRejection: Cannot read properties of undefined (reading 'id')[39m
[31mTypeError: Cannot read properties of undefined (reading 'id')[39m
[31m    at C:\Users\KUYE_HARRY\Desktop\COOK\EventBookingApi\source\controllers\Events.ts:152:44[39m
[31m    at Generator.next (<anonymous>)[39m
[31m    at fulfilled (C:\Users\KUYE_HARRY\Desktop\COOK\EventBookingApi\source\controllers\Events.ts:5:58)[39m
2023-03-20 14:58:58 [31merror[39m: [31munhandledRejection: [39m
[31mInvalid `prisma.attendee.create()` invocation in[39m
[31mC:\Users\KUYE_HARRY\Desktop\COOK\EventBookingApi\source\controllers\Events.ts:63:46[39m

[31m  60 })[39m
[31m  61 [39m
[31m  62 if(!attendee){[39m
[31mтЖТ 63     attendee = await prisma.attendee.create({[39m
[31m           data: {[39m
[31m             user: {[39m
[31m               connect: 'cf3256e6-d639-4e18-b1c4-287c1675f814'[39m
[31m                        ~~~~~~~~~~~~~~~~~~~~~~~~~~~~~~~~~~~~~~[39m
[31m             }[39m
[31m           }[39m
[31m         })[39m

[31mArgument connect: Got invalid value 'cf3256e6-d639-4e18-b1c4-287c1675f814' on prisma.createOneAttendee. Provided UUID, expected UserWhereUniqueInput:[39m
[31mtype UserWhereUniqueInput {[39m
[31m  id?: String[39m
[31m  email?: String[39m
[31m}[39m


[31mError: [39m
[31mInvalid `prisma.attendee.create()` invocation in[39m
[31mC:\Users\KUYE_HARRY\Desktop\COOK\EventBookingApi\source\controllers\Events.ts:63:46[39m

[31m  60 })[39m
[31m  61 [39m
[31m  62 if(!attendee){[39m
[31mтЖТ 63     attendee = await prisma.attendee.create({[39m
[31m           data: {[39m
[31m             user: {[39m
[31m               connect: 'cf3256e6-d639-4e18-b1c4-287c1675f814'[39m
[31m                        ~~~~~~~~~~~~~~~~~~~~~~~~~~~~~~~~~~~~~~[39m
[31m             }[39m
[31m           }[39m
[31m         })[39m

[31mArgument connect: Got invalid value 'cf3256e6-d639-4e18-b1c4-287c1675f814' on prisma.createOneAttendee. Provided UUID, expected UserWhereUniqueInput:[39m
[31mtype UserWhereUniqueInput {[39m
[31m  id?: String[39m
[31m  email?: String[39m
[31m}[39m


[31m    at ti.validate (C:\Users\KUYE_HARRY\Desktop\COOK\EventBookingApi\node_modules\@prisma\client\runtime\library.js:149:91)[39m
[31m    at Wr.createMessage (C:\Users\KUYE_HARRY\Desktop\COOK\EventBookingApi\node_modules\@prisma\client\runtime\library.js:164:13655)[39m
[31m    at C:\Users\KUYE_HARRY\Desktop\COOK\EventBookingApi\node_modules\@prisma\client\runtime\library.js:174:10933[39m
[31m    at runInChildSpan (C:\Users\KUYE_HARRY\Desktop\COOK\EventBookingApi\node_modules\@prisma\client\runtime\library.js:70:25817)[39m
[31m    at t._executeRequest (C:\Users\KUYE_HARRY\Desktop\COOK\EventBookingApi\node_modules\@prisma\client\runtime\library.js:174:10922)[39m
2023-03-20 14:58:58 [31merror[39m: [31munhandledRejection: [39m
[31mInvalid `prisma.attendee.create()` invocation in[39m
[31mC:\Users\KUYE_HARRY\Desktop\COOK\EventBookingApi\source\controllers\Events.ts:63:46[39m

[31m  60 })[39m
[31m  61 [39m
[31m  62 if(!attendee){[39m
[31mтЖТ 63     attendee = await prisma.attendee.create({[39m
[31m           data: {[39m
[31m             user: {[39m
[31m               connect: 'cf3256e6-d639-4e18-b1c4-287c1675f814'[39m
[31m                        ~~~~~~~~~~~~~~~~~~~~~~~~~~~~~~~~~~~~~~[39m
[31m             }[39m
[31m           }[39m
[31m         })[39m

[31mArgument connect: Got invalid value 'cf3256e6-d639-4e18-b1c4-287c1675f814' on prisma.createOneAttendee. Provided UUID, expected UserWhereUniqueInput:[39m
[31mtype UserWhereUniqueInput {[39m
[31m  id?: String[39m
[31m  email?: String[39m
[31m}[39m


[31mError: [39m
[31mInvalid `prisma.attendee.create()` invocation in[39m
[31mC:\Users\KUYE_HARRY\Desktop\COOK\EventBookingApi\source\controllers\Events.ts:63:46[39m

[31m  60 })[39m
[31m  61 [39m
[31m  62 if(!attendee){[39m
[31mтЖТ 63     attendee = await prisma.attendee.create({[39m
[31m           data: {[39m
[31m             user: {[39m
[31m               connect: 'cf3256e6-d639-4e18-b1c4-287c1675f814'[39m
[31m                        ~~~~~~~~~~~~~~~~~~~~~~~~~~~~~~~~~~~~~~[39m
[31m             }[39m
[31m           }[39m
[31m         })[39m

[31mArgument connect: Got invalid value 'cf3256e6-d639-4e18-b1c4-287c1675f814' on prisma.createOneAttendee. Provided UUID, expected UserWhereUniqueInput:[39m
[31mtype UserWhereUniqueInput {[39m
[31m  id?: String[39m
[31m  email?: String[39m
[31m}[39m


[31m    at ti.validate (C:\Users\KUYE_HARRY\Desktop\COOK\EventBookingApi\node_modules\@prisma\client\runtime\library.js:149:91)[39m
[31m    at Wr.createMessage (C:\Users\KUYE_HARRY\Desktop\COOK\EventBookingApi\node_modules\@prisma\client\runtime\library.js:164:13655)[39m
[31m    at C:\Users\KUYE_HARRY\Desktop\COOK\EventBookingApi\node_modules\@prisma\client\runtime\library.js:174:10933[39m
[31m    at runInChildSpan (C:\Users\KUYE_HARRY\Desktop\COOK\EventBookingApi\node_modules\@prisma\client\runtime\library.js:70:25817)[39m
[31m    at t._executeRequest (C:\Users\KUYE_HARRY\Desktop\COOK\EventBookingApi\node_modules\@prisma\client\runtime\library.js:174:10922)[39m
2023-03-20 16:02:30 [31merror[39m: [31muncaughtException: тип Unable to compile TypeScript:[39m
[31m[96msource/controllers/Auth.ts[0m:[93m21[0m:[93m7[0m - [91merror[0m[90m TS2322: [0mType '{ firstname: any; lastname: any; email: any; password: string; }' is not assignable to type '(Without<UserCreateInput, UserUncheckedCreateInput> & UserUncheckedCreateInput) | (Without<...> & UserCreateInput)'.[39m
[31m  Type '{ firstname: any; lastname: any; email: any; password: string; }' is not assignable to type 'Without<UserUncheckedCreateInput, UserCreateInput> & UserCreateInput'.[39m
[31m    Property 'contact' is missing in type '{ firstname: any; lastname: any; email: any; password: string; }' but required in type 'UserCreateInput'.[39m

[31m[7m21[0m       data: {[39m
[31m[7m  [0m [91m      ~~~~[0m[39m

[31m  [96mnode_modules/.prisma/client/index.d.ts[0m:[93m5161[0m:[93m5[0m[39m
[31m    [7m5161[0m     contact: string[39m
[31m    [7m    [0m [96m    ~~~~~~~[0m[39m
[31m    'contact' is declared here.[39m
[31m  [96mnode_modules/.prisma/client/index.d.ts[0m:[93m1808[0m:[93m5[0m[39m
[31m    [7m1808[0m     data: XOR<UserCreateInput, UserUncheckedCreateInput>[39m
[31m    [7m    [0m [96m    ~~~~[0m[39m
[31m    The expected type comes from property 'data' which is declared here on type '{ select?: UserSelect; include?: UserInclude; data: (Without<UserCreateInput, UserUncheckedCreateInput> & UserUncheckedCreateInput) | (Without<...> & UserCreateInput); }'[39m

[31mTSError: тип Unable to compile TypeScript:[39m
[31m[96msource/controllers/Auth.ts[0m:[93m21[0m:[93m7[0m - [91merror[0m[90m TS2322: [0mType '{ firstname: any; lastname: any; email: any; password: string; }' is not assignable to type '(Without<UserCreateInput, UserUncheckedCreateInput> & UserUncheckedCreateInput) | (Without<...> & UserCreateInput)'.[39m
[31m  Type '{ firstname: any; lastname: any; email: any; password: string; }' is not assignable to type 'Without<UserUncheckedCreateInput, UserCreateInput> & UserCreateInput'.[39m
[31m    Property 'contact' is missing in type '{ firstname: any; lastname: any; email: any; password: string; }' but required in type 'UserCreateInput'.[39m

[31m[7m21[0m       data: {[39m
[31m[7m  [0m [91m      ~~~~[0m[39m

[31m  [96mnode_modules/.prisma/client/index.d.ts[0m:[93m5161[0m:[93m5[0m[39m
[31m    [7m5161[0m     contact: string[39m
[31m    [7m    [0m [96m    ~~~~~~~[0m[39m
[31m    'contact' is declared here.[39m
[31m  [96mnode_modules/.prisma/client/index.d.ts[0m:[93m1808[0m:[93m5[0m[39m
[31m    [7m1808[0m     data: XOR<UserCreateInput, UserUncheckedCreateInput>[39m
[31m    [7m    [0m [96m    ~~~~[0m[39m
[31m    The expected type comes from property 'data' which is declared here on type '{ select?: UserSelect; include?: UserInclude; data: (Without<UserCreateInput, UserUncheckedCreateInput> & UserUncheckedCreateInput) | (Without<...> & UserCreateInput); }'[39m

[31m    at createTSError (C:\Users\KUYE_HARRY\Desktop\COOK\EventBookingApi\node_modules\ts-node\src\index.ts:859:12)[39m
[31m    at reportTSError (C:\Users\KUYE_HARRY\Desktop\COOK\EventBookingApi\node_modules\ts-node\src\index.ts:863:19)[39m
[31m    at getOutput (C:\Users\KUYE_HARRY\Desktop\COOK\EventBookingApi\node_modules\ts-node\src\index.ts:1077:36)[39m
[31m    at Object.compile (C:\Users\KUYE_HARRY\Desktop\COOK\EventBookingApi\node_modules\ts-node\src\index.ts:1433:41)[39m
[31m    at Module.m._compile (C:\Users\KUYE_HARRY\Desktop\COOK\EventBookingApi\node_modules\ts-node\src\index.ts:1617:30)[39m
[31m    at Module._extensions..js (node:internal/modules/cjs/loader:1213:10)[39m
[31m    at Object.require.extensions.<computed> [as .ts] (C:\Users\KUYE_HARRY\Desktop\COOK\EventBookingApi\node_modules\ts-node\src\index.ts:1621:12)[39m
[31m    at Module.load (node:internal/modules/cjs/loader:1037:32)[39m
[31m    at Function.Module._load (node:internal/modules/cjs/loader:878:12)[39m
[31m    at Module.require (node:internal/modules/cjs/loader:1061:19)[39m
2023-03-20 16:02:30 [31merror[39m: [31muncaughtException: тип Unable to compile TypeScript:[39m
[31m[96msource/controllers/Auth.ts[0m:[93m21[0m:[93m7[0m - [91merror[0m[90m TS2322: [0mType '{ firstname: any; lastname: any; email: any; password: string; }' is not assignable to type '(Without<UserCreateInput, UserUncheckedCreateInput> & UserUncheckedCreateInput) | (Without<...> & UserCreateInput)'.[39m
[31m  Type '{ firstname: any; lastname: any; email: any; password: string; }' is not assignable to type 'Without<UserUncheckedCreateInput, UserCreateInput> & UserCreateInput'.[39m
[31m    Property 'contact' is missing in type '{ firstname: any; lastname: any; email: any; password: string; }' but required in type 'UserCreateInput'.[39m

[31m[7m21[0m       data: {[39m
[31m[7m  [0m [91m      ~~~~[0m[39m

[31m  [96mnode_modules/.prisma/client/index.d.ts[0m:[93m5161[0m:[93m5[0m[39m
[31m    [7m5161[0m     contact: string[39m
[31m    [7m    [0m [96m    ~~~~~~~[0m[39m
[31m    'contact' is declared here.[39m
[31m  [96mnode_modules/.prisma/client/index.d.ts[0m:[93m1808[0m:[93m5[0m[39m
[31m    [7m1808[0m     data: XOR<UserCreateInput, UserUncheckedCreateInput>[39m
[31m    [7m    [0m [96m    ~~~~[0m[39m
[31m    The expected type comes from property 'data' which is declared here on type '{ select?: UserSelect; include?: UserInclude; data: (Without<UserCreateInput, UserUncheckedCreateInput> & UserUncheckedCreateInput) | (Without<...> & UserCreateInput); }'[39m

[31mTSError: тип Unable to compile TypeScript:[39m
[31m[96msource/controllers/Auth.ts[0m:[93m21[0m:[93m7[0m - [91merror[0m[90m TS2322: [0mType '{ firstname: any; lastname: any; email: any; password: string; }' is not assignable to type '(Without<UserCreateInput, UserUncheckedCreateInput> & UserUncheckedCreateInput) | (Without<...> & UserCreateInput)'.[39m
[31m  Type '{ firstname: any; lastname: any; email: any; password: string; }' is not assignable to type 'Without<UserUncheckedCreateInput, UserCreateInput> & UserCreateInput'.[39m
[31m    Property 'contact' is missing in type '{ firstname: any; lastname: any; email: any; password: string; }' but required in type 'UserCreateInput'.[39m

[31m[7m21[0m       data: {[39m
[31m[7m  [0m [91m      ~~~~[0m[39m

[31m  [96mnode_modules/.prisma/client/index.d.ts[0m:[93m5161[0m:[93m5[0m[39m
[31m    [7m5161[0m     contact: string[39m
[31m    [7m    [0m [96m    ~~~~~~~[0m[39m
[31m    'contact' is declared here.[39m
[31m  [96mnode_modules/.prisma/client/index.d.ts[0m:[93m1808[0m:[93m5[0m[39m
[31m    [7m1808[0m     data: XOR<UserCreateInput, UserUncheckedCreateInput>[39m
[31m    [7m    [0m [96m    ~~~~[0m[39m
[31m    The expected type comes from property 'data' which is declared here on type '{ select?: UserSelect; include?: UserInclude; data: (Without<UserCreateInput, UserUncheckedCreateInput> & UserUncheckedCreateInput) | (Without<...> & UserCreateInput); }'[39m

[31m    at createTSError (C:\Users\KUYE_HARRY\Desktop\COOK\EventBookingApi\node_modules\ts-node\src\index.ts:859:12)[39m
[31m    at reportTSError (C:\Users\KUYE_HARRY\Desktop\COOK\EventBookingApi\node_modules\ts-node\src\index.ts:863:19)[39m
[31m    at getOutput (C:\Users\KUYE_HARRY\Desktop\COOK\EventBookingApi\node_modules\ts-node\src\index.ts:1077:36)[39m
[31m    at Object.compile (C:\Users\KUYE_HARRY\Desktop\COOK\EventBookingApi\node_modules\ts-node\src\index.ts:1433:41)[39m
[31m    at Module.m._compile (C:\Users\KUYE_HARRY\Desktop\COOK\EventBookingApi\node_modules\ts-node\src\index.ts:1617:30)[39m
[31m    at Module._extensions..js (node:internal/modules/cjs/loader:1213:10)[39m
[31m    at Object.require.extensions.<computed> [as .ts] (C:\Users\KUYE_HARRY\Desktop\COOK\EventBookingApi\node_modules\ts-node\src\index.ts:1621:12)[39m
[31m    at Module.load (node:internal/modules/cjs/loader:1037:32)[39m
[31m    at Function.Module._load (node:internal/modules/cjs/loader:878:12)[39m
[31m    at Module.require (node:internal/modules/cjs/loader:1061:19)[39m
2023-03-20 16:04:41 [31merror[39m: [31muncaughtException: тип Unable to compile TypeScript:[39m
[31m[96msource/controllers/Oauth.ts[0m:[93m47[0m:[93m13[0m - [91merror[0m[90m TS2322: [0mType '{ firstname: string; lastname: string; email: string; password: string; }' is not assignable to type '(Without<UserCreateInput, UserUncheckedCreateInput> & UserUncheckedCreateInput) | (Without<...> & UserCreateInput)'.[39m
[31m  Type '{ firstname: string; lastname: string; email: string; password: string; }' is not assignable to type 'Without<UserUncheckedCreateInput, UserCreateInput> & UserCreateInput'.[39m
[31m    Property 'contact' is missing in type '{ firstname: string; lastname: string; email: string; password: string; }' but required in type 'UserCreateInput'.[39m

[31m[7m47[0m             create: {[39m
[31m[7m  [0m [91m            ~~~~~~[0m[39m

[31m  [96mnode_modules/.prisma/client/index.d.ts[0m:[93m5161[0m:[93m5[0m[39m
[31m    [7m5161[0m     contact: string[39m
[31m    [7m    [0m [96m    ~~~~~~~[0m[39m
[31m    'contact' is declared here.[39m
[31m  [96mnode_modules/.prisma/client/index.d.ts[0m:[93m1881[0m:[93m5[0m[39m
[31m    [7m1881[0m     create: XOR<UserCreateInput, UserUncheckedCreateInput>[39m
[31m    [7m    [0m [96m    ~~~~~~[0m[39m
[31m    The expected type comes from property 'create' which is declared here on type '{ select?: UserSelect; include?: UserInclude; where: UserWhereUniqueInput; create: (Without<UserCreateInput, UserUncheckedCreateInput> & UserUncheckedCreateInput) | (Without<...> & UserCreateInput); update: (Without<...> & UserUncheckedUpdateInput) | (Without<...> & UserUpdateInput); }'[39m

[31mTSError: тип Unable to compile TypeScript:[39m
[31m[96msource/controllers/Oauth.ts[0m:[93m47[0m:[93m13[0m - [91merror[0m[90m TS2322: [0mType '{ firstname: string; lastname: string; email: string; password: string; }' is not assignable to type '(Without<UserCreateInput, UserUncheckedCreateInput> & UserUncheckedCreateInput) | (Without<...> & UserCreateInput)'.[39m
[31m  Type '{ firstname: string; lastname: string; email: string; password: string; }' is not assignable to type 'Without<UserUncheckedCreateInput, UserCreateInput> & UserCreateInput'.[39m
[31m    Property 'contact' is missing in type '{ firstname: string; lastname: string; email: string; password: string; }' but required in type 'UserCreateInput'.[39m

[31m[7m47[0m             create: {[39m
[31m[7m  [0m [91m            ~~~~~~[0m[39m

[31m  [96mnode_modules/.prisma/client/index.d.ts[0m:[93m5161[0m:[93m5[0m[39m
[31m    [7m5161[0m     contact: string[39m
[31m    [7m    [0m [96m    ~~~~~~~[0m[39m
[31m    'contact' is declared here.[39m
[31m  [96mnode_modules/.prisma/client/index.d.ts[0m:[93m1881[0m:[93m5[0m[39m
[31m    [7m1881[0m     create: XOR<UserCreateInput, UserUncheckedCreateInput>[39m
[31m    [7m    [0m [96m    ~~~~~~[0m[39m
[31m    The expected type comes from property 'create' which is declared here on type '{ select?: UserSelect; include?: UserInclude; where: UserWhereUniqueInput; create: (Without<UserCreateInput, UserUncheckedCreateInput> & UserUncheckedCreateInput) | (Without<...> & UserCreateInput); update: (Without<...> & UserUncheckedUpdateInput) | (Without<...> & UserUpdateInput); }'[39m

[31m    at createTSError (C:\Users\KUYE_HARRY\Desktop\COOK\EventBookingApi\node_modules\ts-node\src\index.ts:859:12)[39m
[31m    at reportTSError (C:\Users\KUYE_HARRY\Desktop\COOK\EventBookingApi\node_modules\ts-node\src\index.ts:863:19)[39m
[31m    at getOutput (C:\Users\KUYE_HARRY\Desktop\COOK\EventBookingApi\node_modules\ts-node\src\index.ts:1077:36)[39m
[31m    at Object.compile (C:\Users\KUYE_HARRY\Desktop\COOK\EventBookingApi\node_modules\ts-node\src\index.ts:1433:41)[39m
[31m    at Module.m._compile (C:\Users\KUYE_HARRY\Desktop\COOK\EventBookingApi\node_modules\ts-node\src\index.ts:1617:30)[39m
[31m    at Module._extensions..js (node:internal/modules/cjs/loader:1213:10)[39m
[31m    at Object.require.extensions.<computed> [as .ts] (C:\Users\KUYE_HARRY\Desktop\COOK\EventBookingApi\node_modules\ts-node\src\index.ts:1621:12)[39m
[31m    at Module.load (node:internal/modules/cjs/loader:1037:32)[39m
[31m    at Function.Module._load (node:internal/modules/cjs/loader:878:12)[39m
[31m    at Module.require (node:internal/modules/cjs/loader:1061:19)[39m
2023-03-20 16:04:41 [31merror[39m: [31muncaughtException: тип Unable to compile TypeScript:[39m
[31m[96msource/controllers/Oauth.ts[0m:[93m47[0m:[93m13[0m - [91merror[0m[90m TS2322: [0mType '{ firstname: string; lastname: string; email: string; password: string; }' is not assignable to type '(Without<UserCreateInput, UserUncheckedCreateInput> & UserUncheckedCreateInput) | (Without<...> & UserCreateInput)'.[39m
[31m  Type '{ firstname: string; lastname: string; email: string; password: string; }' is not assignable to type 'Without<UserUncheckedCreateInput, UserCreateInput> & UserCreateInput'.[39m
[31m    Property 'contact' is missing in type '{ firstname: string; lastname: string; email: string; password: string; }' but required in type 'UserCreateInput'.[39m

[31m[7m47[0m             create: {[39m
[31m[7m  [0m [91m            ~~~~~~[0m[39m

[31m  [96mnode_modules/.prisma/client/index.d.ts[0m:[93m5161[0m:[93m5[0m[39m
[31m    [7m5161[0m     contact: string[39m
[31m    [7m    [0m [96m    ~~~~~~~[0m[39m
[31m    'contact' is declared here.[39m
[31m  [96mnode_modules/.prisma/client/index.d.ts[0m:[93m1881[0m:[93m5[0m[39m
[31m    [7m1881[0m     create: XOR<UserCreateInput, UserUncheckedCreateInput>[39m
[31m    [7m    [0m [96m    ~~~~~~[0m[39m
[31m    The expected type comes from property 'create' which is declared here on type '{ select?: UserSelect; include?: UserInclude; where: UserWhereUniqueInput; create: (Without<UserCreateInput, UserUncheckedCreateInput> & UserUncheckedCreateInput) | (Without<...> & UserCreateInput); update: (Without<...> & UserUncheckedUpdateInput) | (Without<...> & UserUpdateInput); }'[39m

[31mTSError: тип Unable to compile TypeScript:[39m
[31m[96msource/controllers/Oauth.ts[0m:[93m47[0m:[93m13[0m - [91merror[0m[90m TS2322: [0mType '{ firstname: string; lastname: string; email: string; password: string; }' is not assignable to type '(Without<UserCreateInput, UserUncheckedCreateInput> & UserUncheckedCreateInput) | (Without<...> & UserCreateInput)'.[39m
[31m  Type '{ firstname: string; lastname: string; email: string; password: string; }' is not assignable to type 'Without<UserUncheckedCreateInput, UserCreateInput> & UserCreateInput'.[39m
[31m    Property 'contact' is missing in type '{ firstname: string; lastname: string; email: string; password: string; }' but required in type 'UserCreateInput'.[39m

[31m[7m47[0m             create: {[39m
[31m[7m  [0m [91m            ~~~~~~[0m[39m

[31m  [96mnode_modules/.prisma/client/index.d.ts[0m:[93m5161[0m:[93m5[0m[39m
[31m    [7m5161[0m     contact: string[39m
[31m    [7m    [0m [96m    ~~~~~~~[0m[39m
[31m    'contact' is declared here.[39m
[31m  [96mnode_modules/.prisma/client/index.d.ts[0m:[93m1881[0m:[93m5[0m[39m
[31m    [7m1881[0m     create: XOR<UserCreateInput, UserUncheckedCreateInput>[39m
[31m    [7m    [0m [96m    ~~~~~~[0m[39m
[31m    The expected type comes from property 'create' which is declared here on type '{ select?: UserSelect; include?: UserInclude; where: UserWhereUniqueInput; create: (Without<UserCreateInput, UserUncheckedCreateInput> & UserUncheckedCreateInput) | (Without<...> & UserCreateInput); update: (Without<...> & UserUncheckedUpdateInput) | (Without<...> & UserUpdateInput); }'[39m

[31m    at createTSError (C:\Users\KUYE_HARRY\Desktop\COOK\EventBookingApi\node_modules\ts-node\src\index.ts:859:12)[39m
[31m    at reportTSError (C:\Users\KUYE_HARRY\Desktop\COOK\EventBookingApi\node_modules\ts-node\src\index.ts:863:19)[39m
[31m    at getOutput (C:\Users\KUYE_HARRY\Desktop\COOK\EventBookingApi\node_modules\ts-node\src\index.ts:1077:36)[39m
[31m    at Object.compile (C:\Users\KUYE_HARRY\Desktop\COOK\EventBookingApi\node_modules\ts-node\src\index.ts:1433:41)[39m
[31m    at Module.m._compile (C:\Users\KUYE_HARRY\Desktop\COOK\EventBookingApi\node_modules\ts-node\src\index.ts:1617:30)[39m
[31m    at Module._extensions..js (node:internal/modules/cjs/loader:1213:10)[39m
[31m    at Object.require.extensions.<computed> [as .ts] (C:\Users\KUYE_HARRY\Desktop\COOK\EventBookingApi\node_modules\ts-node\src\index.ts:1621:12)[39m
[31m    at Module.load (node:internal/modules/cjs/loader:1037:32)[39m
[31m    at Function.Module._load (node:internal/modules/cjs/loader:878:12)[39m
[31m    at Module.require (node:internal/modules/cjs/loader:1061:19)[39m
2023-03-20 16:05:18 [31merror[39m: [31muncaughtException: тип Unable to compile TypeScript:[39m
[31m[96msource/controllers/Oauth.ts[0m:[93m47[0m:[93m13[0m - [91merror[0m[90m TS2322: [0mType '{ firstname: string; lastname: string; email: string; password: string; }' is not assignable to type '(Without<UserCreateInput, UserUncheckedCreateInput> & UserUncheckedCreateInput) | (Without<...> & UserCreateInput)'.[39m
[31m  Type '{ firstname: string; lastname: string; email: string; password: string; }' is not assignable to type 'Without<UserUncheckedCreateInput, UserCreateInput> & UserCreateInput'.[39m
[31m    Property 'contact' is missing in type '{ firstname: string; lastname: string; email: string; password: string; }' but required in type 'UserCreateInput'.[39m

[31m[7m47[0m             create: {[39m
[31m[7m  [0m [91m            ~~~~~~[0m[39m

[31m  [96mnode_modules/.prisma/client/index.d.ts[0m:[93m5161[0m:[93m5[0m[39m
[31m    [7m5161[0m     contact: string[39m
[31m    [7m    [0m [96m    ~~~~~~~[0m[39m
[31m    'contact' is declared here.[39m
[31m  [96mnode_modules/.prisma/client/index.d.ts[0m:[93m1881[0m:[93m5[0m[39m
[31m    [7m1881[0m     create: XOR<UserCreateInput, UserUncheckedCreateInput>[39m
[31m    [7m    [0m [96m    ~~~~~~[0m[39m
[31m    The expected type comes from property 'create' which is declared here on type '{ select?: UserSelect; include?: UserInclude; where: UserWhereUniqueInput; create: (Without<UserCreateInput, UserUncheckedCreateInput> & UserUncheckedCreateInput) | (Without<...> & UserCreateInput); update: (Without<...> & UserUncheckedUpdateInput) | (Without<...> & UserUpdateInput); }'[39m

[31mTSError: тип Unable to compile TypeScript:[39m
[31m[96msource/controllers/Oauth.ts[0m:[93m47[0m:[93m13[0m - [91merror[0m[90m TS2322: [0mType '{ firstname: string; lastname: string; email: string; password: string; }' is not assignable to type '(Without<UserCreateInput, UserUncheckedCreateInput> & UserUncheckedCreateInput) | (Without<...> & UserCreateInput)'.[39m
[31m  Type '{ firstname: string; lastname: string; email: string; password: string; }' is not assignable to type 'Without<UserUncheckedCreateInput, UserCreateInput> & UserCreateInput'.[39m
[31m    Property 'contact' is missing in type '{ firstname: string; lastname: string; email: string; password: string; }' but required in type 'UserCreateInput'.[39m

[31m[7m47[0m             create: {[39m
[31m[7m  [0m [91m            ~~~~~~[0m[39m

[31m  [96mnode_modules/.prisma/client/index.d.ts[0m:[93m5161[0m:[93m5[0m[39m
[31m    [7m5161[0m     contact: string[39m
[31m    [7m    [0m [96m    ~~~~~~~[0m[39m
[31m    'contact' is declared here.[39m
[31m  [96mnode_modules/.prisma/client/index.d.ts[0m:[93m1881[0m:[93m5[0m[39m
[31m    [7m1881[0m     create: XOR<UserCreateInput, UserUncheckedCreateInput>[39m
[31m    [7m    [0m [96m    ~~~~~~[0m[39m
[31m    The expected type comes from property 'create' which is declared here on type '{ select?: UserSelect; include?: UserInclude; where: UserWhereUniqueInput; create: (Without<UserCreateInput, UserUncheckedCreateInput> & UserUncheckedCreateInput) | (Without<...> & UserCreateInput); update: (Without<...> & UserUncheckedUpdateInput) | (Without<...> & UserUpdateInput); }'[39m

[31m    at createTSError (C:\Users\KUYE_HARRY\Desktop\COOK\EventBookingApi\node_modules\ts-node\src\index.ts:859:12)[39m
[31m    at reportTSError (C:\Users\KUYE_HARRY\Desktop\COOK\EventBookingApi\node_modules\ts-node\src\index.ts:863:19)[39m
[31m    at getOutput (C:\Users\KUYE_HARRY\Desktop\COOK\EventBookingApi\node_modules\ts-node\src\index.ts:1077:36)[39m
[31m    at Object.compile (C:\Users\KUYE_HARRY\Desktop\COOK\EventBookingApi\node_modules\ts-node\src\index.ts:1433:41)[39m
[31m    at Module.m._compile (C:\Users\KUYE_HARRY\Desktop\COOK\EventBookingApi\node_modules\ts-node\src\index.ts:1617:30)[39m
[31m    at Module._extensions..js (node:internal/modules/cjs/loader:1213:10)[39m
[31m    at Object.require.extensions.<computed> [as .ts] (C:\Users\KUYE_HARRY\Desktop\COOK\EventBookingApi\node_modules\ts-node\src\index.ts:1621:12)[39m
[31m    at Module.load (node:internal/modules/cjs/loader:1037:32)[39m
[31m    at Function.Module._load (node:internal/modules/cjs/loader:878:12)[39m
[31m    at Module.require (node:internal/modules/cjs/loader:1061:19)[39m
2023-03-20 16:05:18 [31merror[39m: [31muncaughtException: тип Unable to compile TypeScript:[39m
[31m[96msource/controllers/Oauth.ts[0m:[93m47[0m:[93m13[0m - [91merror[0m[90m TS2322: [0mType '{ firstname: string; lastname: string; email: string; password: string; }' is not assignable to type '(Without<UserCreateInput, UserUncheckedCreateInput> & UserUncheckedCreateInput) | (Without<...> & UserCreateInput)'.[39m
[31m  Type '{ firstname: string; lastname: string; email: string; password: string; }' is not assignable to type 'Without<UserUncheckedCreateInput, UserCreateInput> & UserCreateInput'.[39m
[31m    Property 'contact' is missing in type '{ firstname: string; lastname: string; email: string; password: string; }' but required in type 'UserCreateInput'.[39m

[31m[7m47[0m             create: {[39m
[31m[7m  [0m [91m            ~~~~~~[0m[39m

[31m  [96mnode_modules/.prisma/client/index.d.ts[0m:[93m5161[0m:[93m5[0m[39m
[31m    [7m5161[0m     contact: string[39m
[31m    [7m    [0m [96m    ~~~~~~~[0m[39m
[31m    'contact' is declared here.[39m
[31m  [96mnode_modules/.prisma/client/index.d.ts[0m:[93m1881[0m:[93m5[0m[39m
[31m    [7m1881[0m     create: XOR<UserCreateInput, UserUncheckedCreateInput>[39m
[31m    [7m    [0m [96m    ~~~~~~[0m[39m
[31m    The expected type comes from property 'create' which is declared here on type '{ select?: UserSelect; include?: UserInclude; where: UserWhereUniqueInput; create: (Without<UserCreateInput, UserUncheckedCreateInput> & UserUncheckedCreateInput) | (Without<...> & UserCreateInput); update: (Without<...> & UserUncheckedUpdateInput) | (Without<...> & UserUpdateInput); }'[39m

[31mTSError: тип Unable to compile TypeScript:[39m
[31m[96msource/controllers/Oauth.ts[0m:[93m47[0m:[93m13[0m - [91merror[0m[90m TS2322: [0mType '{ firstname: string; lastname: string; email: string; password: string; }' is not assignable to type '(Without<UserCreateInput, UserUncheckedCreateInput> & UserUncheckedCreateInput) | (Without<...> & UserCreateInput)'.[39m
[31m  Type '{ firstname: string; lastname: string; email: string; password: string; }' is not assignable to type 'Without<UserUncheckedCreateInput, UserCreateInput> & UserCreateInput'.[39m
[31m    Property 'contact' is missing in type '{ firstname: string; lastname: string; email: string; password: string; }' but required in type 'UserCreateInput'.[39m

[31m[7m47[0m             create: {[39m
[31m[7m  [0m [91m            ~~~~~~[0m[39m

[31m  [96mnode_modules/.prisma/client/index.d.ts[0m:[93m5161[0m:[93m5[0m[39m
[31m    [7m5161[0m     contact: string[39m
[31m    [7m    [0m [96m    ~~~~~~~[0m[39m
[31m    'contact' is declared here.[39m
[31m  [96mnode_modules/.prisma/client/index.d.ts[0m:[93m1881[0m:[93m5[0m[39m
[31m    [7m1881[0m     create: XOR<UserCreateInput, UserUncheckedCreateInput>[39m
[31m    [7m    [0m [96m    ~~~~~~[0m[39m
[31m    The expected type comes from property 'create' which is declared here on type '{ select?: UserSelect; include?: UserInclude; where: UserWhereUniqueInput; create: (Without<UserCreateInput, UserUncheckedCreateInput> & UserUncheckedCreateInput) | (Without<...> & UserCreateInput); update: (Without<...> & UserUncheckedUpdateInput) | (Without<...> & UserUpdateInput); }'[39m

[31m    at createTSError (C:\Users\KUYE_HARRY\Desktop\COOK\EventBookingApi\node_modules\ts-node\src\index.ts:859:12)[39m
[31m    at reportTSError (C:\Users\KUYE_HARRY\Desktop\COOK\EventBookingApi\node_modules\ts-node\src\index.ts:863:19)[39m
[31m    at getOutput (C:\Users\KUYE_HARRY\Desktop\COOK\EventBookingApi\node_modules\ts-node\src\index.ts:1077:36)[39m
[31m    at Object.compile (C:\Users\KUYE_HARRY\Desktop\COOK\EventBookingApi\node_modules\ts-node\src\index.ts:1433:41)[39m
[31m    at Module.m._compile (C:\Users\KUYE_HARRY\Desktop\COOK\EventBookingApi\node_modules\ts-node\src\index.ts:1617:30)[39m
[31m    at Module._extensions..js (node:internal/modules/cjs/loader:1213:10)[39m
[31m    at Object.require.extensions.<computed> [as .ts] (C:\Users\KUYE_HARRY\Desktop\COOK\EventBookingApi\node_modules\ts-node\src\index.ts:1621:12)[39m
[31m    at Module.load (node:internal/modules/cjs/loader:1037:32)[39m
[31m    at Function.Module._load (node:internal/modules/cjs/loader:878:12)[39m
[31m    at Module.require (node:internal/modules/cjs/loader:1061:19)[39m
2023-03-20 16:06:14 [31merror[39m: [31muncaughtException: тип Unable to compile TypeScript:[39m
[31m[96msource/controllers/Oauth.ts[0m:[93m47[0m:[93m13[0m - [91merror[0m[90m TS2322: [0mType '{ firstname: string; lastname: string; email: string; password: string; }' is not assignable to type '(Without<UserCreateInput, UserUncheckedCreateInput> & UserUncheckedCreateInput) | (Without<...> & UserCreateInput)'.[39m
[31m  Type '{ firstname: string; lastname: string; email: string; password: string; }' is not assignable to type 'Without<UserUncheckedCreateInput, UserCreateInput> & UserCreateInput'.[39m
[31m    Property 'contact' is missing in type '{ firstname: string; lastname: string; email: string; password: string; }' but required in type 'UserCreateInput'.[39m

[31m[7m47[0m             create: {[39m
[31m[7m  [0m [91m            ~~~~~~[0m[39m

[31m  [96mnode_modules/.prisma/client/index.d.ts[0m:[93m5161[0m:[93m5[0m[39m
[31m    [7m5161[0m     contact: string[39m
[31m    [7m    [0m [96m    ~~~~~~~[0m[39m
[31m    'contact' is declared here.[39m
[31m  [96mnode_modules/.prisma/client/index.d.ts[0m:[93m1881[0m:[93m5[0m[39m
[31m    [7m1881[0m     create: XOR<UserCreateInput, UserUncheckedCreateInput>[39m
[31m    [7m    [0m [96m    ~~~~~~[0m[39m
[31m    The expected type comes from property 'create' which is declared here on type '{ select?: UserSelect; include?: UserInclude; where: UserWhereUniqueInput; create: (Without<UserCreateInput, UserUncheckedCreateInput> & UserUncheckedCreateInput) | (Without<...> & UserCreateInput); update: (Without<...> & UserUncheckedUpdateInput) | (Without<...> & UserUpdateInput); }'[39m

[31mTSError: тип Unable to compile TypeScript:[39m
[31m[96msource/controllers/Oauth.ts[0m:[93m47[0m:[93m13[0m - [91merror[0m[90m TS2322: [0mType '{ firstname: string; lastname: string; email: string; password: string; }' is not assignable to type '(Without<UserCreateInput, UserUncheckedCreateInput> & UserUncheckedCreateInput) | (Without<...> & UserCreateInput)'.[39m
[31m  Type '{ firstname: string; lastname: string; email: string; password: string; }' is not assignable to type 'Without<UserUncheckedCreateInput, UserCreateInput> & UserCreateInput'.[39m
[31m    Property 'contact' is missing in type '{ firstname: string; lastname: string; email: string; password: string; }' but required in type 'UserCreateInput'.[39m

[31m[7m47[0m             create: {[39m
[31m[7m  [0m [91m            ~~~~~~[0m[39m

[31m  [96mnode_modules/.prisma/client/index.d.ts[0m:[93m5161[0m:[93m5[0m[39m
[31m    [7m5161[0m     contact: string[39m
[31m    [7m    [0m [96m    ~~~~~~~[0m[39m
[31m    'contact' is declared here.[39m
[31m  [96mnode_modules/.prisma/client/index.d.ts[0m:[93m1881[0m:[93m5[0m[39m
[31m    [7m1881[0m     create: XOR<UserCreateInput, UserUncheckedCreateInput>[39m
[31m    [7m    [0m [96m    ~~~~~~[0m[39m
[31m    The expected type comes from property 'create' which is declared here on type '{ select?: UserSelect; include?: UserInclude; where: UserWhereUniqueInput; create: (Without<UserCreateInput, UserUncheckedCreateInput> & UserUncheckedCreateInput) | (Without<...> & UserCreateInput); update: (Without<...> & UserUncheckedUpdateInput) | (Without<...> & UserUpdateInput); }'[39m

[31m    at createTSError (C:\Users\KUYE_HARRY\Desktop\COOK\EventBookingApi\node_modules\ts-node\src\index.ts:859:12)[39m
[31m    at reportTSError (C:\Users\KUYE_HARRY\Desktop\COOK\EventBookingApi\node_modules\ts-node\src\index.ts:863:19)[39m
[31m    at getOutput (C:\Users\KUYE_HARRY\Desktop\COOK\EventBookingApi\node_modules\ts-node\src\index.ts:1077:36)[39m
[31m    at Object.compile (C:\Users\KUYE_HARRY\Desktop\COOK\EventBookingApi\node_modules\ts-node\src\index.ts:1433:41)[39m
[31m    at Module.m._compile (C:\Users\KUYE_HARRY\Desktop\COOK\EventBookingApi\node_modules\ts-node\src\index.ts:1617:30)[39m
[31m    at Module._extensions..js (node:internal/modules/cjs/loader:1213:10)[39m
[31m    at Object.require.extensions.<computed> [as .ts] (C:\Users\KUYE_HARRY\Desktop\COOK\EventBookingApi\node_modules\ts-node\src\index.ts:1621:12)[39m
[31m    at Module.load (node:internal/modules/cjs/loader:1037:32)[39m
[31m    at Function.Module._load (node:internal/modules/cjs/loader:878:12)[39m
[31m    at Module.require (node:internal/modules/cjs/loader:1061:19)[39m
2023-03-20 16:06:14 [31merror[39m: [31muncaughtException: тип Unable to compile TypeScript:[39m
[31m[96msource/controllers/Oauth.ts[0m:[93m47[0m:[93m13[0m - [91merror[0m[90m TS2322: [0mType '{ firstname: string; lastname: string; email: string; password: string; }' is not assignable to type '(Without<UserCreateInput, UserUncheckedCreateInput> & UserUncheckedCreateInput) | (Without<...> & UserCreateInput)'.[39m
[31m  Type '{ firstname: string; lastname: string; email: string; password: string; }' is not assignable to type 'Without<UserUncheckedCreateInput, UserCreateInput> & UserCreateInput'.[39m
[31m    Property 'contact' is missing in type '{ firstname: string; lastname: string; email: string; password: string; }' but required in type 'UserCreateInput'.[39m

[31m[7m47[0m             create: {[39m
[31m[7m  [0m [91m            ~~~~~~[0m[39m

[31m  [96mnode_modules/.prisma/client/index.d.ts[0m:[93m5161[0m:[93m5[0m[39m
[31m    [7m5161[0m     contact: string[39m
[31m    [7m    [0m [96m    ~~~~~~~[0m[39m
[31m    'contact' is declared here.[39m
[31m  [96mnode_modules/.prisma/client/index.d.ts[0m:[93m1881[0m:[93m5[0m[39m
[31m    [7m1881[0m     create: XOR<UserCreateInput, UserUncheckedCreateInput>[39m
[31m    [7m    [0m [96m    ~~~~~~[0m[39m
[31m    The expected type comes from property 'create' which is declared here on type '{ select?: UserSelect; include?: UserInclude; where: UserWhereUniqueInput; create: (Without<UserCreateInput, UserUncheckedCreateInput> & UserUncheckedCreateInput) | (Without<...> & UserCreateInput); update: (Without<...> & UserUncheckedUpdateInput) | (Without<...> & UserUpdateInput); }'[39m

[31mTSError: тип Unable to compile TypeScript:[39m
[31m[96msource/controllers/Oauth.ts[0m:[93m47[0m:[93m13[0m - [91merror[0m[90m TS2322: [0mType '{ firstname: string; lastname: string; email: string; password: string; }' is not assignable to type '(Without<UserCreateInput, UserUncheckedCreateInput> & UserUncheckedCreateInput) | (Without<...> & UserCreateInput)'.[39m
[31m  Type '{ firstname: string; lastname: string; email: string; password: string; }' is not assignable to type 'Without<UserUncheckedCreateInput, UserCreateInput> & UserCreateInput'.[39m
[31m    Property 'contact' is missing in type '{ firstname: string; lastname: string; email: string; password: string; }' but required in type 'UserCreateInput'.[39m

[31m[7m47[0m             create: {[39m
[31m[7m  [0m [91m            ~~~~~~[0m[39m

[31m  [96mnode_modules/.prisma/client/index.d.ts[0m:[93m5161[0m:[93m5[0m[39m
[31m    [7m5161[0m     contact: string[39m
[31m    [7m    [0m [96m    ~~~~~~~[0m[39m
[31m    'contact' is declared here.[39m
[31m  [96mnode_modules/.prisma/client/index.d.ts[0m:[93m1881[0m:[93m5[0m[39m
[31m    [7m1881[0m     create: XOR<UserCreateInput, UserUncheckedCreateInput>[39m
[31m    [7m    [0m [96m    ~~~~~~[0m[39m
[31m    The expected type comes from property 'create' which is declared here on type '{ select?: UserSelect; include?: UserInclude; where: UserWhereUniqueInput; create: (Without<UserCreateInput, UserUncheckedCreateInput> & UserUncheckedCreateInput) | (Without<...> & UserCreateInput); update: (Without<...> & UserUncheckedUpdateInput) | (Without<...> & UserUpdateInput); }'[39m

[31m    at createTSError (C:\Users\KUYE_HARRY\Desktop\COOK\EventBookingApi\node_modules\ts-node\src\index.ts:859:12)[39m
[31m    at reportTSError (C:\Users\KUYE_HARRY\Desktop\COOK\EventBookingApi\node_modules\ts-node\src\index.ts:863:19)[39m
[31m    at getOutput (C:\Users\KUYE_HARRY\Desktop\COOK\EventBookingApi\node_modules\ts-node\src\index.ts:1077:36)[39m
[31m    at Object.compile (C:\Users\KUYE_HARRY\Desktop\COOK\EventBookingApi\node_modules\ts-node\src\index.ts:1433:41)[39m
[31m    at Module.m._compile (C:\Users\KUYE_HARRY\Desktop\COOK\EventBookingApi\node_modules\ts-node\src\index.ts:1617:30)[39m
[31m    at Module._extensions..js (node:internal/modules/cjs/loader:1213:10)[39m
[31m    at Object.require.extensions.<computed> [as .ts] (C:\Users\KUYE_HARRY\Desktop\COOK\EventBookingApi\node_modules\ts-node\src\index.ts:1621:12)[39m
[31m    at Module.load (node:internal/modules/cjs/loader:1037:32)[39m
[31m    at Function.Module._load (node:internal/modules/cjs/loader:878:12)[39m
[31m    at Module.require (node:internal/modules/cjs/loader:1061:19)[39m
2023-03-20 16:07:36 [31merror[39m: [31muncaughtException: тип Unable to compile TypeScript:[39m
[31m[96msource/controllers/Oauth.ts[0m:[93m47[0m:[93m13[0m - [91merror[0m[90m TS2322: [0mType '{ firstname: string; lastname: string; email: string; password: string; }' is not assignable to type '(Without<UserCreateInput, UserUncheckedCreateInput> & UserUncheckedCreateInput) | (Without<...> & UserCreateInput)'.[39m
[31m  Type '{ firstname: string; lastname: string; email: string; password: string; }' is not assignable to type 'Without<UserUncheckedCreateInput, UserCreateInput> & UserCreateInput'.[39m
[31m    Property 'contact' is missing in type '{ firstname: string; lastname: string; email: string; password: string; }' but required in type 'UserCreateInput'.[39m

[31m[7m47[0m             create: {[39m
[31m[7m  [0m [91m            ~~~~~~[0m[39m

[31m  [96mnode_modules/.prisma/client/index.d.ts[0m:[93m5161[0m:[93m5[0m[39m
[31m    [7m5161[0m     contact: string[39m
[31m    [7m    [0m [96m    ~~~~~~~[0m[39m
[31m    'contact' is declared here.[39m
[31m  [96mnode_modules/.prisma/client/index.d.ts[0m:[93m1881[0m:[93m5[0m[39m
[31m    [7m1881[0m     create: XOR<UserCreateInput, UserUncheckedCreateInput>[39m
[31m    [7m    [0m [96m    ~~~~~~[0m[39m
[31m    The expected type comes from property 'create' which is declared here on type '{ select?: UserSelect; include?: UserInclude; where: UserWhereUniqueInput; create: (Without<UserCreateInput, UserUncheckedCreateInput> & UserUncheckedCreateInput) | (Without<...> & UserCreateInput); update: (Without<...> & UserUncheckedUpdateInput) | (Without<...> & UserUpdateInput); }'[39m

[31mTSError: тип Unable to compile TypeScript:[39m
[31m[96msource/controllers/Oauth.ts[0m:[93m47[0m:[93m13[0m - [91merror[0m[90m TS2322: [0mType '{ firstname: string; lastname: string; email: string; password: string; }' is not assignable to type '(Without<UserCreateInput, UserUncheckedCreateInput> & UserUncheckedCreateInput) | (Without<...> & UserCreateInput)'.[39m
[31m  Type '{ firstname: string; lastname: string; email: string; password: string; }' is not assignable to type 'Without<UserUncheckedCreateInput, UserCreateInput> & UserCreateInput'.[39m
[31m    Property 'contact' is missing in type '{ firstname: string; lastname: string; email: string; password: string; }' but required in type 'UserCreateInput'.[39m

[31m[7m47[0m             create: {[39m
[31m[7m  [0m [91m            ~~~~~~[0m[39m

[31m  [96mnode_modules/.prisma/client/index.d.ts[0m:[93m5161[0m:[93m5[0m[39m
[31m    [7m5161[0m     contact: string[39m
[31m    [7m    [0m [96m    ~~~~~~~[0m[39m
[31m    'contact' is declared here.[39m
[31m  [96mnode_modules/.prisma/client/index.d.ts[0m:[93m1881[0m:[93m5[0m[39m
[31m    [7m1881[0m     create: XOR<UserCreateInput, UserUncheckedCreateInput>[39m
[31m    [7m    [0m [96m    ~~~~~~[0m[39m
[31m    The expected type comes from property 'create' which is declared here on type '{ select?: UserSelect; include?: UserInclude; where: UserWhereUniqueInput; create: (Without<UserCreateInput, UserUncheckedCreateInput> & UserUncheckedCreateInput) | (Without<...> & UserCreateInput); update: (Without<...> & UserUncheckedUpdateInput) | (Without<...> & UserUpdateInput); }'[39m

[31m    at createTSError (C:\Users\KUYE_HARRY\Desktop\COOK\EventBookingApi\node_modules\ts-node\src\index.ts:859:12)[39m
[31m    at reportTSError (C:\Users\KUYE_HARRY\Desktop\COOK\EventBookingApi\node_modules\ts-node\src\index.ts:863:19)[39m
[31m    at getOutput (C:\Users\KUYE_HARRY\Desktop\COOK\EventBookingApi\node_modules\ts-node\src\index.ts:1077:36)[39m
[31m    at Object.compile (C:\Users\KUYE_HARRY\Desktop\COOK\EventBookingApi\node_modules\ts-node\src\index.ts:1433:41)[39m
[31m    at Module.m._compile (C:\Users\KUYE_HARRY\Desktop\COOK\EventBookingApi\node_modules\ts-node\src\index.ts:1617:30)[39m
[31m    at Module._extensions..js (node:internal/modules/cjs/loader:1213:10)[39m
[31m    at Object.require.extensions.<computed> [as .ts] (C:\Users\KUYE_HARRY\Desktop\COOK\EventBookingApi\node_modules\ts-node\src\index.ts:1621:12)[39m
[31m    at Module.load (node:internal/modules/cjs/loader:1037:32)[39m
[31m    at Function.Module._load (node:internal/modules/cjs/loader:878:12)[39m
[31m    at Module.require (node:internal/modules/cjs/loader:1061:19)[39m
2023-03-20 16:07:36 [31merror[39m: [31muncaughtException: тип Unable to compile TypeScript:[39m
[31m[96msource/controllers/Oauth.ts[0m:[93m47[0m:[93m13[0m - [91merror[0m[90m TS2322: [0mType '{ firstname: string; lastname: string; email: string; password: string; }' is not assignable to type '(Without<UserCreateInput, UserUncheckedCreateInput> & UserUncheckedCreateInput) | (Without<...> & UserCreateInput)'.[39m
[31m  Type '{ firstname: string; lastname: string; email: string; password: string; }' is not assignable to type 'Without<UserUncheckedCreateInput, UserCreateInput> & UserCreateInput'.[39m
[31m    Property 'contact' is missing in type '{ firstname: string; lastname: string; email: string; password: string; }' but required in type 'UserCreateInput'.[39m

[31m[7m47[0m             create: {[39m
[31m[7m  [0m [91m            ~~~~~~[0m[39m

[31m  [96mnode_modules/.prisma/client/index.d.ts[0m:[93m5161[0m:[93m5[0m[39m
[31m    [7m5161[0m     contact: string[39m
[31m    [7m    [0m [96m    ~~~~~~~[0m[39m
[31m    'contact' is declared here.[39m
[31m  [96mnode_modules/.prisma/client/index.d.ts[0m:[93m1881[0m:[93m5[0m[39m
[31m    [7m1881[0m     create: XOR<UserCreateInput, UserUncheckedCreateInput>[39m
[31m    [7m    [0m [96m    ~~~~~~[0m[39m
[31m    The expected type comes from property 'create' which is declared here on type '{ select?: UserSelect; include?: UserInclude; where: UserWhereUniqueInput; create: (Without<UserCreateInput, UserUncheckedCreateInput> & UserUncheckedCreateInput) | (Without<...> & UserCreateInput); update: (Without<...> & UserUncheckedUpdateInput) | (Without<...> & UserUpdateInput); }'[39m

[31mTSError: тип Unable to compile TypeScript:[39m
[31m[96msource/controllers/Oauth.ts[0m:[93m47[0m:[93m13[0m - [91merror[0m[90m TS2322: [0mType '{ firstname: string; lastname: string; email: string; password: string; }' is not assignable to type '(Without<UserCreateInput, UserUncheckedCreateInput> & UserUncheckedCreateInput) | (Without<...> & UserCreateInput)'.[39m
[31m  Type '{ firstname: string; lastname: string; email: string; password: string; }' is not assignable to type 'Without<UserUncheckedCreateInput, UserCreateInput> & UserCreateInput'.[39m
[31m    Property 'contact' is missing in type '{ firstname: string; lastname: string; email: string; password: string; }' but required in type 'UserCreateInput'.[39m

[31m[7m47[0m             create: {[39m
[31m[7m  [0m [91m            ~~~~~~[0m[39m

[31m  [96mnode_modules/.prisma/client/index.d.ts[0m:[93m5161[0m:[93m5[0m[39m
[31m    [7m5161[0m     contact: string[39m
[31m    [7m    [0m [96m    ~~~~~~~[0m[39m
[31m    'contact' is declared here.[39m
[31m  [96mnode_modules/.prisma/client/index.d.ts[0m:[93m1881[0m:[93m5[0m[39m
[31m    [7m1881[0m     create: XOR<UserCreateInput, UserUncheckedCreateInput>[39m
[31m    [7m    [0m [96m    ~~~~~~[0m[39m
[31m    The expected type comes from property 'create' which is declared here on type '{ select?: UserSelect; include?: UserInclude; where: UserWhereUniqueInput; create: (Without<UserCreateInput, UserUncheckedCreateInput> & UserUncheckedCreateInput) | (Without<...> & UserCreateInput); update: (Without<...> & UserUncheckedUpdateInput) | (Without<...> & UserUpdateInput); }'[39m

[31m    at createTSError (C:\Users\KUYE_HARRY\Desktop\COOK\EventBookingApi\node_modules\ts-node\src\index.ts:859:12)[39m
[31m    at reportTSError (C:\Users\KUYE_HARRY\Desktop\COOK\EventBookingApi\node_modules\ts-node\src\index.ts:863:19)[39m
[31m    at getOutput (C:\Users\KUYE_HARRY\Desktop\COOK\EventBookingApi\node_modules\ts-node\src\index.ts:1077:36)[39m
[31m    at Object.compile (C:\Users\KUYE_HARRY\Desktop\COOK\EventBookingApi\node_modules\ts-node\src\index.ts:1433:41)[39m
[31m    at Module.m._compile (C:\Users\KUYE_HARRY\Desktop\COOK\EventBookingApi\node_modules\ts-node\src\index.ts:1617:30)[39m
[31m    at Module._extensions..js (node:internal/modules/cjs/loader:1213:10)[39m
[31m    at Object.require.extensions.<computed> [as .ts] (C:\Users\KUYE_HARRY\Desktop\COOK\EventBookingApi\node_modules\ts-node\src\index.ts:1621:12)[39m
[31m    at Module.load (node:internal/modules/cjs/loader:1037:32)[39m
[31m    at Function.Module._load (node:internal/modules/cjs/loader:878:12)[39m
[31m    at Module.require (node:internal/modules/cjs/loader:1061:19)[39m
2023-03-20 16:07:53 [31merror[39m: [31muncaughtException: тип Unable to compile TypeScript:[39m
[31m[96msource/controllers/Oauth.ts[0m:[93m47[0m:[93m13[0m - [91merror[0m[90m TS2322: [0mType '{ firstname: string; lastname: string; email: string; password: string; }' is not assignable to type '(Without<UserCreateInput, UserUncheckedCreateInput> & UserUncheckedCreateInput) | (Without<...> & UserCreateInput)'.[39m
[31m  Type '{ firstname: string; lastname: string; email: string; password: string; }' is not assignable to type 'Without<UserUncheckedCreateInput, UserCreateInput> & UserCreateInput'.[39m
[31m    Property 'contact' is missing in type '{ firstname: string; lastname: string; email: string; password: string; }' but required in type 'UserCreateInput'.[39m

[31m[7m47[0m             create: {[39m
[31m[7m  [0m [91m            ~~~~~~[0m[39m

[31m  [96mnode_modules/.prisma/client/index.d.ts[0m:[93m5161[0m:[93m5[0m[39m
[31m    [7m5161[0m     contact: string[39m
[31m    [7m    [0m [96m    ~~~~~~~[0m[39m
[31m    'contact' is declared here.[39m
[31m  [96mnode_modules/.prisma/client/index.d.ts[0m:[93m1881[0m:[93m5[0m[39m
[31m    [7m1881[0m     create: XOR<UserCreateInput, UserUncheckedCreateInput>[39m
[31m    [7m    [0m [96m    ~~~~~~[0m[39m
[31m    The expected type comes from property 'create' which is declared here on type '{ select?: UserSelect; include?: UserInclude; where: UserWhereUniqueInput; create: (Without<UserCreateInput, UserUncheckedCreateInput> & UserUncheckedCreateInput) | (Without<...> & UserCreateInput); update: (Without<...> & UserUncheckedUpdateInput) | (Without<...> & UserUpdateInput); }'[39m

[31mTSError: тип Unable to compile TypeScript:[39m
[31m[96msource/controllers/Oauth.ts[0m:[93m47[0m:[93m13[0m - [91merror[0m[90m TS2322: [0mType '{ firstname: string; lastname: string; email: string; password: string; }' is not assignable to type '(Without<UserCreateInput, UserUncheckedCreateInput> & UserUncheckedCreateInput) | (Without<...> & UserCreateInput)'.[39m
[31m  Type '{ firstname: string; lastname: string; email: string; password: string; }' is not assignable to type 'Without<UserUncheckedCreateInput, UserCreateInput> & UserCreateInput'.[39m
[31m    Property 'contact' is missing in type '{ firstname: string; lastname: string; email: string; password: string; }' but required in type 'UserCreateInput'.[39m

[31m[7m47[0m             create: {[39m
[31m[7m  [0m [91m            ~~~~~~[0m[39m

[31m  [96mnode_modules/.prisma/client/index.d.ts[0m:[93m5161[0m:[93m5[0m[39m
[31m    [7m5161[0m     contact: string[39m
[31m    [7m    [0m [96m    ~~~~~~~[0m[39m
[31m    'contact' is declared here.[39m
[31m  [96mnode_modules/.prisma/client/index.d.ts[0m:[93m1881[0m:[93m5[0m[39m
[31m    [7m1881[0m     create: XOR<UserCreateInput, UserUncheckedCreateInput>[39m
[31m    [7m    [0m [96m    ~~~~~~[0m[39m
[31m    The expected type comes from property 'create' which is declared here on type '{ select?: UserSelect; include?: UserInclude; where: UserWhereUniqueInput; create: (Without<UserCreateInput, UserUncheckedCreateInput> & UserUncheckedCreateInput) | (Without<...> & UserCreateInput); update: (Without<...> & UserUncheckedUpdateInput) | (Without<...> & UserUpdateInput); }'[39m

[31m    at createTSError (C:\Users\KUYE_HARRY\Desktop\COOK\EventBookingApi\node_modules\ts-node\src\index.ts:859:12)[39m
[31m    at reportTSError (C:\Users\KUYE_HARRY\Desktop\COOK\EventBookingApi\node_modules\ts-node\src\index.ts:863:19)[39m
[31m    at getOutput (C:\Users\KUYE_HARRY\Desktop\COOK\EventBookingApi\node_modules\ts-node\src\index.ts:1077:36)[39m
[31m    at Object.compile (C:\Users\KUYE_HARRY\Desktop\COOK\EventBookingApi\node_modules\ts-node\src\index.ts:1433:41)[39m
[31m    at Module.m._compile (C:\Users\KUYE_HARRY\Desktop\COOK\EventBookingApi\node_modules\ts-node\src\index.ts:1617:30)[39m
[31m    at Module._extensions..js (node:internal/modules/cjs/loader:1213:10)[39m
[31m    at Object.require.extensions.<computed> [as .ts] (C:\Users\KUYE_HARRY\Desktop\COOK\EventBookingApi\node_modules\ts-node\src\index.ts:1621:12)[39m
[31m    at Module.load (node:internal/modules/cjs/loader:1037:32)[39m
[31m    at Function.Module._load (node:internal/modules/cjs/loader:878:12)[39m
[31m    at Module.require (node:internal/modules/cjs/loader:1061:19)[39m
2023-03-20 16:07:53 [31merror[39m: [31muncaughtException: тип Unable to compile TypeScript:[39m
[31m[96msource/controllers/Oauth.ts[0m:[93m47[0m:[93m13[0m - [91merror[0m[90m TS2322: [0mType '{ firstname: string; lastname: string; email: string; password: string; }' is not assignable to type '(Without<UserCreateInput, UserUncheckedCreateInput> & UserUncheckedCreateInput) | (Without<...> & UserCreateInput)'.[39m
[31m  Type '{ firstname: string; lastname: string; email: string; password: string; }' is not assignable to type 'Without<UserUncheckedCreateInput, UserCreateInput> & UserCreateInput'.[39m
[31m    Property 'contact' is missing in type '{ firstname: string; lastname: string; email: string; password: string; }' but required in type 'UserCreateInput'.[39m

[31m[7m47[0m             create: {[39m
[31m[7m  [0m [91m            ~~~~~~[0m[39m

[31m  [96mnode_modules/.prisma/client/index.d.ts[0m:[93m5161[0m:[93m5[0m[39m
[31m    [7m5161[0m     contact: string[39m
[31m    [7m    [0m [96m    ~~~~~~~[0m[39m
[31m    'contact' is declared here.[39m
[31m  [96mnode_modules/.prisma/client/index.d.ts[0m:[93m1881[0m:[93m5[0m[39m
[31m    [7m1881[0m     create: XOR<UserCreateInput, UserUncheckedCreateInput>[39m
[31m    [7m    [0m [96m    ~~~~~~[0m[39m
[31m    The expected type comes from property 'create' which is declared here on type '{ select?: UserSelect; include?: UserInclude; where: UserWhereUniqueInput; create: (Without<UserCreateInput, UserUncheckedCreateInput> & UserUncheckedCreateInput) | (Without<...> & UserCreateInput); update: (Without<...> & UserUncheckedUpdateInput) | (Without<...> & UserUpdateInput); }'[39m

[31mTSError: тип Unable to compile TypeScript:[39m
[31m[96msource/controllers/Oauth.ts[0m:[93m47[0m:[93m13[0m - [91merror[0m[90m TS2322: [0mType '{ firstname: string; lastname: string; email: string; password: string; }' is not assignable to type '(Without<UserCreateInput, UserUncheckedCreateInput> & UserUncheckedCreateInput) | (Without<...> & UserCreateInput)'.[39m
[31m  Type '{ firstname: string; lastname: string; email: string; password: string; }' is not assignable to type 'Without<UserUncheckedCreateInput, UserCreateInput> & UserCreateInput'.[39m
[31m    Property 'contact' is missing in type '{ firstname: string; lastname: string; email: string; password: string; }' but required in type 'UserCreateInput'.[39m

[31m[7m47[0m             create: {[39m
[31m[7m  [0m [91m            ~~~~~~[0m[39m

[31m  [96mnode_modules/.prisma/client/index.d.ts[0m:[93m5161[0m:[93m5[0m[39m
[31m    [7m5161[0m     contact: string[39m
[31m    [7m    [0m [96m    ~~~~~~~[0m[39m
[31m    'contact' is declared here.[39m
[31m  [96mnode_modules/.prisma/client/index.d.ts[0m:[93m1881[0m:[93m5[0m[39m
[31m    [7m1881[0m     create: XOR<UserCreateInput, UserUncheckedCreateInput>[39m
[31m    [7m    [0m [96m    ~~~~~~[0m[39m
[31m    The expected type comes from property 'create' which is declared here on type '{ select?: UserSelect; include?: UserInclude; where: UserWhereUniqueInput; create: (Without<UserCreateInput, UserUncheckedCreateInput> & UserUncheckedCreateInput) | (Without<...> & UserCreateInput); update: (Without<...> & UserUncheckedUpdateInput) | (Without<...> & UserUpdateInput); }'[39m

[31m    at createTSError (C:\Users\KUYE_HARRY\Desktop\COOK\EventBookingApi\node_modules\ts-node\src\index.ts:859:12)[39m
[31m    at reportTSError (C:\Users\KUYE_HARRY\Desktop\COOK\EventBookingApi\node_modules\ts-node\src\index.ts:863:19)[39m
[31m    at getOutput (C:\Users\KUYE_HARRY\Desktop\COOK\EventBookingApi\node_modules\ts-node\src\index.ts:1077:36)[39m
[31m    at Object.compile (C:\Users\KUYE_HARRY\Desktop\COOK\EventBookingApi\node_modules\ts-node\src\index.ts:1433:41)[39m
[31m    at Module.m._compile (C:\Users\KUYE_HARRY\Desktop\COOK\EventBookingApi\node_modules\ts-node\src\index.ts:1617:30)[39m
[31m    at Module._extensions..js (node:internal/modules/cjs/loader:1213:10)[39m
[31m    at Object.require.extensions.<computed> [as .ts] (C:\Users\KUYE_HARRY\Desktop\COOK\EventBookingApi\node_modules\ts-node\src\index.ts:1621:12)[39m
[31m    at Module.load (node:internal/modules/cjs/loader:1037:32)[39m
[31m    at Function.Module._load (node:internal/modules/cjs/loader:878:12)[39m
[31m    at Module.require (node:internal/modules/cjs/loader:1061:19)[39m
2023-03-20 16:08:37 [31merror[39m: [31muncaughtException: тип Unable to compile TypeScript:[39m
[31m[96msource/controllers/Oauth.ts[0m:[93m47[0m:[93m13[0m - [91merror[0m[90m TS2322: [0mType '{ firstname: string; lastname: string; email: string; password: string; }' is not assignable to type '(Without<UserCreateInput, UserUncheckedCreateInput> & UserUncheckedCreateInput) | (Without<...> & UserCreateInput)'.[39m
[31m  Type '{ firstname: string; lastname: string; email: string; password: string; }' is not assignable to type 'Without<UserUncheckedCreateInput, UserCreateInput> & UserCreateInput'.[39m
[31m    Property 'contact' is missing in type '{ firstname: string; lastname: string; email: string; password: string; }' but required in type 'UserCreateInput'.[39m

[31m[7m47[0m             create: {[39m
[31m[7m  [0m [91m            ~~~~~~[0m[39m

[31m  [96mnode_modules/.prisma/client/index.d.ts[0m:[93m5161[0m:[93m5[0m[39m
[31m    [7m5161[0m     contact: string[39m
[31m    [7m    [0m [96m    ~~~~~~~[0m[39m
[31m    'contact' is declared here.[39m
[31m  [96mnode_modules/.prisma/client/index.d.ts[0m:[93m1881[0m:[93m5[0m[39m
[31m    [7m1881[0m     create: XOR<UserCreateInput, UserUncheckedCreateInput>[39m
[31m    [7m    [0m [96m    ~~~~~~[0m[39m
[31m    The expected type comes from property 'create' which is declared here on type '{ select?: UserSelect; include?: UserInclude; where: UserWhereUniqueInput; create: (Without<UserCreateInput, UserUncheckedCreateInput> & UserUncheckedCreateInput) | (Without<...> & UserCreateInput); update: (Without<...> & UserUncheckedUpdateInput) | (Without<...> & UserUpdateInput); }'[39m

[31mTSError: тип Unable to compile TypeScript:[39m
[31m[96msource/controllers/Oauth.ts[0m:[93m47[0m:[93m13[0m - [91merror[0m[90m TS2322: [0mType '{ firstname: string; lastname: string; email: string; password: string; }' is not assignable to type '(Without<UserCreateInput, UserUncheckedCreateInput> & UserUncheckedCreateInput) | (Without<...> & UserCreateInput)'.[39m
[31m  Type '{ firstname: string; lastname: string; email: string; password: string; }' is not assignable to type 'Without<UserUncheckedCreateInput, UserCreateInput> & UserCreateInput'.[39m
[31m    Property 'contact' is missing in type '{ firstname: string; lastname: string; email: string; password: string; }' but required in type 'UserCreateInput'.[39m

[31m[7m47[0m             create: {[39m
[31m[7m  [0m [91m            ~~~~~~[0m[39m

[31m  [96mnode_modules/.prisma/client/index.d.ts[0m:[93m5161[0m:[93m5[0m[39m
[31m    [7m5161[0m     contact: string[39m
[31m    [7m    [0m [96m    ~~~~~~~[0m[39m
[31m    'contact' is declared here.[39m
[31m  [96mnode_modules/.prisma/client/index.d.ts[0m:[93m1881[0m:[93m5[0m[39m
[31m    [7m1881[0m     create: XOR<UserCreateInput, UserUncheckedCreateInput>[39m
[31m    [7m    [0m [96m    ~~~~~~[0m[39m
[31m    The expected type comes from property 'create' which is declared here on type '{ select?: UserSelect; include?: UserInclude; where: UserWhereUniqueInput; create: (Without<UserCreateInput, UserUncheckedCreateInput> & UserUncheckedCreateInput) | (Without<...> & UserCreateInput); update: (Without<...> & UserUncheckedUpdateInput) | (Without<...> & UserUpdateInput); }'[39m

[31m    at createTSError (C:\Users\KUYE_HARRY\Desktop\COOK\EventBookingApi\node_modules\ts-node\src\index.ts:859:12)[39m
[31m    at reportTSError (C:\Users\KUYE_HARRY\Desktop\COOK\EventBookingApi\node_modules\ts-node\src\index.ts:863:19)[39m
[31m    at getOutput (C:\Users\KUYE_HARRY\Desktop\COOK\EventBookingApi\node_modules\ts-node\src\index.ts:1077:36)[39m
[31m    at Object.compile (C:\Users\KUYE_HARRY\Desktop\COOK\EventBookingApi\node_modules\ts-node\src\index.ts:1433:41)[39m
[31m    at Module.m._compile (C:\Users\KUYE_HARRY\Desktop\COOK\EventBookingApi\node_modules\ts-node\src\index.ts:1617:30)[39m
[31m    at Module._extensions..js (node:internal/modules/cjs/loader:1213:10)[39m
[31m    at Object.require.extensions.<computed> [as .ts] (C:\Users\KUYE_HARRY\Desktop\COOK\EventBookingApi\node_modules\ts-node\src\index.ts:1621:12)[39m
[31m    at Module.load (node:internal/modules/cjs/loader:1037:32)[39m
[31m    at Function.Module._load (node:internal/modules/cjs/loader:878:12)[39m
[31m    at Module.require (node:internal/modules/cjs/loader:1061:19)[39m
2023-03-20 16:08:37 [31merror[39m: [31muncaughtException: тип Unable to compile TypeScript:[39m
[31m[96msource/controllers/Oauth.ts[0m:[93m47[0m:[93m13[0m - [91merror[0m[90m TS2322: [0mType '{ firstname: string; lastname: string; email: string; password: string; }' is not assignable to type '(Without<UserCreateInput, UserUncheckedCreateInput> & UserUncheckedCreateInput) | (Without<...> & UserCreateInput)'.[39m
[31m  Type '{ firstname: string; lastname: string; email: string; password: string; }' is not assignable to type 'Without<UserUncheckedCreateInput, UserCreateInput> & UserCreateInput'.[39m
[31m    Property 'contact' is missing in type '{ firstname: string; lastname: string; email: string; password: string; }' but required in type 'UserCreateInput'.[39m

[31m[7m47[0m             create: {[39m
[31m[7m  [0m [91m            ~~~~~~[0m[39m

[31m  [96mnode_modules/.prisma/client/index.d.ts[0m:[93m5161[0m:[93m5[0m[39m
[31m    [7m5161[0m     contact: string[39m
[31m    [7m    [0m [96m    ~~~~~~~[0m[39m
[31m    'contact' is declared here.[39m
[31m  [96mnode_modules/.prisma/client/index.d.ts[0m:[93m1881[0m:[93m5[0m[39m
[31m    [7m1881[0m     create: XOR<UserCreateInput, UserUncheckedCreateInput>[39m
[31m    [7m    [0m [96m    ~~~~~~[0m[39m
[31m    The expected type comes from property 'create' which is declared here on type '{ select?: UserSelect; include?: UserInclude; where: UserWhereUniqueInput; create: (Without<UserCreateInput, UserUncheckedCreateInput> & UserUncheckedCreateInput) | (Without<...> & UserCreateInput); update: (Without<...> & UserUncheckedUpdateInput) | (Without<...> & UserUpdateInput); }'[39m

[31mTSError: тип Unable to compile TypeScript:[39m
[31m[96msource/controllers/Oauth.ts[0m:[93m47[0m:[93m13[0m - [91merror[0m[90m TS2322: [0mType '{ firstname: string; lastname: string; email: string; password: string; }' is not assignable to type '(Without<UserCreateInput, UserUncheckedCreateInput> & UserUncheckedCreateInput) | (Without<...> & UserCreateInput)'.[39m
[31m  Type '{ firstname: string; lastname: string; email: string; password: string; }' is not assignable to type 'Without<UserUncheckedCreateInput, UserCreateInput> & UserCreateInput'.[39m
[31m    Property 'contact' is missing in type '{ firstname: string; lastname: string; email: string; password: string; }' but required in type 'UserCreateInput'.[39m

[31m[7m47[0m             create: {[39m
[31m[7m  [0m [91m            ~~~~~~[0m[39m

[31m  [96mnode_modules/.prisma/client/index.d.ts[0m:[93m5161[0m:[93m5[0m[39m
[31m    [7m5161[0m     contact: string[39m
[31m    [7m    [0m [96m    ~~~~~~~[0m[39m
[31m    'contact' is declared here.[39m
[31m  [96mnode_modules/.prisma/client/index.d.ts[0m:[93m1881[0m:[93m5[0m[39m
[31m    [7m1881[0m     create: XOR<UserCreateInput, UserUncheckedCreateInput>[39m
[31m    [7m    [0m [96m    ~~~~~~[0m[39m
[31m    The expected type comes from property 'create' which is declared here on type '{ select?: UserSelect; include?: UserInclude; where: UserWhereUniqueInput; create: (Without<UserCreateInput, UserUncheckedCreateInput> & UserUncheckedCreateInput) | (Without<...> & UserCreateInput); update: (Without<...> & UserUncheckedUpdateInput) | (Without<...> & UserUpdateInput); }'[39m

[31m    at createTSError (C:\Users\KUYE_HARRY\Desktop\COOK\EventBookingApi\node_modules\ts-node\src\index.ts:859:12)[39m
[31m    at reportTSError (C:\Users\KUYE_HARRY\Desktop\COOK\EventBookingApi\node_modules\ts-node\src\index.ts:863:19)[39m
[31m    at getOutput (C:\Users\KUYE_HARRY\Desktop\COOK\EventBookingApi\node_modules\ts-node\src\index.ts:1077:36)[39m
[31m    at Object.compile (C:\Users\KUYE_HARRY\Desktop\COOK\EventBookingApi\node_modules\ts-node\src\index.ts:1433:41)[39m
[31m    at Module.m._compile (C:\Users\KUYE_HARRY\Desktop\COOK\EventBookingApi\node_modules\ts-node\src\index.ts:1617:30)[39m
[31m    at Module._extensions..js (node:internal/modules/cjs/loader:1213:10)[39m
[31m    at Object.require.extensions.<computed> [as .ts] (C:\Users\KUYE_HARRY\Desktop\COOK\EventBookingApi\node_modules\ts-node\src\index.ts:1621:12)[39m
[31m    at Module.load (node:internal/modules/cjs/loader:1037:32)[39m
[31m    at Function.Module._load (node:internal/modules/cjs/loader:878:12)[39m
[31m    at Module.require (node:internal/modules/cjs/loader:1061:19)[39m
2023-03-20 16:10:09 [31merror[39m: [31muncaughtException: тип Unable to compile TypeScript:[39m
[31m[96msource/controllers/Oauth.ts[0m:[93m47[0m:[93m13[0m - [91merror[0m[90m TS2322: [0mType '{ firstname: string; lastname: string; email: string; password: string; }' is not assignable to type '(Without<UserCreateInput, UserUncheckedCreateInput> & UserUncheckedCreateInput) | (Without<...> & UserCreateInput)'.[39m
[31m  Type '{ firstname: string; lastname: string; email: string; password: string; }' is not assignable to type 'Without<UserUncheckedCreateInput, UserCreateInput> & UserCreateInput'.[39m
[31m    Property 'contact' is missing in type '{ firstname: string; lastname: string; email: string; password: string; }' but required in type 'UserCreateInput'.[39m

[31m[7m47[0m             create: {[39m
[31m[7m  [0m [91m            ~~~~~~[0m[39m

[31m  [96mnode_modules/.prisma/client/index.d.ts[0m:[93m5161[0m:[93m5[0m[39m
[31m    [7m5161[0m     contact: string[39m
[31m    [7m    [0m [96m    ~~~~~~~[0m[39m
[31m    'contact' is declared here.[39m
[31m  [96mnode_modules/.prisma/client/index.d.ts[0m:[93m1881[0m:[93m5[0m[39m
[31m    [7m1881[0m     create: XOR<UserCreateInput, UserUncheckedCreateInput>[39m
[31m    [7m    [0m [96m    ~~~~~~[0m[39m
[31m    The expected type comes from property 'create' which is declared here on type '{ select?: UserSelect; include?: UserInclude; where: UserWhereUniqueInput; create: (Without<UserCreateInput, UserUncheckedCreateInput> & UserUncheckedCreateInput) | (Without<...> & UserCreateInput); update: (Without<...> & UserUncheckedUpdateInput) | (Without<...> & UserUpdateInput); }'[39m

[31mTSError: тип Unable to compile TypeScript:[39m
[31m[96msource/controllers/Oauth.ts[0m:[93m47[0m:[93m13[0m - [91merror[0m[90m TS2322: [0mType '{ firstname: string; lastname: string; email: string; password: string; }' is not assignable to type '(Without<UserCreateInput, UserUncheckedCreateInput> & UserUncheckedCreateInput) | (Without<...> & UserCreateInput)'.[39m
[31m  Type '{ firstname: string; lastname: string; email: string; password: string; }' is not assignable to type 'Without<UserUncheckedCreateInput, UserCreateInput> & UserCreateInput'.[39m
[31m    Property 'contact' is missing in type '{ firstname: string; lastname: string; email: string; password: string; }' but required in type 'UserCreateInput'.[39m

[31m[7m47[0m             create: {[39m
[31m[7m  [0m [91m            ~~~~~~[0m[39m

[31m  [96mnode_modules/.prisma/client/index.d.ts[0m:[93m5161[0m:[93m5[0m[39m
[31m    [7m5161[0m     contact: string[39m
[31m    [7m    [0m [96m    ~~~~~~~[0m[39m
[31m    'contact' is declared here.[39m
[31m  [96mnode_modules/.prisma/client/index.d.ts[0m:[93m1881[0m:[93m5[0m[39m
[31m    [7m1881[0m     create: XOR<UserCreateInput, UserUncheckedCreateInput>[39m
[31m    [7m    [0m [96m    ~~~~~~[0m[39m
[31m    The expected type comes from property 'create' which is declared here on type '{ select?: UserSelect; include?: UserInclude; where: UserWhereUniqueInput; create: (Without<UserCreateInput, UserUncheckedCreateInput> & UserUncheckedCreateInput) | (Without<...> & UserCreateInput); update: (Without<...> & UserUncheckedUpdateInput) | (Without<...> & UserUpdateInput); }'[39m

[31m    at createTSError (C:\Users\KUYE_HARRY\Desktop\COOK\EventBookingApi\node_modules\ts-node\src\index.ts:859:12)[39m
[31m    at reportTSError (C:\Users\KUYE_HARRY\Desktop\COOK\EventBookingApi\node_modules\ts-node\src\index.ts:863:19)[39m
[31m    at getOutput (C:\Users\KUYE_HARRY\Desktop\COOK\EventBookingApi\node_modules\ts-node\src\index.ts:1077:36)[39m
[31m    at Object.compile (C:\Users\KUYE_HARRY\Desktop\COOK\EventBookingApi\node_modules\ts-node\src\index.ts:1433:41)[39m
[31m    at Module.m._compile (C:\Users\KUYE_HARRY\Desktop\COOK\EventBookingApi\node_modules\ts-node\src\index.ts:1617:30)[39m
[31m    at Module._extensions..js (node:internal/modules/cjs/loader:1213:10)[39m
[31m    at Object.require.extensions.<computed> [as .ts] (C:\Users\KUYE_HARRY\Desktop\COOK\EventBookingApi\node_modules\ts-node\src\index.ts:1621:12)[39m
[31m    at Module.load (node:internal/modules/cjs/loader:1037:32)[39m
[31m    at Function.Module._load (node:internal/modules/cjs/loader:878:12)[39m
[31m    at Module.require (node:internal/modules/cjs/loader:1061:19)[39m
2023-03-20 16:10:09 [31merror[39m: [31muncaughtException: тип Unable to compile TypeScript:[39m
[31m[96msource/controllers/Oauth.ts[0m:[93m47[0m:[93m13[0m - [91merror[0m[90m TS2322: [0mType '{ firstname: string; lastname: string; email: string; password: string; }' is not assignable to type '(Without<UserCreateInput, UserUncheckedCreateInput> & UserUncheckedCreateInput) | (Without<...> & UserCreateInput)'.[39m
[31m  Type '{ firstname: string; lastname: string; email: string; password: string; }' is not assignable to type 'Without<UserUncheckedCreateInput, UserCreateInput> & UserCreateInput'.[39m
[31m    Property 'contact' is missing in type '{ firstname: string; lastname: string; email: string; password: string; }' but required in type 'UserCreateInput'.[39m

[31m[7m47[0m             create: {[39m
[31m[7m  [0m [91m            ~~~~~~[0m[39m

[31m  [96mnode_modules/.prisma/client/index.d.ts[0m:[93m5161[0m:[93m5[0m[39m
[31m    [7m5161[0m     contact: string[39m
[31m    [7m    [0m [96m    ~~~~~~~[0m[39m
[31m    'contact' is declared here.[39m
[31m  [96mnode_modules/.prisma/client/index.d.ts[0m:[93m1881[0m:[93m5[0m[39m
[31m    [7m1881[0m     create: XOR<UserCreateInput, UserUncheckedCreateInput>[39m
[31m    [7m    [0m [96m    ~~~~~~[0m[39m
[31m    The expected type comes from property 'create' which is declared here on type '{ select?: UserSelect; include?: UserInclude; where: UserWhereUniqueInput; create: (Without<UserCreateInput, UserUncheckedCreateInput> & UserUncheckedCreateInput) | (Without<...> & UserCreateInput); update: (Without<...> & UserUncheckedUpdateInput) | (Without<...> & UserUpdateInput); }'[39m

[31mTSError: тип Unable to compile TypeScript:[39m
[31m[96msource/controllers/Oauth.ts[0m:[93m47[0m:[93m13[0m - [91merror[0m[90m TS2322: [0mType '{ firstname: string; lastname: string; email: string; password: string; }' is not assignable to type '(Without<UserCreateInput, UserUncheckedCreateInput> & UserUncheckedCreateInput) | (Without<...> & UserCreateInput)'.[39m
[31m  Type '{ firstname: string; lastname: string; email: string; password: string; }' is not assignable to type 'Without<UserUncheckedCreateInput, UserCreateInput> & UserCreateInput'.[39m
[31m    Property 'contact' is missing in type '{ firstname: string; lastname: string; email: string; password: string; }' but required in type 'UserCreateInput'.[39m

[31m[7m47[0m             create: {[39m
[31m[7m  [0m [91m            ~~~~~~[0m[39m

[31m  [96mnode_modules/.prisma/client/index.d.ts[0m:[93m5161[0m:[93m5[0m[39m
[31m    [7m5161[0m     contact: string[39m
[31m    [7m    [0m [96m    ~~~~~~~[0m[39m
[31m    'contact' is declared here.[39m
[31m  [96mnode_modules/.prisma/client/index.d.ts[0m:[93m1881[0m:[93m5[0m[39m
[31m    [7m1881[0m     create: XOR<UserCreateInput, UserUncheckedCreateInput>[39m
[31m    [7m    [0m [96m    ~~~~~~[0m[39m
[31m    The expected type comes from property 'create' which is declared here on type '{ select?: UserSelect; include?: UserInclude; where: UserWhereUniqueInput; create: (Without<UserCreateInput, UserUncheckedCreateInput> & UserUncheckedCreateInput) | (Without<...> & UserCreateInput); update: (Without<...> & UserUncheckedUpdateInput) | (Without<...> & UserUpdateInput); }'[39m

[31m    at createTSError (C:\Users\KUYE_HARRY\Desktop\COOK\EventBookingApi\node_modules\ts-node\src\index.ts:859:12)[39m
[31m    at reportTSError (C:\Users\KUYE_HARRY\Desktop\COOK\EventBookingApi\node_modules\ts-node\src\index.ts:863:19)[39m
[31m    at getOutput (C:\Users\KUYE_HARRY\Desktop\COOK\EventBookingApi\node_modules\ts-node\src\index.ts:1077:36)[39m
[31m    at Object.compile (C:\Users\KUYE_HARRY\Desktop\COOK\EventBookingApi\node_modules\ts-node\src\index.ts:1433:41)[39m
[31m    at Module.m._compile (C:\Users\KUYE_HARRY\Desktop\COOK\EventBookingApi\node_modules\ts-node\src\index.ts:1617:30)[39m
[31m    at Module._extensions..js (node:internal/modules/cjs/loader:1213:10)[39m
[31m    at Object.require.extensions.<computed> [as .ts] (C:\Users\KUYE_HARRY\Desktop\COOK\EventBookingApi\node_modules\ts-node\src\index.ts:1621:12)[39m
[31m    at Module.load (node:internal/modules/cjs/loader:1037:32)[39m
[31m    at Function.Module._load (node:internal/modules/cjs/loader:878:12)[39m
[31m    at Module.require (node:internal/modules/cjs/loader:1061:19)[39m
2023-03-20 16:10:38 [31merror[39m: [31muncaughtException: тип Unable to compile TypeScript:[39m
[31m[96msource/controllers/Oauth.ts[0m:[93m47[0m:[93m13[0m - [91merror[0m[90m TS2322: [0mType '{ firstname: string; lastname: string; email: string; password: string; }' is not assignable to type '(Without<UserCreateInput, UserUncheckedCreateInput> & UserUncheckedCreateInput) | (Without<...> & UserCreateInput)'.[39m
[31m  Type '{ firstname: string; lastname: string; email: string; password: string; }' is not assignable to type 'Without<UserUncheckedCreateInput, UserCreateInput> & UserCreateInput'.[39m
[31m    Property 'contact' is missing in type '{ firstname: string; lastname: string; email: string; password: string; }' but required in type 'UserCreateInput'.[39m

[31m[7m47[0m             create: {[39m
[31m[7m  [0m [91m            ~~~~~~[0m[39m

[31m  [96mnode_modules/.prisma/client/index.d.ts[0m:[93m5161[0m:[93m5[0m[39m
[31m    [7m5161[0m     contact: string[39m
[31m    [7m    [0m [96m    ~~~~~~~[0m[39m
[31m    'contact' is declared here.[39m
[31m  [96mnode_modules/.prisma/client/index.d.ts[0m:[93m1881[0m:[93m5[0m[39m
[31m    [7m1881[0m     create: XOR<UserCreateInput, UserUncheckedCreateInput>[39m
[31m    [7m    [0m [96m    ~~~~~~[0m[39m
[31m    The expected type comes from property 'create' which is declared here on type '{ select?: UserSelect; include?: UserInclude; where: UserWhereUniqueInput; create: (Without<UserCreateInput, UserUncheckedCreateInput> & UserUncheckedCreateInput) | (Without<...> & UserCreateInput); update: (Without<...> & UserUncheckedUpdateInput) | (Without<...> & UserUpdateInput); }'[39m

[31mTSError: тип Unable to compile TypeScript:[39m
[31m[96msource/controllers/Oauth.ts[0m:[93m47[0m:[93m13[0m - [91merror[0m[90m TS2322: [0mType '{ firstname: string; lastname: string; email: string; password: string; }' is not assignable to type '(Without<UserCreateInput, UserUncheckedCreateInput> & UserUncheckedCreateInput) | (Without<...> & UserCreateInput)'.[39m
[31m  Type '{ firstname: string; lastname: string; email: string; password: string; }' is not assignable to type 'Without<UserUncheckedCreateInput, UserCreateInput> & UserCreateInput'.[39m
[31m    Property 'contact' is missing in type '{ firstname: string; lastname: string; email: string; password: string; }' but required in type 'UserCreateInput'.[39m

[31m[7m47[0m             create: {[39m
[31m[7m  [0m [91m            ~~~~~~[0m[39m

[31m  [96mnode_modules/.prisma/client/index.d.ts[0m:[93m5161[0m:[93m5[0m[39m
[31m    [7m5161[0m     contact: string[39m
[31m    [7m    [0m [96m    ~~~~~~~[0m[39m
[31m    'contact' is declared here.[39m
[31m  [96mnode_modules/.prisma/client/index.d.ts[0m:[93m1881[0m:[93m5[0m[39m
[31m    [7m1881[0m     create: XOR<UserCreateInput, UserUncheckedCreateInput>[39m
[31m    [7m    [0m [96m    ~~~~~~[0m[39m
[31m    The expected type comes from property 'create' which is declared here on type '{ select?: UserSelect; include?: UserInclude; where: UserWhereUniqueInput; create: (Without<UserCreateInput, UserUncheckedCreateInput> & UserUncheckedCreateInput) | (Without<...> & UserCreateInput); update: (Without<...> & UserUncheckedUpdateInput) | (Without<...> & UserUpdateInput); }'[39m

[31m    at createTSError (C:\Users\KUYE_HARRY\Desktop\COOK\EventBookingApi\node_modules\ts-node\src\index.ts:859:12)[39m
[31m    at reportTSError (C:\Users\KUYE_HARRY\Desktop\COOK\EventBookingApi\node_modules\ts-node\src\index.ts:863:19)[39m
[31m    at getOutput (C:\Users\KUYE_HARRY\Desktop\COOK\EventBookingApi\node_modules\ts-node\src\index.ts:1077:36)[39m
[31m    at Object.compile (C:\Users\KUYE_HARRY\Desktop\COOK\EventBookingApi\node_modules\ts-node\src\index.ts:1433:41)[39m
[31m    at Module.m._compile (C:\Users\KUYE_HARRY\Desktop\COOK\EventBookingApi\node_modules\ts-node\src\index.ts:1617:30)[39m
[31m    at Module._extensions..js (node:internal/modules/cjs/loader:1213:10)[39m
[31m    at Object.require.extensions.<computed> [as .ts] (C:\Users\KUYE_HARRY\Desktop\COOK\EventBookingApi\node_modules\ts-node\src\index.ts:1621:12)[39m
[31m    at Module.load (node:internal/modules/cjs/loader:1037:32)[39m
[31m    at Function.Module._load (node:internal/modules/cjs/loader:878:12)[39m
[31m    at Module.require (node:internal/modules/cjs/loader:1061:19)[39m
2023-03-20 16:10:38 [31merror[39m: [31muncaughtException: тип Unable to compile TypeScript:[39m
[31m[96msource/controllers/Oauth.ts[0m:[93m47[0m:[93m13[0m - [91merror[0m[90m TS2322: [0mType '{ firstname: string; lastname: string; email: string; password: string; }' is not assignable to type '(Without<UserCreateInput, UserUncheckedCreateInput> & UserUncheckedCreateInput) | (Without<...> & UserCreateInput)'.[39m
[31m  Type '{ firstname: string; lastname: string; email: string; password: string; }' is not assignable to type 'Without<UserUncheckedCreateInput, UserCreateInput> & UserCreateInput'.[39m
[31m    Property 'contact' is missing in type '{ firstname: string; lastname: string; email: string; password: string; }' but required in type 'UserCreateInput'.[39m

[31m[7m47[0m             create: {[39m
[31m[7m  [0m [91m            ~~~~~~[0m[39m

[31m  [96mnode_modules/.prisma/client/index.d.ts[0m:[93m5161[0m:[93m5[0m[39m
[31m    [7m5161[0m     contact: string[39m
[31m    [7m    [0m [96m    ~~~~~~~[0m[39m
[31m    'contact' is declared here.[39m
[31m  [96mnode_modules/.prisma/client/index.d.ts[0m:[93m1881[0m:[93m5[0m[39m
[31m    [7m1881[0m     create: XOR<UserCreateInput, UserUncheckedCreateInput>[39m
[31m    [7m    [0m [96m    ~~~~~~[0m[39m
[31m    The expected type comes from property 'create' which is declared here on type '{ select?: UserSelect; include?: UserInclude; where: UserWhereUniqueInput; create: (Without<UserCreateInput, UserUncheckedCreateInput> & UserUncheckedCreateInput) | (Without<...> & UserCreateInput); update: (Without<...> & UserUncheckedUpdateInput) | (Without<...> & UserUpdateInput); }'[39m

[31mTSError: тип Unable to compile TypeScript:[39m
[31m[96msource/controllers/Oauth.ts[0m:[93m47[0m:[93m13[0m - [91merror[0m[90m TS2322: [0mType '{ firstname: string; lastname: string; email: string; password: string; }' is not assignable to type '(Without<UserCreateInput, UserUncheckedCreateInput> & UserUncheckedCreateInput) | (Without<...> & UserCreateInput)'.[39m
[31m  Type '{ firstname: string; lastname: string; email: string; password: string; }' is not assignable to type 'Without<UserUncheckedCreateInput, UserCreateInput> & UserCreateInput'.[39m
[31m    Property 'contact' is missing in type '{ firstname: string; lastname: string; email: string; password: string; }' but required in type 'UserCreateInput'.[39m

[31m[7m47[0m             create: {[39m
[31m[7m  [0m [91m            ~~~~~~[0m[39m

[31m  [96mnode_modules/.prisma/client/index.d.ts[0m:[93m5161[0m:[93m5[0m[39m
[31m    [7m5161[0m     contact: string[39m
[31m    [7m    [0m [96m    ~~~~~~~[0m[39m
[31m    'contact' is declared here.[39m
[31m  [96mnode_modules/.prisma/client/index.d.ts[0m:[93m1881[0m:[93m5[0m[39m
[31m    [7m1881[0m     create: XOR<UserCreateInput, UserUncheckedCreateInput>[39m
[31m    [7m    [0m [96m    ~~~~~~[0m[39m
[31m    The expected type comes from property 'create' which is declared here on type '{ select?: UserSelect; include?: UserInclude; where: UserWhereUniqueInput; create: (Without<UserCreateInput, UserUncheckedCreateInput> & UserUncheckedCreateInput) | (Without<...> & UserCreateInput); update: (Without<...> & UserUncheckedUpdateInput) | (Without<...> & UserUpdateInput); }'[39m

[31m    at createTSError (C:\Users\KUYE_HARRY\Desktop\COOK\EventBookingApi\node_modules\ts-node\src\index.ts:859:12)[39m
[31m    at reportTSError (C:\Users\KUYE_HARRY\Desktop\COOK\EventBookingApi\node_modules\ts-node\src\index.ts:863:19)[39m
[31m    at getOutput (C:\Users\KUYE_HARRY\Desktop\COOK\EventBookingApi\node_modules\ts-node\src\index.ts:1077:36)[39m
[31m    at Object.compile (C:\Users\KUYE_HARRY\Desktop\COOK\EventBookingApi\node_modules\ts-node\src\index.ts:1433:41)[39m
[31m    at Module.m._compile (C:\Users\KUYE_HARRY\Desktop\COOK\EventBookingApi\node_modules\ts-node\src\index.ts:1617:30)[39m
[31m    at Module._extensions..js (node:internal/modules/cjs/loader:1213:10)[39m
[31m    at Object.require.extensions.<computed> [as .ts] (C:\Users\KUYE_HARRY\Desktop\COOK\EventBookingApi\node_modules\ts-node\src\index.ts:1621:12)[39m
[31m    at Module.load (node:internal/modules/cjs/loader:1037:32)[39m
[31m    at Function.Module._load (node:internal/modules/cjs/loader:878:12)[39m
[31m    at Module.require (node:internal/modules/cjs/loader:1061:19)[39m
2023-03-20 16:11:22 [31merror[39m: [31muncaughtException: тип Unable to compile TypeScript:[39m
[31m[96msource/controllers/Oauth.ts[0m:[93m47[0m:[93m13[0m - [91merror[0m[90m TS2322: [0mType '{ firstname: string; lastname: string; email: string; password: string; }' is not assignable to type '(Without<UserCreateInput, UserUncheckedCreateInput> & UserUncheckedCreateInput) | (Without<...> & UserCreateInput)'.[39m
[31m  Type '{ firstname: string; lastname: string; email: string; password: string; }' is not assignable to type 'Without<UserUncheckedCreateInput, UserCreateInput> & UserCreateInput'.[39m
[31m    Property 'contact' is missing in type '{ firstname: string; lastname: string; email: string; password: string; }' but required in type 'UserCreateInput'.[39m

[31m[7m47[0m             create: {[39m
[31m[7m  [0m [91m            ~~~~~~[0m[39m

[31m  [96mnode_modules/.prisma/client/index.d.ts[0m:[93m5161[0m:[93m5[0m[39m
[31m    [7m5161[0m     contact: string[39m
[31m    [7m    [0m [96m    ~~~~~~~[0m[39m
[31m    'contact' is declared here.[39m
[31m  [96mnode_modules/.prisma/client/index.d.ts[0m:[93m1881[0m:[93m5[0m[39m
[31m    [7m1881[0m     create: XOR<UserCreateInput, UserUncheckedCreateInput>[39m
[31m    [7m    [0m [96m    ~~~~~~[0m[39m
[31m    The expected type comes from property 'create' which is declared here on type '{ select?: UserSelect; include?: UserInclude; where: UserWhereUniqueInput; create: (Without<UserCreateInput, UserUncheckedCreateInput> & UserUncheckedCreateInput) | (Without<...> & UserCreateInput); update: (Without<...> & UserUncheckedUpdateInput) | (Without<...> & UserUpdateInput); }'[39m

[31mTSError: тип Unable to compile TypeScript:[39m
[31m[96msource/controllers/Oauth.ts[0m:[93m47[0m:[93m13[0m - [91merror[0m[90m TS2322: [0mType '{ firstname: string; lastname: string; email: string; password: string; }' is not assignable to type '(Without<UserCreateInput, UserUncheckedCreateInput> & UserUncheckedCreateInput) | (Without<...> & UserCreateInput)'.[39m
[31m  Type '{ firstname: string; lastname: string; email: string; password: string; }' is not assignable to type 'Without<UserUncheckedCreateInput, UserCreateInput> & UserCreateInput'.[39m
[31m    Property 'contact' is missing in type '{ firstname: string; lastname: string; email: string; password: string; }' but required in type 'UserCreateInput'.[39m

[31m[7m47[0m             create: {[39m
[31m[7m  [0m [91m            ~~~~~~[0m[39m

[31m  [96mnode_modules/.prisma/client/index.d.ts[0m:[93m5161[0m:[93m5[0m[39m
[31m    [7m5161[0m     contact: string[39m
[31m    [7m    [0m [96m    ~~~~~~~[0m[39m
[31m    'contact' is declared here.[39m
[31m  [96mnode_modules/.prisma/client/index.d.ts[0m:[93m1881[0m:[93m5[0m[39m
[31m    [7m1881[0m     create: XOR<UserCreateInput, UserUncheckedCreateInput>[39m
[31m    [7m    [0m [96m    ~~~~~~[0m[39m
[31m    The expected type comes from property 'create' which is declared here on type '{ select?: UserSelect; include?: UserInclude; where: UserWhereUniqueInput; create: (Without<UserCreateInput, UserUncheckedCreateInput> & UserUncheckedCreateInput) | (Without<...> & UserCreateInput); update: (Without<...> & UserUncheckedUpdateInput) | (Without<...> & UserUpdateInput); }'[39m

[31m    at createTSError (C:\Users\KUYE_HARRY\Desktop\COOK\EventBookingApi\node_modules\ts-node\src\index.ts:859:12)[39m
[31m    at reportTSError (C:\Users\KUYE_HARRY\Desktop\COOK\EventBookingApi\node_modules\ts-node\src\index.ts:863:19)[39m
[31m    at getOutput (C:\Users\KUYE_HARRY\Desktop\COOK\EventBookingApi\node_modules\ts-node\src\index.ts:1077:36)[39m
[31m    at Object.compile (C:\Users\KUYE_HARRY\Desktop\COOK\EventBookingApi\node_modules\ts-node\src\index.ts:1433:41)[39m
[31m    at Module.m._compile (C:\Users\KUYE_HARRY\Desktop\COOK\EventBookingApi\node_modules\ts-node\src\index.ts:1617:30)[39m
[31m    at Module._extensions..js (node:internal/modules/cjs/loader:1213:10)[39m
[31m    at Object.require.extensions.<computed> [as .ts] (C:\Users\KUYE_HARRY\Desktop\COOK\EventBookingApi\node_modules\ts-node\src\index.ts:1621:12)[39m
[31m    at Module.load (node:internal/modules/cjs/loader:1037:32)[39m
[31m    at Function.Module._load (node:internal/modules/cjs/loader:878:12)[39m
[31m    at Module.require (node:internal/modules/cjs/loader:1061:19)[39m
2023-03-20 16:11:22 [31merror[39m: [31muncaughtException: тип Unable to compile TypeScript:[39m
[31m[96msource/controllers/Oauth.ts[0m:[93m47[0m:[93m13[0m - [91merror[0m[90m TS2322: [0mType '{ firstname: string; lastname: string; email: string; password: string; }' is not assignable to type '(Without<UserCreateInput, UserUncheckedCreateInput> & UserUncheckedCreateInput) | (Without<...> & UserCreateInput)'.[39m
[31m  Type '{ firstname: string; lastname: string; email: string; password: string; }' is not assignable to type 'Without<UserUncheckedCreateInput, UserCreateInput> & UserCreateInput'.[39m
[31m    Property 'contact' is missing in type '{ firstname: string; lastname: string; email: string; password: string; }' but required in type 'UserCreateInput'.[39m

[31m[7m47[0m             create: {[39m
[31m[7m  [0m [91m            ~~~~~~[0m[39m

[31m  [96mnode_modules/.prisma/client/index.d.ts[0m:[93m5161[0m:[93m5[0m[39m
[31m    [7m5161[0m     contact: string[39m
[31m    [7m    [0m [96m    ~~~~~~~[0m[39m
[31m    'contact' is declared here.[39m
[31m  [96mnode_modules/.prisma/client/index.d.ts[0m:[93m1881[0m:[93m5[0m[39m
[31m    [7m1881[0m     create: XOR<UserCreateInput, UserUncheckedCreateInput>[39m
[31m    [7m    [0m [96m    ~~~~~~[0m[39m
[31m    The expected type comes from property 'create' which is declared here on type '{ select?: UserSelect; include?: UserInclude; where: UserWhereUniqueInput; create: (Without<UserCreateInput, UserUncheckedCreateInput> & UserUncheckedCreateInput) | (Without<...> & UserCreateInput); update: (Without<...> & UserUncheckedUpdateInput) | (Without<...> & UserUpdateInput); }'[39m

[31mTSError: тип Unable to compile TypeScript:[39m
[31m[96msource/controllers/Oauth.ts[0m:[93m47[0m:[93m13[0m - [91merror[0m[90m TS2322: [0mType '{ firstname: string; lastname: string; email: string; password: string; }' is not assignable to type '(Without<UserCreateInput, UserUncheckedCreateInput> & UserUncheckedCreateInput) | (Without<...> & UserCreateInput)'.[39m
[31m  Type '{ firstname: string; lastname: string; email: string; password: string; }' is not assignable to type 'Without<UserUncheckedCreateInput, UserCreateInput> & UserCreateInput'.[39m
[31m    Property 'contact' is missing in type '{ firstname: string; lastname: string; email: string; password: string; }' but required in type 'UserCreateInput'.[39m

[31m[7m47[0m             create: {[39m
[31m[7m  [0m [91m            ~~~~~~[0m[39m

[31m  [96mnode_modules/.prisma/client/index.d.ts[0m:[93m5161[0m:[93m5[0m[39m
[31m    [7m5161[0m     contact: string[39m
[31m    [7m    [0m [96m    ~~~~~~~[0m[39m
[31m    'contact' is declared here.[39m
[31m  [96mnode_modules/.prisma/client/index.d.ts[0m:[93m1881[0m:[93m5[0m[39m
[31m    [7m1881[0m     create: XOR<UserCreateInput, UserUncheckedCreateInput>[39m
[31m    [7m    [0m [96m    ~~~~~~[0m[39m
[31m    The expected type comes from property 'create' which is declared here on type '{ select?: UserSelect; include?: UserInclude; where: UserWhereUniqueInput; create: (Without<UserCreateInput, UserUncheckedCreateInput> & UserUncheckedCreateInput) | (Without<...> & UserCreateInput); update: (Without<...> & UserUncheckedUpdateInput) | (Without<...> & UserUpdateInput); }'[39m

[31m    at createTSError (C:\Users\KUYE_HARRY\Desktop\COOK\EventBookingApi\node_modules\ts-node\src\index.ts:859:12)[39m
[31m    at reportTSError (C:\Users\KUYE_HARRY\Desktop\COOK\EventBookingApi\node_modules\ts-node\src\index.ts:863:19)[39m
[31m    at getOutput (C:\Users\KUYE_HARRY\Desktop\COOK\EventBookingApi\node_modules\ts-node\src\index.ts:1077:36)[39m
[31m    at Object.compile (C:\Users\KUYE_HARRY\Desktop\COOK\EventBookingApi\node_modules\ts-node\src\index.ts:1433:41)[39m
[31m    at Module.m._compile (C:\Users\KUYE_HARRY\Desktop\COOK\EventBookingApi\node_modules\ts-node\src\index.ts:1617:30)[39m
[31m    at Module._extensions..js (node:internal/modules/cjs/loader:1213:10)[39m
[31m    at Object.require.extensions.<computed> [as .ts] (C:\Users\KUYE_HARRY\Desktop\COOK\EventBookingApi\node_modules\ts-node\src\index.ts:1621:12)[39m
[31m    at Module.load (node:internal/modules/cjs/loader:1037:32)[39m
[31m    at Function.Module._load (node:internal/modules/cjs/loader:878:12)[39m
[31m    at Module.require (node:internal/modules/cjs/loader:1061:19)[39m
2023-03-20 16:12:57 [31merror[39m: [31muncaughtException: тип Unable to compile TypeScript:[39m
[31m[96msource/controllers/Oauth.ts[0m:[93m47[0m:[93m13[0m - [91merror[0m[90m TS2322: [0mType '{ firstname: string; lastname: string; email: string; password: string; }' is not assignable to type '(Without<UserCreateInput, UserUncheckedCreateInput> & UserUncheckedCreateInput) | (Without<...> & UserCreateInput)'.[39m
[31m  Type '{ firstname: string; lastname: string; email: string; password: string; }' is not assignable to type 'Without<UserUncheckedCreateInput, UserCreateInput> & UserCreateInput'.[39m
[31m    Property 'contact' is missing in type '{ firstname: string; lastname: string; email: string; password: string; }' but required in type 'UserCreateInput'.[39m

[31m[7m47[0m             create: {[39m
[31m[7m  [0m [91m            ~~~~~~[0m[39m

[31m  [96mnode_modules/.prisma/client/index.d.ts[0m:[93m5161[0m:[93m5[0m[39m
[31m    [7m5161[0m     contact: string[39m
[31m    [7m    [0m [96m    ~~~~~~~[0m[39m
[31m    'contact' is declared here.[39m
[31m  [96mnode_modules/.prisma/client/index.d.ts[0m:[93m1881[0m:[93m5[0m[39m
[31m    [7m1881[0m     create: XOR<UserCreateInput, UserUncheckedCreateInput>[39m
[31m    [7m    [0m [96m    ~~~~~~[0m[39m
[31m    The expected type comes from property 'create' which is declared here on type '{ select?: UserSelect; include?: UserInclude; where: UserWhereUniqueInput; create: (Without<UserCreateInput, UserUncheckedCreateInput> & UserUncheckedCreateInput) | (Without<...> & UserCreateInput); update: (Without<...> & UserUncheckedUpdateInput) | (Without<...> & UserUpdateInput); }'[39m

[31mTSError: тип Unable to compile TypeScript:[39m
[31m[96msource/controllers/Oauth.ts[0m:[93m47[0m:[93m13[0m - [91merror[0m[90m TS2322: [0mType '{ firstname: string; lastname: string; email: string; password: string; }' is not assignable to type '(Without<UserCreateInput, UserUncheckedCreateInput> & UserUncheckedCreateInput) | (Without<...> & UserCreateInput)'.[39m
[31m  Type '{ firstname: string; lastname: string; email: string; password: string; }' is not assignable to type 'Without<UserUncheckedCreateInput, UserCreateInput> & UserCreateInput'.[39m
[31m    Property 'contact' is missing in type '{ firstname: string; lastname: string; email: string; password: string; }' but required in type 'UserCreateInput'.[39m

[31m[7m47[0m             create: {[39m
[31m[7m  [0m [91m            ~~~~~~[0m[39m

[31m  [96mnode_modules/.prisma/client/index.d.ts[0m:[93m5161[0m:[93m5[0m[39m
[31m    [7m5161[0m     contact: string[39m
[31m    [7m    [0m [96m    ~~~~~~~[0m[39m
[31m    'contact' is declared here.[39m
[31m  [96mnode_modules/.prisma/client/index.d.ts[0m:[93m1881[0m:[93m5[0m[39m
[31m    [7m1881[0m     create: XOR<UserCreateInput, UserUncheckedCreateInput>[39m
[31m    [7m    [0m [96m    ~~~~~~[0m[39m
[31m    The expected type comes from property 'create' which is declared here on type '{ select?: UserSelect; include?: UserInclude; where: UserWhereUniqueInput; create: (Without<UserCreateInput, UserUncheckedCreateInput> & UserUncheckedCreateInput) | (Without<...> & UserCreateInput); update: (Without<...> & UserUncheckedUpdateInput) | (Without<...> & UserUpdateInput); }'[39m

[31m    at createTSError (C:\Users\KUYE_HARRY\Desktop\COOK\EventBookingApi\node_modules\ts-node\src\index.ts:859:12)[39m
[31m    at reportTSError (C:\Users\KUYE_HARRY\Desktop\COOK\EventBookingApi\node_modules\ts-node\src\index.ts:863:19)[39m
[31m    at getOutput (C:\Users\KUYE_HARRY\Desktop\COOK\EventBookingApi\node_modules\ts-node\src\index.ts:1077:36)[39m
[31m    at Object.compile (C:\Users\KUYE_HARRY\Desktop\COOK\EventBookingApi\node_modules\ts-node\src\index.ts:1433:41)[39m
[31m    at Module.m._compile (C:\Users\KUYE_HARRY\Desktop\COOK\EventBookingApi\node_modules\ts-node\src\index.ts:1617:30)[39m
[31m    at Module._extensions..js (node:internal/modules/cjs/loader:1213:10)[39m
[31m    at Object.require.extensions.<computed> [as .ts] (C:\Users\KUYE_HARRY\Desktop\COOK\EventBookingApi\node_modules\ts-node\src\index.ts:1621:12)[39m
[31m    at Module.load (node:internal/modules/cjs/loader:1037:32)[39m
[31m    at Function.Module._load (node:internal/modules/cjs/loader:878:12)[39m
[31m    at Module.require (node:internal/modules/cjs/loader:1061:19)[39m
2023-03-20 16:12:57 [31merror[39m: [31muncaughtException: тип Unable to compile TypeScript:[39m
[31m[96msource/controllers/Oauth.ts[0m:[93m47[0m:[93m13[0m - [91merror[0m[90m TS2322: [0mType '{ firstname: string; lastname: string; email: string; password: string; }' is not assignable to type '(Without<UserCreateInput, UserUncheckedCreateInput> & UserUncheckedCreateInput) | (Without<...> & UserCreateInput)'.[39m
[31m  Type '{ firstname: string; lastname: string; email: string; password: string; }' is not assignable to type 'Without<UserUncheckedCreateInput, UserCreateInput> & UserCreateInput'.[39m
[31m    Property 'contact' is missing in type '{ firstname: string; lastname: string; email: string; password: string; }' but required in type 'UserCreateInput'.[39m

[31m[7m47[0m             create: {[39m
[31m[7m  [0m [91m            ~~~~~~[0m[39m

[31m  [96mnode_modules/.prisma/client/index.d.ts[0m:[93m5161[0m:[93m5[0m[39m
[31m    [7m5161[0m     contact: string[39m
[31m    [7m    [0m [96m    ~~~~~~~[0m[39m
[31m    'contact' is declared here.[39m
[31m  [96mnode_modules/.prisma/client/index.d.ts[0m:[93m1881[0m:[93m5[0m[39m
[31m    [7m1881[0m     create: XOR<UserCreateInput, UserUncheckedCreateInput>[39m
[31m    [7m    [0m [96m    ~~~~~~[0m[39m
[31m    The expected type comes from property 'create' which is declared here on type '{ select?: UserSelect; include?: UserInclude; where: UserWhereUniqueInput; create: (Without<UserCreateInput, UserUncheckedCreateInput> & UserUncheckedCreateInput) | (Without<...> & UserCreateInput); update: (Without<...> & UserUncheckedUpdateInput) | (Without<...> & UserUpdateInput); }'[39m

[31mTSError: тип Unable to compile TypeScript:[39m
[31m[96msource/controllers/Oauth.ts[0m:[93m47[0m:[93m13[0m - [91merror[0m[90m TS2322: [0mType '{ firstname: string; lastname: string; email: string; password: string; }' is not assignable to type '(Without<UserCreateInput, UserUncheckedCreateInput> & UserUncheckedCreateInput) | (Without<...> & UserCreateInput)'.[39m
[31m  Type '{ firstname: string; lastname: string; email: string; password: string; }' is not assignable to type 'Without<UserUncheckedCreateInput, UserCreateInput> & UserCreateInput'.[39m
[31m    Property 'contact' is missing in type '{ firstname: string; lastname: string; email: string; password: string; }' but required in type 'UserCreateInput'.[39m

[31m[7m47[0m             create: {[39m
[31m[7m  [0m [91m            ~~~~~~[0m[39m

[31m  [96mnode_modules/.prisma/client/index.d.ts[0m:[93m5161[0m:[93m5[0m[39m
[31m    [7m5161[0m     contact: string[39m
[31m    [7m    [0m [96m    ~~~~~~~[0m[39m
[31m    'contact' is declared here.[39m
[31m  [96mnode_modules/.prisma/client/index.d.ts[0m:[93m1881[0m:[93m5[0m[39m
[31m    [7m1881[0m     create: XOR<UserCreateInput, UserUncheckedCreateInput>[39m
[31m    [7m    [0m [96m    ~~~~~~[0m[39m
[31m    The expected type comes from property 'create' which is declared here on type '{ select?: UserSelect; include?: UserInclude; where: UserWhereUniqueInput; create: (Without<UserCreateInput, UserUncheckedCreateInput> & UserUncheckedCreateInput) | (Without<...> & UserCreateInput); update: (Without<...> & UserUncheckedUpdateInput) | (Without<...> & UserUpdateInput); }'[39m

[31m    at createTSError (C:\Users\KUYE_HARRY\Desktop\COOK\EventBookingApi\node_modules\ts-node\src\index.ts:859:12)[39m
[31m    at reportTSError (C:\Users\KUYE_HARRY\Desktop\COOK\EventBookingApi\node_modules\ts-node\src\index.ts:863:19)[39m
[31m    at getOutput (C:\Users\KUYE_HARRY\Desktop\COOK\EventBookingApi\node_modules\ts-node\src\index.ts:1077:36)[39m
[31m    at Object.compile (C:\Users\KUYE_HARRY\Desktop\COOK\EventBookingApi\node_modules\ts-node\src\index.ts:1433:41)[39m
[31m    at Module.m._compile (C:\Users\KUYE_HARRY\Desktop\COOK\EventBookingApi\node_modules\ts-node\src\index.ts:1617:30)[39m
[31m    at Module._extensions..js (node:internal/modules/cjs/loader:1213:10)[39m
[31m    at Object.require.extensions.<computed> [as .ts] (C:\Users\KUYE_HARRY\Desktop\COOK\EventBookingApi\node_modules\ts-node\src\index.ts:1621:12)[39m
[31m    at Module.load (node:internal/modules/cjs/loader:1037:32)[39m
[31m    at Function.Module._load (node:internal/modules/cjs/loader:878:12)[39m
[31m    at Module.require (node:internal/modules/cjs/loader:1061:19)[39m
2023-03-20 16:23:28 [31merror[39m: [31muncaughtException: тип Unable to compile TypeScript:[39m
[31m[96msource/controllers/Oauth.ts[0m:[93m47[0m:[93m13[0m - [91merror[0m[90m TS2322: [0mType '{ firstname: string; lastname: string; email: string; password: string; }' is not assignable to type '(Without<UserCreateInput, UserUncheckedCreateInput> & UserUncheckedCreateInput) | (Without<...> & UserCreateInput)'.[39m
[31m  Type '{ firstname: string; lastname: string; email: string; password: string; }' is not assignable to type 'Without<UserUncheckedCreateInput, UserCreateInput> & UserCreateInput'.[39m
[31m    Property 'contact' is missing in type '{ firstname: string; lastname: string; email: string; password: string; }' but required in type 'UserCreateInput'.[39m

[31m[7m47[0m             create: {[39m
[31m[7m  [0m [91m            ~~~~~~[0m[39m

[31m  [96mnode_modules/.prisma/client/index.d.ts[0m:[93m5161[0m:[93m5[0m[39m
[31m    [7m5161[0m     contact: string[39m
[31m    [7m    [0m [96m    ~~~~~~~[0m[39m
[31m    'contact' is declared here.[39m
[31m  [96mnode_modules/.prisma/client/index.d.ts[0m:[93m1881[0m:[93m5[0m[39m
[31m    [7m1881[0m     create: XOR<UserCreateInput, UserUncheckedCreateInput>[39m
[31m    [7m    [0m [96m    ~~~~~~[0m[39m
[31m    The expected type comes from property 'create' which is declared here on type '{ select?: UserSelect; include?: UserInclude; where: UserWhereUniqueInput; create: (Without<UserCreateInput, UserUncheckedCreateInput> & UserUncheckedCreateInput) | (Without<...> & UserCreateInput); update: (Without<...> & UserUncheckedUpdateInput) | (Without<...> & UserUpdateInput); }'[39m

[31mTSError: тип Unable to compile TypeScript:[39m
[31m[96msource/controllers/Oauth.ts[0m:[93m47[0m:[93m13[0m - [91merror[0m[90m TS2322: [0mType '{ firstname: string; lastname: string; email: string; password: string; }' is not assignable to type '(Without<UserCreateInput, UserUncheckedCreateInput> & UserUncheckedCreateInput) | (Without<...> & UserCreateInput)'.[39m
[31m  Type '{ firstname: string; lastname: string; email: string; password: string; }' is not assignable to type 'Without<UserUncheckedCreateInput, UserCreateInput> & UserCreateInput'.[39m
[31m    Property 'contact' is missing in type '{ firstname: string; lastname: string; email: string; password: string; }' but required in type 'UserCreateInput'.[39m

[31m[7m47[0m             create: {[39m
[31m[7m  [0m [91m            ~~~~~~[0m[39m

[31m  [96mnode_modules/.prisma/client/index.d.ts[0m:[93m5161[0m:[93m5[0m[39m
[31m    [7m5161[0m     contact: string[39m
[31m    [7m    [0m [96m    ~~~~~~~[0m[39m
[31m    'contact' is declared here.[39m
[31m  [96mnode_modules/.prisma/client/index.d.ts[0m:[93m1881[0m:[93m5[0m[39m
[31m    [7m1881[0m     create: XOR<UserCreateInput, UserUncheckedCreateInput>[39m
[31m    [7m    [0m [96m    ~~~~~~[0m[39m
[31m    The expected type comes from property 'create' which is declared here on type '{ select?: UserSelect; include?: UserInclude; where: UserWhereUniqueInput; create: (Without<UserCreateInput, UserUncheckedCreateInput> & UserUncheckedCreateInput) | (Without<...> & UserCreateInput); update: (Without<...> & UserUncheckedUpdateInput) | (Without<...> & UserUpdateInput); }'[39m

[31m    at createTSError (C:\Users\KUYE_HARRY\Desktop\COOK\EventBookingApi\node_modules\ts-node\src\index.ts:859:12)[39m
[31m    at reportTSError (C:\Users\KUYE_HARRY\Desktop\COOK\EventBookingApi\node_modules\ts-node\src\index.ts:863:19)[39m
[31m    at getOutput (C:\Users\KUYE_HARRY\Desktop\COOK\EventBookingApi\node_modules\ts-node\src\index.ts:1077:36)[39m
[31m    at Object.compile (C:\Users\KUYE_HARRY\Desktop\COOK\EventBookingApi\node_modules\ts-node\src\index.ts:1433:41)[39m
[31m    at Module.m._compile (C:\Users\KUYE_HARRY\Desktop\COOK\EventBookingApi\node_modules\ts-node\src\index.ts:1617:30)[39m
[31m    at Module._extensions..js (node:internal/modules/cjs/loader:1213:10)[39m
[31m    at Object.require.extensions.<computed> [as .ts] (C:\Users\KUYE_HARRY\Desktop\COOK\EventBookingApi\node_modules\ts-node\src\index.ts:1621:12)[39m
[31m    at Module.load (node:internal/modules/cjs/loader:1037:32)[39m
[31m    at Function.Module._load (node:internal/modules/cjs/loader:878:12)[39m
[31m    at Module.require (node:internal/modules/cjs/loader:1061:19)[39m
2023-03-20 16:23:28 [31merror[39m: [31muncaughtException: тип Unable to compile TypeScript:[39m
[31m[96msource/controllers/Oauth.ts[0m:[93m47[0m:[93m13[0m - [91merror[0m[90m TS2322: [0mType '{ firstname: string; lastname: string; email: string; password: string; }' is not assignable to type '(Without<UserCreateInput, UserUncheckedCreateInput> & UserUncheckedCreateInput) | (Without<...> & UserCreateInput)'.[39m
[31m  Type '{ firstname: string; lastname: string; email: string; password: string; }' is not assignable to type 'Without<UserUncheckedCreateInput, UserCreateInput> & UserCreateInput'.[39m
[31m    Property 'contact' is missing in type '{ firstname: string; lastname: string; email: string; password: string; }' but required in type 'UserCreateInput'.[39m

[31m[7m47[0m             create: {[39m
[31m[7m  [0m [91m            ~~~~~~[0m[39m

[31m  [96mnode_modules/.prisma/client/index.d.ts[0m:[93m5161[0m:[93m5[0m[39m
[31m    [7m5161[0m     contact: string[39m
[31m    [7m    [0m [96m    ~~~~~~~[0m[39m
[31m    'contact' is declared here.[39m
[31m  [96mnode_modules/.prisma/client/index.d.ts[0m:[93m1881[0m:[93m5[0m[39m
[31m    [7m1881[0m     create: XOR<UserCreateInput, UserUncheckedCreateInput>[39m
[31m    [7m    [0m [96m    ~~~~~~[0m[39m
[31m    The expected type comes from property 'create' which is declared here on type '{ select?: UserSelect; include?: UserInclude; where: UserWhereUniqueInput; create: (Without<UserCreateInput, UserUncheckedCreateInput> & UserUncheckedCreateInput) | (Without<...> & UserCreateInput); update: (Without<...> & UserUncheckedUpdateInput) | (Without<...> & UserUpdateInput); }'[39m

[31mTSError: тип Unable to compile TypeScript:[39m
[31m[96msource/controllers/Oauth.ts[0m:[93m47[0m:[93m13[0m - [91merror[0m[90m TS2322: [0mType '{ firstname: string; lastname: string; email: string; password: string; }' is not assignable to type '(Without<UserCreateInput, UserUncheckedCreateInput> & UserUncheckedCreateInput) | (Without<...> & UserCreateInput)'.[39m
[31m  Type '{ firstname: string; lastname: string; email: string; password: string; }' is not assignable to type 'Without<UserUncheckedCreateInput, UserCreateInput> & UserCreateInput'.[39m
[31m    Property 'contact' is missing in type '{ firstname: string; lastname: string; email: string; password: string; }' but required in type 'UserCreateInput'.[39m

[31m[7m47[0m             create: {[39m
[31m[7m  [0m [91m            ~~~~~~[0m[39m

[31m  [96mnode_modules/.prisma/client/index.d.ts[0m:[93m5161[0m:[93m5[0m[39m
[31m    [7m5161[0m     contact: string[39m
[31m    [7m    [0m [96m    ~~~~~~~[0m[39m
[31m    'contact' is declared here.[39m
[31m  [96mnode_modules/.prisma/client/index.d.ts[0m:[93m1881[0m:[93m5[0m[39m
[31m    [7m1881[0m     create: XOR<UserCreateInput, UserUncheckedCreateInput>[39m
[31m    [7m    [0m [96m    ~~~~~~[0m[39m
[31m    The expected type comes from property 'create' which is declared here on type '{ select?: UserSelect; include?: UserInclude; where: UserWhereUniqueInput; create: (Without<UserCreateInput, UserUncheckedCreateInput> & UserUncheckedCreateInput) | (Without<...> & UserCreateInput); update: (Without<...> & UserUncheckedUpdateInput) | (Without<...> & UserUpdateInput); }'[39m

[31m    at createTSError (C:\Users\KUYE_HARRY\Desktop\COOK\EventBookingApi\node_modules\ts-node\src\index.ts:859:12)[39m
[31m    at reportTSError (C:\Users\KUYE_HARRY\Desktop\COOK\EventBookingApi\node_modules\ts-node\src\index.ts:863:19)[39m
[31m    at getOutput (C:\Users\KUYE_HARRY\Desktop\COOK\EventBookingApi\node_modules\ts-node\src\index.ts:1077:36)[39m
[31m    at Object.compile (C:\Users\KUYE_HARRY\Desktop\COOK\EventBookingApi\node_modules\ts-node\src\index.ts:1433:41)[39m
[31m    at Module.m._compile (C:\Users\KUYE_HARRY\Desktop\COOK\EventBookingApi\node_modules\ts-node\src\index.ts:1617:30)[39m
[31m    at Module._extensions..js (node:internal/modules/cjs/loader:1213:10)[39m
[31m    at Object.require.extensions.<computed> [as .ts] (C:\Users\KUYE_HARRY\Desktop\COOK\EventBookingApi\node_modules\ts-node\src\index.ts:1621:12)[39m
[31m    at Module.load (node:internal/modules/cjs/loader:1037:32)[39m
[31m    at Function.Module._load (node:internal/modules/cjs/loader:878:12)[39m
[31m    at Module.require (node:internal/modules/cjs/loader:1061:19)[39m
